<?xml version="1.0" encoding="UTF-8"?>
<testsuites name="Mocha Tests" time="5.2930" tests="17" failures="5">
  <testsuite name="Root Suite" timestamp="2021-07-06T16:17:57" tests="0" file="cypress/integration/requests.spec.js" time="0.0000" failures="0">
  </testsuite>
  <testsuite name="Try requests against EHRbase" timestamp="2021-07-06T16:17:57" tests="17" time="5.2930" failures="5">
    <testcase name="Try requests against EHRbase {&quot;vitals.v0/category|code&quot;:&quot;433&quot;,&quot;vitals.v0/category|value&quot;:&quot;event&quot;,&quot;vitals.v0/category|terminology&quot;:&quot;openehr&quot;,&quot;vitals.v0/context/start_time&quot;:&quot;2021-07-06T16:17:49.506Z&quot;,&quot;vitals.v0/context/setting|code&quot;:&quot;238&quot;,&quot;vitals.v0/context/setting|value&quot;:&quot;other care&quot;,&quot;vitals.v0/context/setting|terminology&quot;:&quot;openehr&quot;,&quot;vitals.v0/vitals/body_temperature/any_event:0/temperature|unit&quot;:&quot;[degF]&quot;,&quot;vitals.v0/vitals/body_temperature/any_event:0/temperature|magnitude&quot;:31,&quot;vitals.v0/vitals/body_temperature/any_event:0/time&quot;:&quot;2021-07-06T16:17:49.506Z&quot;,&quot;vitals.v0/vitals/body_temperature/language|code&quot;:&quot;en&quot;,&quot;vitals.v0/vitals/body_temperature/language|terminology&quot;:&quot;ISO_639-1&quot;,&quot;vitals.v0/vitals/body_temperature/encoding|code&quot;:&quot;UTF-8&quot;,&quot;vitals.v0/vitals/body_temperature/encoding|terminology&quot;:&quot;IANA_character-sets&quot;,&quot;vitals.v0/vitals/pulse_oximetry/any_event:0/inspired_oxygen/on_air&quot;:false,&quot;vitals.v0/vitals/pulse_oximetry/any_event:0/time&quot;:&quot;2021-07-06T16:17:49.506Z&quot;,&quot;vitals.v0/vitals/pulse_oximetry/language|code&quot;:&quot;en&quot;,&quot;vitals.v0/vitals/pulse_oximetry/language|terminology&quot;:&quot;ISO_639-1&quot;,&quot;vitals.v0/vitals/pulse_oximetry/encoding|code&quot;:&quot;UTF-8&quot;,&quot;vitals.v0/vitals/pulse_oximetry/encoding|terminology&quot;:&quot;IANA_character-sets&quot;,&quot;vitals.v0/composer|name&quot;:&quot;Medblocks UI&quot;,&quot;vitals.v0/language|code&quot;:&quot;en&quot;,&quot;vitals.v0/language|terminology&quot;:&quot;ISO_639-1&quot;,&quot;vitals.v0/territory|code&quot;:&quot;IN&quot;,&quot;vitals.v0/territory|terminology&quot;:&quot;ISO_3166-1&quot;}" time="0.0000" classname="{&quot;vitals.v0/category|code&quot;:&quot;433&quot;,&quot;vitals.v0/category|value&quot;:&quot;event&quot;,&quot;vitals.v0/category|terminology&quot;:&quot;openehr&quot;,&quot;vitals.v0/context/start_time&quot;:&quot;2021-07-06T16:17:49.506Z&quot;,&quot;vitals.v0/context/setting|code&quot;:&quot;238&quot;,&quot;vitals.v0/context/setting|value&quot;:&quot;other care&quot;,&quot;vitals.v0/context/setting|terminology&quot;:&quot;openehr&quot;,&quot;vitals.v0/vitals/body_temperature/any_event:0/temperature|unit&quot;:&quot;[degF]&quot;,&quot;vitals.v0/vitals/body_temperature/any_event:0/temperature|magnitude&quot;:31,&quot;vitals.v0/vitals/body_temperature/any_event:0/time&quot;:&quot;2021-07-06T16:17:49.506Z&quot;,&quot;vitals.v0/vitals/body_temperature/language|code&quot;:&quot;en&quot;,&quot;vitals.v0/vitals/body_temperature/language|terminology&quot;:&quot;ISO_639-1&quot;,&quot;vitals.v0/vitals/body_temperature/encoding|code&quot;:&quot;UTF-8&quot;,&quot;vitals.v0/vitals/body_temperature/encoding|terminology&quot;:&quot;IANA_character-sets&quot;,&quot;vitals.v0/vitals/pulse_oximetry/any_event:0/inspired_oxygen/on_air&quot;:false,&quot;vitals.v0/vitals/pulse_oximetry/any_event:0/time&quot;:&quot;2021-07-06T16:17:49.506Z&quot;,&quot;vitals.v0/vitals/pulse_oximetry/language|code&quot;:&quot;en&quot;,&quot;vitals.v0/vitals/pulse_oximetry/language|terminology&quot;:&quot;ISO_639-1&quot;,&quot;vitals.v0/vitals/pulse_oximetry/encoding|code&quot;:&quot;UTF-8&quot;,&quot;vitals.v0/vitals/pulse_oximetry/encoding|terminology&quot;:&quot;IANA_character-sets&quot;,&quot;vitals.v0/composer|name&quot;:&quot;Medblocks UI&quot;,&quot;vitals.v0/language|code&quot;:&quot;en&quot;,&quot;vitals.v0/language|terminology&quot;:&quot;ISO_639-1&quot;,&quot;vitals.v0/territory|code&quot;:&quot;IN&quot;,&quot;vitals.v0/territory|terminology&quot;:&quot;ISO_3166-1&quot;}">
      <failure message="`cy.request()` timed out waiting `5000ms` for a response from your server.

The request we sent was:

Method: POST
URL: http://localhost:5001/ehrbase/rest/ecis/v1/composition

No response was received within the timeout.

https://on.cypress.io/request" type="CypressError"><![CDATA[CypressError: `cy.request()` timed out waiting `5000ms` for a response from your server.

The request we sent was:

Method: POST
URL: http://localhost:5001/ehrbase/rest/ecis/v1/composition

No response was received within the timeout.

https://on.cypress.io/request
    at http://localhost:63949/__cypress/runner/cypress_runner.js:140183:19
    at tryCatcher (http://localhost:63949/__cypress/runner/cypress_runner.js:10798:23)
    at http://localhost:63949/__cypress/runner/cypress_runner.js:5920:41
    at tryCatcher (http://localhost:63949/__cypress/runner/cypress_runner.js:10798:23)
    at Promise._settlePromiseFromHandler (http://localhost:63949/__cypress/runner/cypress_runner.js:8733:31)
    at Promise._settlePromise (http://localhost:63949/__cypress/runner/cypress_runner.js:8790:18)
    at Promise._settlePromise0 (http://localhost:63949/__cypress/runner/cypress_runner.js:8835:10)
    at Promise._settlePromises (http://localhost:63949/__cypress/runner/cypress_runner.js:8911:18)
    at _drainQueueStep (http://localhost:63949/__cypress/runner/cypress_runner.js:5505:12)
    at _drainQueue (http://localhost:63949/__cypress/runner/cypress_runner.js:5498:9)
    at Async.../../node_modules/bluebird/js/release/async.js.Async._drainQueues (http://localhost:63949/__cypress/runner/cypress_runner.js:5514:5)
    at Async.drainQueues (http://localhost:63949/__cypress/runner/cypress_runner.js:5384:14)
From Your Spec Code:
    at Context.eval (http://localhost:63949/__cypress/tests?p=cypress\integration\requests.spec.js:141:10)]]></failure>
    </testcase>
    <testcase name="Try requests against EHRbase {&quot;vitals.v0/category|code&quot;:&quot;433&quot;,&quot;vitals.v0/category|value&quot;:&quot;event&quot;,&quot;vitals.v0/category|terminology&quot;:&quot;openehr&quot;,&quot;vitals.v0/context/start_time&quot;:&quot;2021-07-06T16:17:49.506Z&quot;,&quot;vitals.v0/context/setting|code&quot;:&quot;238&quot;,&quot;vitals.v0/context/setting|value&quot;:&quot;other care&quot;,&quot;vitals.v0/context/setting|terminology&quot;:&quot;openehr&quot;,&quot;vitals.v0/vitals/body_temperature/any_event:0/temperature|unit&quot;:&quot;[degF]&quot;,&quot;vitals.v0/vitals/body_temperature/any_event:0/temperature|magnitude&quot;:31,&quot;vitals.v0/vitals/body_temperature/any_event:0/time&quot;:&quot;2021-07-06T16:17:49.506Z&quot;,&quot;vitals.v0/vitals/body_temperature/language|code&quot;:&quot;en&quot;,&quot;vitals.v0/vitals/body_temperature/language|terminology&quot;:&quot;ISO_639-1&quot;,&quot;vitals.v0/vitals/body_temperature/encoding|code&quot;:&quot;UTF-8&quot;,&quot;vitals.v0/vitals/body_temperature/encoding|terminology&quot;:&quot;IANA_character-sets&quot;,&quot;vitals.v0/vitals/blood_pressure/any_event:0/systolic|unit&quot;:&quot;mm[Hg]&quot;,&quot;vitals.v0/vitals/blood_pressure/any_event:0/systolic|magnitude&quot;:31,&quot;vitals.v0/vitals/blood_pressure/any_event:0/time&quot;:&quot;2021-07-06T16:17:49.509Z&quot;,&quot;vitals.v0/vitals/blood_pressure/language|code&quot;:&quot;en&quot;,&quot;vitals.v0/vitals/blood_pressure/language|terminology&quot;:&quot;ISO_639-1&quot;,&quot;vitals.v0/vitals/blood_pressure/encoding|code&quot;:&quot;UTF-8&quot;,&quot;vitals.v0/vitals/blood_pressure/encoding|terminology&quot;:&quot;IANA_character-sets&quot;,&quot;vitals.v0/vitals/pulse_oximetry/any_event:0/inspired_oxygen/on_air&quot;:false,&quot;vitals.v0/vitals/pulse_oximetry/any_event:0/time&quot;:&quot;2021-07-06T16:17:49.506Z&quot;,&quot;vitals.v0/vitals/pulse_oximetry/language|code&quot;:&quot;en&quot;,&quot;vitals.v0/vitals/pulse_oximetry/language|terminology&quot;:&quot;ISO_639-1&quot;,&quot;vitals.v0/vitals/pulse_oximetry/encoding|code&quot;:&quot;UTF-8&quot;,&quot;vitals.v0/vitals/pulse_oximetry/encoding|terminology&quot;:&quot;IANA_character-sets&quot;,&quot;vitals.v0/composer|name&quot;:&quot;Medblocks UI&quot;,&quot;vitals.v0/language|code&quot;:&quot;en&quot;,&quot;vitals.v0/language|terminology&quot;:&quot;ISO_639-1&quot;,&quot;vitals.v0/territory|code&quot;:&quot;IN&quot;,&quot;vitals.v0/territory|terminology&quot;:&quot;ISO_3166-1&quot;}" time="0.0000" classname="{&quot;vitals.v0/category|code&quot;:&quot;433&quot;,&quot;vitals.v0/category|value&quot;:&quot;event&quot;,&quot;vitals.v0/category|terminology&quot;:&quot;openehr&quot;,&quot;vitals.v0/context/start_time&quot;:&quot;2021-07-06T16:17:49.506Z&quot;,&quot;vitals.v0/context/setting|code&quot;:&quot;238&quot;,&quot;vitals.v0/context/setting|value&quot;:&quot;other care&quot;,&quot;vitals.v0/context/setting|terminology&quot;:&quot;openehr&quot;,&quot;vitals.v0/vitals/body_temperature/any_event:0/temperature|unit&quot;:&quot;[degF]&quot;,&quot;vitals.v0/vitals/body_temperature/any_event:0/temperature|magnitude&quot;:31,&quot;vitals.v0/vitals/body_temperature/any_event:0/time&quot;:&quot;2021-07-06T16:17:49.506Z&quot;,&quot;vitals.v0/vitals/body_temperature/language|code&quot;:&quot;en&quot;,&quot;vitals.v0/vitals/body_temperature/language|terminology&quot;:&quot;ISO_639-1&quot;,&quot;vitals.v0/vitals/body_temperature/encoding|code&quot;:&quot;UTF-8&quot;,&quot;vitals.v0/vitals/body_temperature/encoding|terminology&quot;:&quot;IANA_character-sets&quot;,&quot;vitals.v0/vitals/blood_pressure/any_event:0/systolic|unit&quot;:&quot;mm[Hg]&quot;,&quot;vitals.v0/vitals/blood_pressure/any_event:0/systolic|magnitude&quot;:31,&quot;vitals.v0/vitals/blood_pressure/any_event:0/time&quot;:&quot;2021-07-06T16:17:49.509Z&quot;,&quot;vitals.v0/vitals/blood_pressure/language|code&quot;:&quot;en&quot;,&quot;vitals.v0/vitals/blood_pressure/language|terminology&quot;:&quot;ISO_639-1&quot;,&quot;vitals.v0/vitals/blood_pressure/encoding|code&quot;:&quot;UTF-8&quot;,&quot;vitals.v0/vitals/blood_pressure/encoding|terminology&quot;:&quot;IANA_character-sets&quot;,&quot;vitals.v0/vitals/pulse_oximetry/any_event:0/inspired_oxygen/on_air&quot;:false,&quot;vitals.v0/vitals/pulse_oximetry/any_event:0/time&quot;:&quot;2021-07-06T16:17:49.506Z&quot;,&quot;vitals.v0/vitals/pulse_oximetry/language|code&quot;:&quot;en&quot;,&quot;vitals.v0/vitals/pulse_oximetry/language|terminology&quot;:&quot;ISO_639-1&quot;,&quot;vitals.v0/vitals/pulse_oximetry/encoding|code&quot;:&quot;UTF-8&quot;,&quot;vitals.v0/vitals/pulse_oximetry/encoding|terminology&quot;:&quot;IANA_character-sets&quot;,&quot;vitals.v0/composer|name&quot;:&quot;Medblocks UI&quot;,&quot;vitals.v0/language|code&quot;:&quot;en&quot;,&quot;vitals.v0/language|terminology&quot;:&quot;ISO_639-1&quot;,&quot;vitals.v0/territory|code&quot;:&quot;IN&quot;,&quot;vitals.v0/territory|terminology&quot;:&quot;ISO_3166-1&quot;}">
      <failure message="`cy.request()` timed out waiting `5000ms` for a response from your server.

The request we sent was:

Method: POST
URL: http://localhost:5001/ehrbase/rest/ecis/v1/composition

No response was received within the timeout.

https://on.cypress.io/request" type="CypressError"><![CDATA[CypressError: `cy.request()` timed out waiting `5000ms` for a response from your server.

The request we sent was:

Method: POST
URL: http://localhost:5001/ehrbase/rest/ecis/v1/composition

No response was received within the timeout.

https://on.cypress.io/request
    at http://localhost:63949/__cypress/runner/cypress_runner.js:140183:19
    at tryCatcher (http://localhost:63949/__cypress/runner/cypress_runner.js:10798:23)
    at http://localhost:63949/__cypress/runner/cypress_runner.js:5920:41
    at tryCatcher (http://localhost:63949/__cypress/runner/cypress_runner.js:10798:23)
    at Promise._settlePromiseFromHandler (http://localhost:63949/__cypress/runner/cypress_runner.js:8733:31)
    at Promise._settlePromise (http://localhost:63949/__cypress/runner/cypress_runner.js:8790:18)
    at Promise._settlePromise0 (http://localhost:63949/__cypress/runner/cypress_runner.js:8835:10)
    at Promise._settlePromises (http://localhost:63949/__cypress/runner/cypress_runner.js:8911:18)
    at _drainQueueStep (http://localhost:63949/__cypress/runner/cypress_runner.js:5505:12)
    at _drainQueue (http://localhost:63949/__cypress/runner/cypress_runner.js:5498:9)
    at Async.../../node_modules/bluebird/js/release/async.js.Async._drainQueues (http://localhost:63949/__cypress/runner/cypress_runner.js:5514:5)
    at Async.drainQueues (http://localhost:63949/__cypress/runner/cypress_runner.js:5384:14)
From Your Spec Code:
    at Context.eval (http://localhost:63949/__cypress/tests?p=cypress\integration\requests.spec.js:141:10)]]></failure>
    </testcase>
    <testcase name="Try requests against EHRbase {&quot;vitals.v0/category|code&quot;:&quot;433&quot;,&quot;vitals.v0/category|value&quot;:&quot;event&quot;,&quot;vitals.v0/category|terminology&quot;:&quot;openehr&quot;,&quot;vitals.v0/context/start_time&quot;:&quot;2021-07-06T16:17:49.506Z&quot;,&quot;vitals.v0/context/setting|code&quot;:&quot;238&quot;,&quot;vitals.v0/context/setting|value&quot;:&quot;other care&quot;,&quot;vitals.v0/context/setting|terminology&quot;:&quot;openehr&quot;,&quot;vitals.v0/vitals/body_temperature/any_event:0/temperature|unit&quot;:&quot;[degF]&quot;,&quot;vitals.v0/vitals/body_temperature/any_event:0/temperature|magnitude&quot;:31,&quot;vitals.v0/vitals/body_temperature/any_event:0/time&quot;:&quot;2021-07-06T16:17:49.506Z&quot;,&quot;vitals.v0/vitals/body_temperature/language|code&quot;:&quot;en&quot;,&quot;vitals.v0/vitals/body_temperature/language|terminology&quot;:&quot;ISO_639-1&quot;,&quot;vitals.v0/vitals/body_temperature/encoding|code&quot;:&quot;UTF-8&quot;,&quot;vitals.v0/vitals/body_temperature/encoding|terminology&quot;:&quot;IANA_character-sets&quot;,&quot;vitals.v0/vitals/blood_pressure/any_event:0/systolic|unit&quot;:&quot;mm[Hg]&quot;,&quot;vitals.v0/vitals/blood_pressure/any_event:0/systolic|magnitude&quot;:31,&quot;vitals.v0/vitals/blood_pressure/any_event:0/diastolic|unit&quot;:&quot;mm[Hg]&quot;,&quot;vitals.v0/vitals/blood_pressure/any_event:0/diastolic|magnitude&quot;:31,&quot;vitals.v0/vitals/blood_pressure/any_event:0/time&quot;:&quot;2021-07-06T16:17:49.509Z&quot;,&quot;vitals.v0/vitals/blood_pressure/language|code&quot;:&quot;en&quot;,&quot;vitals.v0/vitals/blood_pressure/language|terminology&quot;:&quot;ISO_639-1&quot;,&quot;vitals.v0/vitals/blood_pressure/encoding|code&quot;:&quot;UTF-8&quot;,&quot;vitals.v0/vitals/blood_pressure/encoding|terminology&quot;:&quot;IANA_character-sets&quot;,&quot;vitals.v0/vitals/pulse_oximetry/any_event:0/inspired_oxygen/on_air&quot;:false,&quot;vitals.v0/vitals/pulse_oximetry/any_event:0/time&quot;:&quot;2021-07-06T16:17:49.506Z&quot;,&quot;vitals.v0/vitals/pulse_oximetry/language|code&quot;:&quot;en&quot;,&quot;vitals.v0/vitals/pulse_oximetry/language|terminology&quot;:&quot;ISO_639-1&quot;,&quot;vitals.v0/vitals/pulse_oximetry/encoding|code&quot;:&quot;UTF-8&quot;,&quot;vitals.v0/vitals/pulse_oximetry/encoding|terminology&quot;:&quot;IANA_character-sets&quot;,&quot;vitals.v0/composer|name&quot;:&quot;Medblocks UI&quot;,&quot;vitals.v0/language|code&quot;:&quot;en&quot;,&quot;vitals.v0/language|terminology&quot;:&quot;ISO_639-1&quot;,&quot;vitals.v0/territory|code&quot;:&quot;IN&quot;,&quot;vitals.v0/territory|terminology&quot;:&quot;ISO_3166-1&quot;}" time="0.0000" classname="{&quot;vitals.v0/category|code&quot;:&quot;433&quot;,&quot;vitals.v0/category|value&quot;:&quot;event&quot;,&quot;vitals.v0/category|terminology&quot;:&quot;openehr&quot;,&quot;vitals.v0/context/start_time&quot;:&quot;2021-07-06T16:17:49.506Z&quot;,&quot;vitals.v0/context/setting|code&quot;:&quot;238&quot;,&quot;vitals.v0/context/setting|value&quot;:&quot;other care&quot;,&quot;vitals.v0/context/setting|terminology&quot;:&quot;openehr&quot;,&quot;vitals.v0/vitals/body_temperature/any_event:0/temperature|unit&quot;:&quot;[degF]&quot;,&quot;vitals.v0/vitals/body_temperature/any_event:0/temperature|magnitude&quot;:31,&quot;vitals.v0/vitals/body_temperature/any_event:0/time&quot;:&quot;2021-07-06T16:17:49.506Z&quot;,&quot;vitals.v0/vitals/body_temperature/language|code&quot;:&quot;en&quot;,&quot;vitals.v0/vitals/body_temperature/language|terminology&quot;:&quot;ISO_639-1&quot;,&quot;vitals.v0/vitals/body_temperature/encoding|code&quot;:&quot;UTF-8&quot;,&quot;vitals.v0/vitals/body_temperature/encoding|terminology&quot;:&quot;IANA_character-sets&quot;,&quot;vitals.v0/vitals/blood_pressure/any_event:0/systolic|unit&quot;:&quot;mm[Hg]&quot;,&quot;vitals.v0/vitals/blood_pressure/any_event:0/systolic|magnitude&quot;:31,&quot;vitals.v0/vitals/blood_pressure/any_event:0/diastolic|unit&quot;:&quot;mm[Hg]&quot;,&quot;vitals.v0/vitals/blood_pressure/any_event:0/diastolic|magnitude&quot;:31,&quot;vitals.v0/vitals/blood_pressure/any_event:0/time&quot;:&quot;2021-07-06T16:17:49.509Z&quot;,&quot;vitals.v0/vitals/blood_pressure/language|code&quot;:&quot;en&quot;,&quot;vitals.v0/vitals/blood_pressure/language|terminology&quot;:&quot;ISO_639-1&quot;,&quot;vitals.v0/vitals/blood_pressure/encoding|code&quot;:&quot;UTF-8&quot;,&quot;vitals.v0/vitals/blood_pressure/encoding|terminology&quot;:&quot;IANA_character-sets&quot;,&quot;vitals.v0/vitals/pulse_oximetry/any_event:0/inspired_oxygen/on_air&quot;:false,&quot;vitals.v0/vitals/pulse_oximetry/any_event:0/time&quot;:&quot;2021-07-06T16:17:49.506Z&quot;,&quot;vitals.v0/vitals/pulse_oximetry/language|code&quot;:&quot;en&quot;,&quot;vitals.v0/vitals/pulse_oximetry/language|terminology&quot;:&quot;ISO_639-1&quot;,&quot;vitals.v0/vitals/pulse_oximetry/encoding|code&quot;:&quot;UTF-8&quot;,&quot;vitals.v0/vitals/pulse_oximetry/encoding|terminology&quot;:&quot;IANA_character-sets&quot;,&quot;vitals.v0/composer|name&quot;:&quot;Medblocks UI&quot;,&quot;vitals.v0/language|code&quot;:&quot;en&quot;,&quot;vitals.v0/language|terminology&quot;:&quot;ISO_639-1&quot;,&quot;vitals.v0/territory|code&quot;:&quot;IN&quot;,&quot;vitals.v0/territory|terminology&quot;:&quot;ISO_3166-1&quot;}">
      <failure message="`cy.request()` timed out waiting `5000ms` for a response from your server.

The request we sent was:

Method: POST
URL: http://localhost:5001/ehrbase/rest/ecis/v1/composition

No response was received within the timeout.

https://on.cypress.io/request" type="CypressError"><![CDATA[CypressError: `cy.request()` timed out waiting `5000ms` for a response from your server.

The request we sent was:

Method: POST
URL: http://localhost:5001/ehrbase/rest/ecis/v1/composition

No response was received within the timeout.

https://on.cypress.io/request
    at http://localhost:63949/__cypress/runner/cypress_runner.js:140183:19
    at tryCatcher (http://localhost:63949/__cypress/runner/cypress_runner.js:10798:23)
    at http://localhost:63949/__cypress/runner/cypress_runner.js:5920:41
    at tryCatcher (http://localhost:63949/__cypress/runner/cypress_runner.js:10798:23)
    at Promise._settlePromiseFromHandler (http://localhost:63949/__cypress/runner/cypress_runner.js:8733:31)
    at Promise._settlePromise (http://localhost:63949/__cypress/runner/cypress_runner.js:8790:18)
    at Promise._settlePromise0 (http://localhost:63949/__cypress/runner/cypress_runner.js:8835:10)
    at Promise._settlePromises (http://localhost:63949/__cypress/runner/cypress_runner.js:8911:18)
    at _drainQueueStep (http://localhost:63949/__cypress/runner/cypress_runner.js:5505:12)
    at _drainQueue (http://localhost:63949/__cypress/runner/cypress_runner.js:5498:9)
    at Async.../../node_modules/bluebird/js/release/async.js.Async._drainQueues (http://localhost:63949/__cypress/runner/cypress_runner.js:5514:5)
    at Async.drainQueues (http://localhost:63949/__cypress/runner/cypress_runner.js:5384:14)
From Your Spec Code:
    at Context.eval (http://localhost:63949/__cypress/tests?p=cypress\integration\requests.spec.js:141:10)]]></failure>
    </testcase>
    <testcase name="Try requests against EHRbase {&quot;vitals.v0/category|code&quot;:&quot;433&quot;,&quot;vitals.v0/category|value&quot;:&quot;event&quot;,&quot;vitals.v0/category|terminology&quot;:&quot;openehr&quot;,&quot;vitals.v0/context/start_time&quot;:&quot;2021-07-06T16:17:49.506Z&quot;,&quot;vitals.v0/context/setting|code&quot;:&quot;238&quot;,&quot;vitals.v0/context/setting|value&quot;:&quot;other care&quot;,&quot;vitals.v0/context/setting|terminology&quot;:&quot;openehr&quot;,&quot;vitals.v0/vitals/body_temperature/any_event:0/temperature|unit&quot;:&quot;[degF]&quot;,&quot;vitals.v0/vitals/body_temperature/any_event:0/temperature|magnitude&quot;:31,&quot;vitals.v0/vitals/body_temperature/any_event:0/time&quot;:&quot;2021-07-06T16:17:49.506Z&quot;,&quot;vitals.v0/vitals/body_temperature/language|code&quot;:&quot;en&quot;,&quot;vitals.v0/vitals/body_temperature/language|terminology&quot;:&quot;ISO_639-1&quot;,&quot;vitals.v0/vitals/body_temperature/encoding|code&quot;:&quot;UTF-8&quot;,&quot;vitals.v0/vitals/body_temperature/encoding|terminology&quot;:&quot;IANA_character-sets&quot;,&quot;vitals.v0/vitals/blood_pressure/any_event:0/systolic|unit&quot;:&quot;mm[Hg]&quot;,&quot;vitals.v0/vitals/blood_pressure/any_event:0/systolic|magnitude&quot;:31,&quot;vitals.v0/vitals/blood_pressure/any_event:0/diastolic|unit&quot;:&quot;mm[Hg]&quot;,&quot;vitals.v0/vitals/blood_pressure/any_event:0/diastolic|magnitude&quot;:31,&quot;vitals.v0/vitals/blood_pressure/any_event:0/time&quot;:&quot;2021-07-06T16:17:49.509Z&quot;,&quot;vitals.v0/vitals/blood_pressure/language|code&quot;:&quot;en&quot;,&quot;vitals.v0/vitals/blood_pressure/language|terminology&quot;:&quot;ISO_639-1&quot;,&quot;vitals.v0/vitals/blood_pressure/encoding|code&quot;:&quot;UTF-8&quot;,&quot;vitals.v0/vitals/blood_pressure/encoding|terminology&quot;:&quot;IANA_character-sets&quot;,&quot;vitals.v0/vitals/pulse_heart_beat/any_event:0/rate|unit&quot;:&quot;/min&quot;,&quot;vitals.v0/vitals/pulse_heart_beat/any_event:0/rate|magnitude&quot;:31,&quot;vitals.v0/vitals/pulse_heart_beat/any_event:0/time&quot;:&quot;2021-07-06T16:17:49.518Z&quot;,&quot;vitals.v0/vitals/pulse_heart_beat/language|code&quot;:&quot;en&quot;,&quot;vitals.v0/vitals/pulse_heart_beat/language|terminology&quot;:&quot;ISO_639-1&quot;,&quot;vitals.v0/vitals/pulse_heart_beat/encoding|code&quot;:&quot;UTF-8&quot;,&quot;vitals.v0/vitals/pulse_heart_beat/encoding|terminology&quot;:&quot;IANA_character-sets&quot;,&quot;vitals.v0/vitals/pulse_oximetry/any_event:0/inspired_oxygen/on_air&quot;:false,&quot;vitals.v0/vitals/pulse_oximetry/any_event:0/time&quot;:&quot;2021-07-06T16:17:49.506Z&quot;,&quot;vitals.v0/vitals/pulse_oximetry/language|code&quot;:&quot;en&quot;,&quot;vitals.v0/vitals/pulse_oximetry/language|terminology&quot;:&quot;ISO_639-1&quot;,&quot;vitals.v0/vitals/pulse_oximetry/encoding|code&quot;:&quot;UTF-8&quot;,&quot;vitals.v0/vitals/pulse_oximetry/encoding|terminology&quot;:&quot;IANA_character-sets&quot;,&quot;vitals.v0/composer|name&quot;:&quot;Medblocks UI&quot;,&quot;vitals.v0/language|code&quot;:&quot;en&quot;,&quot;vitals.v0/language|terminology&quot;:&quot;ISO_639-1&quot;,&quot;vitals.v0/territory|code&quot;:&quot;IN&quot;,&quot;vitals.v0/territory|terminology&quot;:&quot;ISO_3166-1&quot;}" time="0.0000" classname="{&quot;vitals.v0/category|code&quot;:&quot;433&quot;,&quot;vitals.v0/category|value&quot;:&quot;event&quot;,&quot;vitals.v0/category|terminology&quot;:&quot;openehr&quot;,&quot;vitals.v0/context/start_time&quot;:&quot;2021-07-06T16:17:49.506Z&quot;,&quot;vitals.v0/context/setting|code&quot;:&quot;238&quot;,&quot;vitals.v0/context/setting|value&quot;:&quot;other care&quot;,&quot;vitals.v0/context/setting|terminology&quot;:&quot;openehr&quot;,&quot;vitals.v0/vitals/body_temperature/any_event:0/temperature|unit&quot;:&quot;[degF]&quot;,&quot;vitals.v0/vitals/body_temperature/any_event:0/temperature|magnitude&quot;:31,&quot;vitals.v0/vitals/body_temperature/any_event:0/time&quot;:&quot;2021-07-06T16:17:49.506Z&quot;,&quot;vitals.v0/vitals/body_temperature/language|code&quot;:&quot;en&quot;,&quot;vitals.v0/vitals/body_temperature/language|terminology&quot;:&quot;ISO_639-1&quot;,&quot;vitals.v0/vitals/body_temperature/encoding|code&quot;:&quot;UTF-8&quot;,&quot;vitals.v0/vitals/body_temperature/encoding|terminology&quot;:&quot;IANA_character-sets&quot;,&quot;vitals.v0/vitals/blood_pressure/any_event:0/systolic|unit&quot;:&quot;mm[Hg]&quot;,&quot;vitals.v0/vitals/blood_pressure/any_event:0/systolic|magnitude&quot;:31,&quot;vitals.v0/vitals/blood_pressure/any_event:0/diastolic|unit&quot;:&quot;mm[Hg]&quot;,&quot;vitals.v0/vitals/blood_pressure/any_event:0/diastolic|magnitude&quot;:31,&quot;vitals.v0/vitals/blood_pressure/any_event:0/time&quot;:&quot;2021-07-06T16:17:49.509Z&quot;,&quot;vitals.v0/vitals/blood_pressure/language|code&quot;:&quot;en&quot;,&quot;vitals.v0/vitals/blood_pressure/language|terminology&quot;:&quot;ISO_639-1&quot;,&quot;vitals.v0/vitals/blood_pressure/encoding|code&quot;:&quot;UTF-8&quot;,&quot;vitals.v0/vitals/blood_pressure/encoding|terminology&quot;:&quot;IANA_character-sets&quot;,&quot;vitals.v0/vitals/pulse_heart_beat/any_event:0/rate|unit&quot;:&quot;/min&quot;,&quot;vitals.v0/vitals/pulse_heart_beat/any_event:0/rate|magnitude&quot;:31,&quot;vitals.v0/vitals/pulse_heart_beat/any_event:0/time&quot;:&quot;2021-07-06T16:17:49.518Z&quot;,&quot;vitals.v0/vitals/pulse_heart_beat/language|code&quot;:&quot;en&quot;,&quot;vitals.v0/vitals/pulse_heart_beat/language|terminology&quot;:&quot;ISO_639-1&quot;,&quot;vitals.v0/vitals/pulse_heart_beat/encoding|code&quot;:&quot;UTF-8&quot;,&quot;vitals.v0/vitals/pulse_heart_beat/encoding|terminology&quot;:&quot;IANA_character-sets&quot;,&quot;vitals.v0/vitals/pulse_oximetry/any_event:0/inspired_oxygen/on_air&quot;:false,&quot;vitals.v0/vitals/pulse_oximetry/any_event:0/time&quot;:&quot;2021-07-06T16:17:49.506Z&quot;,&quot;vitals.v0/vitals/pulse_oximetry/language|code&quot;:&quot;en&quot;,&quot;vitals.v0/vitals/pulse_oximetry/language|terminology&quot;:&quot;ISO_639-1&quot;,&quot;vitals.v0/vitals/pulse_oximetry/encoding|code&quot;:&quot;UTF-8&quot;,&quot;vitals.v0/vitals/pulse_oximetry/encoding|terminology&quot;:&quot;IANA_character-sets&quot;,&quot;vitals.v0/composer|name&quot;:&quot;Medblocks UI&quot;,&quot;vitals.v0/language|code&quot;:&quot;en&quot;,&quot;vitals.v0/language|terminology&quot;:&quot;ISO_639-1&quot;,&quot;vitals.v0/territory|code&quot;:&quot;IN&quot;,&quot;vitals.v0/territory|terminology&quot;:&quot;ISO_3166-1&quot;}">
      <failure message="`cy.request()` timed out waiting `5000ms` for a response from your server.

The request we sent was:

Method: POST
URL: http://localhost:5001/ehrbase/rest/ecis/v1/composition

No response was received within the timeout.

https://on.cypress.io/request" type="CypressError"><![CDATA[CypressError: `cy.request()` timed out waiting `5000ms` for a response from your server.

The request we sent was:

Method: POST
URL: http://localhost:5001/ehrbase/rest/ecis/v1/composition

No response was received within the timeout.

https://on.cypress.io/request
    at http://localhost:63949/__cypress/runner/cypress_runner.js:140183:19
    at tryCatcher (http://localhost:63949/__cypress/runner/cypress_runner.js:10798:23)
    at http://localhost:63949/__cypress/runner/cypress_runner.js:5920:41
    at tryCatcher (http://localhost:63949/__cypress/runner/cypress_runner.js:10798:23)
    at Promise._settlePromiseFromHandler (http://localhost:63949/__cypress/runner/cypress_runner.js:8733:31)
    at Promise._settlePromise (http://localhost:63949/__cypress/runner/cypress_runner.js:8790:18)
    at Promise._settlePromise0 (http://localhost:63949/__cypress/runner/cypress_runner.js:8835:10)
    at Promise._settlePromises (http://localhost:63949/__cypress/runner/cypress_runner.js:8911:18)
    at _drainQueueStep (http://localhost:63949/__cypress/runner/cypress_runner.js:5505:12)
    at _drainQueue (http://localhost:63949/__cypress/runner/cypress_runner.js:5498:9)
    at Async.../../node_modules/bluebird/js/release/async.js.Async._drainQueues (http://localhost:63949/__cypress/runner/cypress_runner.js:5514:5)
    at Async.drainQueues (http://localhost:63949/__cypress/runner/cypress_runner.js:5384:14)
From Your Spec Code:
    at Context.eval (http://localhost:63949/__cypress/tests?p=cypress\integration\requests.spec.js:141:10)]]></failure>
    </testcase>
    <testcase name="Try requests against EHRbase {&quot;vitals.v0/category|code&quot;:&quot;433&quot;,&quot;vitals.v0/category|value&quot;:&quot;event&quot;,&quot;vitals.v0/category|terminology&quot;:&quot;openehr&quot;,&quot;vitals.v0/context/start_time&quot;:&quot;2021-07-06T16:17:49.506Z&quot;,&quot;vitals.v0/context/setting|code&quot;:&quot;238&quot;,&quot;vitals.v0/context/setting|value&quot;:&quot;other care&quot;,&quot;vitals.v0/context/setting|terminology&quot;:&quot;openehr&quot;,&quot;vitals.v0/vitals/body_temperature/any_event:0/temperature|unit&quot;:&quot;[degF]&quot;,&quot;vitals.v0/vitals/body_temperature/any_event:0/temperature|magnitude&quot;:31,&quot;vitals.v0/vitals/body_temperature/any_event:0/time&quot;:&quot;2021-07-06T16:17:49.506Z&quot;,&quot;vitals.v0/vitals/body_temperature/language|code&quot;:&quot;en&quot;,&quot;vitals.v0/vitals/body_temperature/language|terminology&quot;:&quot;ISO_639-1&quot;,&quot;vitals.v0/vitals/body_temperature/encoding|code&quot;:&quot;UTF-8&quot;,&quot;vitals.v0/vitals/body_temperature/encoding|terminology&quot;:&quot;IANA_character-sets&quot;,&quot;vitals.v0/vitals/blood_pressure/any_event:0/systolic|unit&quot;:&quot;mm[Hg]&quot;,&quot;vitals.v0/vitals/blood_pressure/any_event:0/systolic|magnitude&quot;:31,&quot;vitals.v0/vitals/blood_pressure/any_event:0/diastolic|unit&quot;:&quot;mm[Hg]&quot;,&quot;vitals.v0/vitals/blood_pressure/any_event:0/diastolic|magnitude&quot;:31,&quot;vitals.v0/vitals/blood_pressure/any_event:0/time&quot;:&quot;2021-07-06T16:17:49.509Z&quot;,&quot;vitals.v0/vitals/blood_pressure/language|code&quot;:&quot;en&quot;,&quot;vitals.v0/vitals/blood_pressure/language|terminology&quot;:&quot;ISO_639-1&quot;,&quot;vitals.v0/vitals/blood_pressure/encoding|code&quot;:&quot;UTF-8&quot;,&quot;vitals.v0/vitals/blood_pressure/encoding|terminology&quot;:&quot;IANA_character-sets&quot;,&quot;vitals.v0/vitals/pulse_heart_beat/any_event:0/rate|unit&quot;:&quot;/min&quot;,&quot;vitals.v0/vitals/pulse_heart_beat/any_event:0/rate|magnitude&quot;:31,&quot;vitals.v0/vitals/pulse_heart_beat/any_event:0/time&quot;:&quot;2021-07-06T16:17:49.518Z&quot;,&quot;vitals.v0/vitals/pulse_heart_beat/language|code&quot;:&quot;en&quot;,&quot;vitals.v0/vitals/pulse_heart_beat/language|terminology&quot;:&quot;ISO_639-1&quot;,&quot;vitals.v0/vitals/pulse_heart_beat/encoding|code&quot;:&quot;UTF-8&quot;,&quot;vitals.v0/vitals/pulse_heart_beat/encoding|terminology&quot;:&quot;IANA_character-sets&quot;,&quot;vitals.v0/vitals/respiration/any_event:0/rate|unit&quot;:&quot;/min&quot;,&quot;vitals.v0/vitals/respiration/any_event:0/rate|magnitude&quot;:31,&quot;vitals.v0/vitals/respiration/any_event:0/time&quot;:&quot;2021-07-06T16:17:49.521Z&quot;,&quot;vitals.v0/vitals/respiration/language|code&quot;:&quot;en&quot;,&quot;vitals.v0/vitals/respiration/language|terminology&quot;:&quot;ISO_639-1&quot;,&quot;vitals.v0/vitals/respiration/encoding|code&quot;:&quot;UTF-8&quot;,&quot;vitals.v0/vitals/respiration/encoding|terminology&quot;:&quot;IANA_character-sets&quot;,&quot;vitals.v0/vitals/pulse_oximetry/any_event:0/inspired_oxygen/on_air&quot;:false,&quot;vitals.v0/vitals/pulse_oximetry/any_event:0/time&quot;:&quot;2021-07-06T16:17:49.506Z&quot;,&quot;vitals.v0/vitals/pulse_oximetry/language|code&quot;:&quot;en&quot;,&quot;vitals.v0/vitals/pulse_oximetry/language|terminology&quot;:&quot;ISO_639-1&quot;,&quot;vitals.v0/vitals/pulse_oximetry/encoding|code&quot;:&quot;UTF-8&quot;,&quot;vitals.v0/vitals/pulse_oximetry/encoding|terminology&quot;:&quot;IANA_character-sets&quot;,&quot;vitals.v0/composer|name&quot;:&quot;Medblocks UI&quot;,&quot;vitals.v0/language|code&quot;:&quot;en&quot;,&quot;vitals.v0/language|terminology&quot;:&quot;ISO_639-1&quot;,&quot;vitals.v0/territory|code&quot;:&quot;IN&quot;,&quot;vitals.v0/territory|terminology&quot;:&quot;ISO_3166-1&quot;}" time="0.0000" classname="{&quot;vitals.v0/category|code&quot;:&quot;433&quot;,&quot;vitals.v0/category|value&quot;:&quot;event&quot;,&quot;vitals.v0/category|terminology&quot;:&quot;openehr&quot;,&quot;vitals.v0/context/start_time&quot;:&quot;2021-07-06T16:17:49.506Z&quot;,&quot;vitals.v0/context/setting|code&quot;:&quot;238&quot;,&quot;vitals.v0/context/setting|value&quot;:&quot;other care&quot;,&quot;vitals.v0/context/setting|terminology&quot;:&quot;openehr&quot;,&quot;vitals.v0/vitals/body_temperature/any_event:0/temperature|unit&quot;:&quot;[degF]&quot;,&quot;vitals.v0/vitals/body_temperature/any_event:0/temperature|magnitude&quot;:31,&quot;vitals.v0/vitals/body_temperature/any_event:0/time&quot;:&quot;2021-07-06T16:17:49.506Z&quot;,&quot;vitals.v0/vitals/body_temperature/language|code&quot;:&quot;en&quot;,&quot;vitals.v0/vitals/body_temperature/language|terminology&quot;:&quot;ISO_639-1&quot;,&quot;vitals.v0/vitals/body_temperature/encoding|code&quot;:&quot;UTF-8&quot;,&quot;vitals.v0/vitals/body_temperature/encoding|terminology&quot;:&quot;IANA_character-sets&quot;,&quot;vitals.v0/vitals/blood_pressure/any_event:0/systolic|unit&quot;:&quot;mm[Hg]&quot;,&quot;vitals.v0/vitals/blood_pressure/any_event:0/systolic|magnitude&quot;:31,&quot;vitals.v0/vitals/blood_pressure/any_event:0/diastolic|unit&quot;:&quot;mm[Hg]&quot;,&quot;vitals.v0/vitals/blood_pressure/any_event:0/diastolic|magnitude&quot;:31,&quot;vitals.v0/vitals/blood_pressure/any_event:0/time&quot;:&quot;2021-07-06T16:17:49.509Z&quot;,&quot;vitals.v0/vitals/blood_pressure/language|code&quot;:&quot;en&quot;,&quot;vitals.v0/vitals/blood_pressure/language|terminology&quot;:&quot;ISO_639-1&quot;,&quot;vitals.v0/vitals/blood_pressure/encoding|code&quot;:&quot;UTF-8&quot;,&quot;vitals.v0/vitals/blood_pressure/encoding|terminology&quot;:&quot;IANA_character-sets&quot;,&quot;vitals.v0/vitals/pulse_heart_beat/any_event:0/rate|unit&quot;:&quot;/min&quot;,&quot;vitals.v0/vitals/pulse_heart_beat/any_event:0/rate|magnitude&quot;:31,&quot;vitals.v0/vitals/pulse_heart_beat/any_event:0/time&quot;:&quot;2021-07-06T16:17:49.518Z&quot;,&quot;vitals.v0/vitals/pulse_heart_beat/language|code&quot;:&quot;en&quot;,&quot;vitals.v0/vitals/pulse_heart_beat/language|terminology&quot;:&quot;ISO_639-1&quot;,&quot;vitals.v0/vitals/pulse_heart_beat/encoding|code&quot;:&quot;UTF-8&quot;,&quot;vitals.v0/vitals/pulse_heart_beat/encoding|terminology&quot;:&quot;IANA_character-sets&quot;,&quot;vitals.v0/vitals/respiration/any_event:0/rate|unit&quot;:&quot;/min&quot;,&quot;vitals.v0/vitals/respiration/any_event:0/rate|magnitude&quot;:31,&quot;vitals.v0/vitals/respiration/any_event:0/time&quot;:&quot;2021-07-06T16:17:49.521Z&quot;,&quot;vitals.v0/vitals/respiration/language|code&quot;:&quot;en&quot;,&quot;vitals.v0/vitals/respiration/language|terminology&quot;:&quot;ISO_639-1&quot;,&quot;vitals.v0/vitals/respiration/encoding|code&quot;:&quot;UTF-8&quot;,&quot;vitals.v0/vitals/respiration/encoding|terminology&quot;:&quot;IANA_character-sets&quot;,&quot;vitals.v0/vitals/pulse_oximetry/any_event:0/inspired_oxygen/on_air&quot;:false,&quot;vitals.v0/vitals/pulse_oximetry/any_event:0/time&quot;:&quot;2021-07-06T16:17:49.506Z&quot;,&quot;vitals.v0/vitals/pulse_oximetry/language|code&quot;:&quot;en&quot;,&quot;vitals.v0/vitals/pulse_oximetry/language|terminology&quot;:&quot;ISO_639-1&quot;,&quot;vitals.v0/vitals/pulse_oximetry/encoding|code&quot;:&quot;UTF-8&quot;,&quot;vitals.v0/vitals/pulse_oximetry/encoding|terminology&quot;:&quot;IANA_character-sets&quot;,&quot;vitals.v0/composer|name&quot;:&quot;Medblocks UI&quot;,&quot;vitals.v0/language|code&quot;:&quot;en&quot;,&quot;vitals.v0/language|terminology&quot;:&quot;ISO_639-1&quot;,&quot;vitals.v0/territory|code&quot;:&quot;IN&quot;,&quot;vitals.v0/territory|terminology&quot;:&quot;ISO_3166-1&quot;}">
      <failure message="`cy.request()` timed out waiting `5000ms` for a response from your server.

The request we sent was:

Method: POST
URL: http://localhost:5001/ehrbase/rest/ecis/v1/composition

No response was received within the timeout.

https://on.cypress.io/request" type="CypressError"><![CDATA[CypressError: `cy.request()` timed out waiting `5000ms` for a response from your server.

The request we sent was:

Method: POST
URL: http://localhost:5001/ehrbase/rest/ecis/v1/composition

No response was received within the timeout.

https://on.cypress.io/request
    at http://localhost:63949/__cypress/runner/cypress_runner.js:140183:19
    at tryCatcher (http://localhost:63949/__cypress/runner/cypress_runner.js:10798:23)
    at http://localhost:63949/__cypress/runner/cypress_runner.js:5920:41
    at tryCatcher (http://localhost:63949/__cypress/runner/cypress_runner.js:10798:23)
    at Promise._settlePromiseFromHandler (http://localhost:63949/__cypress/runner/cypress_runner.js:8733:31)
    at Promise._settlePromise (http://localhost:63949/__cypress/runner/cypress_runner.js:8790:18)
    at Promise._settlePromise0 (http://localhost:63949/__cypress/runner/cypress_runner.js:8835:10)
    at Promise._settlePromises (http://localhost:63949/__cypress/runner/cypress_runner.js:8911:18)
    at _drainQueueStep (http://localhost:63949/__cypress/runner/cypress_runner.js:5505:12)
    at _drainQueue (http://localhost:63949/__cypress/runner/cypress_runner.js:5498:9)
    at Async.../../node_modules/bluebird/js/release/async.js.Async._drainQueues (http://localhost:63949/__cypress/runner/cypress_runner.js:5514:5)
    at Async.drainQueues (http://localhost:63949/__cypress/runner/cypress_runner.js:5384:14)
From Your Spec Code:
    at Context.eval (http://localhost:63949/__cypress/tests?p=cypress\integration\requests.spec.js:141:10)]]></failure>
    </testcase>
    <testcase name="Try requests against EHRbase {&quot;vitals.v0/category|code&quot;:&quot;433&quot;,&quot;vitals.v0/category|value&quot;:&quot;event&quot;,&quot;vitals.v0/category|terminology&quot;:&quot;openehr&quot;,&quot;vitals.v0/context/start_time&quot;:&quot;2021-07-06T16:17:49.506Z&quot;,&quot;vitals.v0/context/setting|code&quot;:&quot;238&quot;,&quot;vitals.v0/context/setting|value&quot;:&quot;other care&quot;,&quot;vitals.v0/context/setting|terminology&quot;:&quot;openehr&quot;,&quot;vitals.v0/vitals/body_temperature/any_event:0/temperature|unit&quot;:&quot;[degF]&quot;,&quot;vitals.v0/vitals/body_temperature/any_event:0/temperature|magnitude&quot;:31,&quot;vitals.v0/vitals/body_temperature/any_event:0/time&quot;:&quot;2021-07-06T16:17:49.506Z&quot;,&quot;vitals.v0/vitals/body_temperature/language|code&quot;:&quot;en&quot;,&quot;vitals.v0/vitals/body_temperature/language|terminology&quot;:&quot;ISO_639-1&quot;,&quot;vitals.v0/vitals/body_temperature/encoding|code&quot;:&quot;UTF-8&quot;,&quot;vitals.v0/vitals/body_temperature/encoding|terminology&quot;:&quot;IANA_character-sets&quot;,&quot;vitals.v0/vitals/blood_pressure/any_event:0/systolic|unit&quot;:&quot;mm[Hg]&quot;,&quot;vitals.v0/vitals/blood_pressure/any_event:0/systolic|magnitude&quot;:31,&quot;vitals.v0/vitals/blood_pressure/any_event:0/diastolic|unit&quot;:&quot;mm[Hg]&quot;,&quot;vitals.v0/vitals/blood_pressure/any_event:0/diastolic|magnitude&quot;:31,&quot;vitals.v0/vitals/blood_pressure/any_event:0/time&quot;:&quot;2021-07-06T16:17:49.509Z&quot;,&quot;vitals.v0/vitals/blood_pressure/language|code&quot;:&quot;en&quot;,&quot;vitals.v0/vitals/blood_pressure/language|terminology&quot;:&quot;ISO_639-1&quot;,&quot;vitals.v0/vitals/blood_pressure/encoding|code&quot;:&quot;UTF-8&quot;,&quot;vitals.v0/vitals/blood_pressure/encoding|terminology&quot;:&quot;IANA_character-sets&quot;,&quot;vitals.v0/vitals/pulse_heart_beat/any_event:0/rate|unit&quot;:&quot;/min&quot;,&quot;vitals.v0/vitals/pulse_heart_beat/any_event:0/rate|magnitude&quot;:31,&quot;vitals.v0/vitals/pulse_heart_beat/any_event:0/time&quot;:&quot;2021-07-06T16:17:49.518Z&quot;,&quot;vitals.v0/vitals/pulse_heart_beat/language|code&quot;:&quot;en&quot;,&quot;vitals.v0/vitals/pulse_heart_beat/language|terminology&quot;:&quot;ISO_639-1&quot;,&quot;vitals.v0/vitals/pulse_heart_beat/encoding|code&quot;:&quot;UTF-8&quot;,&quot;vitals.v0/vitals/pulse_heart_beat/encoding|terminology&quot;:&quot;IANA_character-sets&quot;,&quot;vitals.v0/vitals/respiration/any_event:0/rate|unit&quot;:&quot;/min&quot;,&quot;vitals.v0/vitals/respiration/any_event:0/rate|magnitude&quot;:31,&quot;vitals.v0/vitals/respiration/any_event:0/time&quot;:&quot;2021-07-06T16:17:49.521Z&quot;,&quot;vitals.v0/vitals/respiration/language|code&quot;:&quot;en&quot;,&quot;vitals.v0/vitals/respiration/language|terminology&quot;:&quot;ISO_639-1&quot;,&quot;vitals.v0/vitals/respiration/encoding|code&quot;:&quot;UTF-8&quot;,&quot;vitals.v0/vitals/respiration/encoding|terminology&quot;:&quot;IANA_character-sets&quot;,&quot;vitals.v0/vitals/pulse_oximetry/any_event:0/spo|numerator&quot;:31,&quot;vitals.v0/vitals/pulse_oximetry/any_event:0/spo|denominator&quot;:100,&quot;vitals.v0/vitals/pulse_oximetry/any_event:0/spo|type&quot;:2,&quot;vitals.v0/vitals/pulse_oximetry/any_event:0/inspired_oxygen/on_air&quot;:false,&quot;vitals.v0/vitals/pulse_oximetry/any_event:0/time&quot;:&quot;2021-07-06T16:17:49.506Z&quot;,&quot;vitals.v0/vitals/pulse_oximetry/language|code&quot;:&quot;en&quot;,&quot;vitals.v0/vitals/pulse_oximetry/language|terminology&quot;:&quot;ISO_639-1&quot;,&quot;vitals.v0/vitals/pulse_oximetry/encoding|code&quot;:&quot;UTF-8&quot;,&quot;vitals.v0/vitals/pulse_oximetry/encoding|terminology&quot;:&quot;IANA_character-sets&quot;,&quot;vitals.v0/composer|name&quot;:&quot;Medblocks UI&quot;,&quot;vitals.v0/language|code&quot;:&quot;en&quot;,&quot;vitals.v0/language|terminology&quot;:&quot;ISO_639-1&quot;,&quot;vitals.v0/territory|code&quot;:&quot;IN&quot;,&quot;vitals.v0/territory|terminology&quot;:&quot;ISO_3166-1&quot;}" time="0.4280" classname="{&quot;vitals.v0/category|code&quot;:&quot;433&quot;,&quot;vitals.v0/category|value&quot;:&quot;event&quot;,&quot;vitals.v0/category|terminology&quot;:&quot;openehr&quot;,&quot;vitals.v0/context/start_time&quot;:&quot;2021-07-06T16:17:49.506Z&quot;,&quot;vitals.v0/context/setting|code&quot;:&quot;238&quot;,&quot;vitals.v0/context/setting|value&quot;:&quot;other care&quot;,&quot;vitals.v0/context/setting|terminology&quot;:&quot;openehr&quot;,&quot;vitals.v0/vitals/body_temperature/any_event:0/temperature|unit&quot;:&quot;[degF]&quot;,&quot;vitals.v0/vitals/body_temperature/any_event:0/temperature|magnitude&quot;:31,&quot;vitals.v0/vitals/body_temperature/any_event:0/time&quot;:&quot;2021-07-06T16:17:49.506Z&quot;,&quot;vitals.v0/vitals/body_temperature/language|code&quot;:&quot;en&quot;,&quot;vitals.v0/vitals/body_temperature/language|terminology&quot;:&quot;ISO_639-1&quot;,&quot;vitals.v0/vitals/body_temperature/encoding|code&quot;:&quot;UTF-8&quot;,&quot;vitals.v0/vitals/body_temperature/encoding|terminology&quot;:&quot;IANA_character-sets&quot;,&quot;vitals.v0/vitals/blood_pressure/any_event:0/systolic|unit&quot;:&quot;mm[Hg]&quot;,&quot;vitals.v0/vitals/blood_pressure/any_event:0/systolic|magnitude&quot;:31,&quot;vitals.v0/vitals/blood_pressure/any_event:0/diastolic|unit&quot;:&quot;mm[Hg]&quot;,&quot;vitals.v0/vitals/blood_pressure/any_event:0/diastolic|magnitude&quot;:31,&quot;vitals.v0/vitals/blood_pressure/any_event:0/time&quot;:&quot;2021-07-06T16:17:49.509Z&quot;,&quot;vitals.v0/vitals/blood_pressure/language|code&quot;:&quot;en&quot;,&quot;vitals.v0/vitals/blood_pressure/language|terminology&quot;:&quot;ISO_639-1&quot;,&quot;vitals.v0/vitals/blood_pressure/encoding|code&quot;:&quot;UTF-8&quot;,&quot;vitals.v0/vitals/blood_pressure/encoding|terminology&quot;:&quot;IANA_character-sets&quot;,&quot;vitals.v0/vitals/pulse_heart_beat/any_event:0/rate|unit&quot;:&quot;/min&quot;,&quot;vitals.v0/vitals/pulse_heart_beat/any_event:0/rate|magnitude&quot;:31,&quot;vitals.v0/vitals/pulse_heart_beat/any_event:0/time&quot;:&quot;2021-07-06T16:17:49.518Z&quot;,&quot;vitals.v0/vitals/pulse_heart_beat/language|code&quot;:&quot;en&quot;,&quot;vitals.v0/vitals/pulse_heart_beat/language|terminology&quot;:&quot;ISO_639-1&quot;,&quot;vitals.v0/vitals/pulse_heart_beat/encoding|code&quot;:&quot;UTF-8&quot;,&quot;vitals.v0/vitals/pulse_heart_beat/encoding|terminology&quot;:&quot;IANA_character-sets&quot;,&quot;vitals.v0/vitals/respiration/any_event:0/rate|unit&quot;:&quot;/min&quot;,&quot;vitals.v0/vitals/respiration/any_event:0/rate|magnitude&quot;:31,&quot;vitals.v0/vitals/respiration/any_event:0/time&quot;:&quot;2021-07-06T16:17:49.521Z&quot;,&quot;vitals.v0/vitals/respiration/language|code&quot;:&quot;en&quot;,&quot;vitals.v0/vitals/respiration/language|terminology&quot;:&quot;ISO_639-1&quot;,&quot;vitals.v0/vitals/respiration/encoding|code&quot;:&quot;UTF-8&quot;,&quot;vitals.v0/vitals/respiration/encoding|terminology&quot;:&quot;IANA_character-sets&quot;,&quot;vitals.v0/vitals/pulse_oximetry/any_event:0/spo|numerator&quot;:31,&quot;vitals.v0/vitals/pulse_oximetry/any_event:0/spo|denominator&quot;:100,&quot;vitals.v0/vitals/pulse_oximetry/any_event:0/spo|type&quot;:2,&quot;vitals.v0/vitals/pulse_oximetry/any_event:0/inspired_oxygen/on_air&quot;:false,&quot;vitals.v0/vitals/pulse_oximetry/any_event:0/time&quot;:&quot;2021-07-06T16:17:49.506Z&quot;,&quot;vitals.v0/vitals/pulse_oximetry/language|code&quot;:&quot;en&quot;,&quot;vitals.v0/vitals/pulse_oximetry/language|terminology&quot;:&quot;ISO_639-1&quot;,&quot;vitals.v0/vitals/pulse_oximetry/encoding|code&quot;:&quot;UTF-8&quot;,&quot;vitals.v0/vitals/pulse_oximetry/encoding|terminology&quot;:&quot;IANA_character-sets&quot;,&quot;vitals.v0/composer|name&quot;:&quot;Medblocks UI&quot;,&quot;vitals.v0/language|code&quot;:&quot;en&quot;,&quot;vitals.v0/language|terminology&quot;:&quot;ISO_639-1&quot;,&quot;vitals.v0/territory|code&quot;:&quot;IN&quot;,&quot;vitals.v0/territory|terminology&quot;:&quot;ISO_3166-1&quot;}">
    </testcase>
    <testcase name="Try requests against EHRbase {&quot;vitals.v0/category|code&quot;:&quot;433&quot;,&quot;vitals.v0/category|value&quot;:&quot;event&quot;,&quot;vitals.v0/category|terminology&quot;:&quot;openehr&quot;,&quot;vitals.v0/context/start_time&quot;:&quot;2021-07-06T16:17:49.506Z&quot;,&quot;vitals.v0/context/setting|code&quot;:&quot;238&quot;,&quot;vitals.v0/context/setting|value&quot;:&quot;other care&quot;,&quot;vitals.v0/context/setting|terminology&quot;:&quot;openehr&quot;,&quot;vitals.v0/vitals/body_temperature/any_event:0/temperature|unit&quot;:&quot;[degF]&quot;,&quot;vitals.v0/vitals/body_temperature/any_event:0/temperature|magnitude&quot;:31,&quot;vitals.v0/vitals/body_temperature/any_event:0/time&quot;:&quot;2021-07-06T16:17:49.506Z&quot;,&quot;vitals.v0/vitals/body_temperature/language|code&quot;:&quot;en&quot;,&quot;vitals.v0/vitals/body_temperature/language|terminology&quot;:&quot;ISO_639-1&quot;,&quot;vitals.v0/vitals/body_temperature/encoding|code&quot;:&quot;UTF-8&quot;,&quot;vitals.v0/vitals/body_temperature/encoding|terminology&quot;:&quot;IANA_character-sets&quot;,&quot;vitals.v0/vitals/blood_pressure/any_event:0/systolic|unit&quot;:&quot;mm[Hg]&quot;,&quot;vitals.v0/vitals/blood_pressure/any_event:0/systolic|magnitude&quot;:31,&quot;vitals.v0/vitals/blood_pressure/any_event:0/diastolic|unit&quot;:&quot;mm[Hg]&quot;,&quot;vitals.v0/vitals/blood_pressure/any_event:0/diastolic|magnitude&quot;:31,&quot;vitals.v0/vitals/blood_pressure/any_event:0/time&quot;:&quot;2021-07-06T16:17:49.509Z&quot;,&quot;vitals.v0/vitals/blood_pressure/language|code&quot;:&quot;en&quot;,&quot;vitals.v0/vitals/blood_pressure/language|terminology&quot;:&quot;ISO_639-1&quot;,&quot;vitals.v0/vitals/blood_pressure/encoding|code&quot;:&quot;UTF-8&quot;,&quot;vitals.v0/vitals/blood_pressure/encoding|terminology&quot;:&quot;IANA_character-sets&quot;,&quot;vitals.v0/vitals/pulse_heart_beat/any_event:0/rate|unit&quot;:&quot;/min&quot;,&quot;vitals.v0/vitals/pulse_heart_beat/any_event:0/rate|magnitude&quot;:31,&quot;vitals.v0/vitals/pulse_heart_beat/any_event:0/time&quot;:&quot;2021-07-06T16:17:49.518Z&quot;,&quot;vitals.v0/vitals/pulse_heart_beat/language|code&quot;:&quot;en&quot;,&quot;vitals.v0/vitals/pulse_heart_beat/language|terminology&quot;:&quot;ISO_639-1&quot;,&quot;vitals.v0/vitals/pulse_heart_beat/encoding|code&quot;:&quot;UTF-8&quot;,&quot;vitals.v0/vitals/pulse_heart_beat/encoding|terminology&quot;:&quot;IANA_character-sets&quot;,&quot;vitals.v0/vitals/respiration/any_event:0/rate|unit&quot;:&quot;/min&quot;,&quot;vitals.v0/vitals/respiration/any_event:0/rate|magnitude&quot;:31,&quot;vitals.v0/vitals/respiration/any_event:0/time&quot;:&quot;2021-07-06T16:17:49.521Z&quot;,&quot;vitals.v0/vitals/respiration/language|code&quot;:&quot;en&quot;,&quot;vitals.v0/vitals/respiration/language|terminology&quot;:&quot;ISO_639-1&quot;,&quot;vitals.v0/vitals/respiration/encoding|code&quot;:&quot;UTF-8&quot;,&quot;vitals.v0/vitals/respiration/encoding|terminology&quot;:&quot;IANA_character-sets&quot;,&quot;vitals.v0/vitals/pulse_oximetry/any_event:0/spo|numerator&quot;:31,&quot;vitals.v0/vitals/pulse_oximetry/any_event:0/spo|denominator&quot;:100,&quot;vitals.v0/vitals/pulse_oximetry/any_event:0/spo|type&quot;:2,&quot;vitals.v0/vitals/pulse_oximetry/any_event:0/inspired_oxygen/flow_rate|unit&quot;:&quot;ml/min&quot;,&quot;vitals.v0/vitals/pulse_oximetry/any_event:0/inspired_oxygen/flow_rate|magnitude&quot;:31,&quot;vitals.v0/vitals/pulse_oximetry/any_event:0/inspired_oxygen/on_air&quot;:false,&quot;vitals.v0/vitals/pulse_oximetry/any_event:0/time&quot;:&quot;2021-07-06T16:17:49.506Z&quot;,&quot;vitals.v0/vitals/pulse_oximetry/language|code&quot;:&quot;en&quot;,&quot;vitals.v0/vitals/pulse_oximetry/language|terminology&quot;:&quot;ISO_639-1&quot;,&quot;vitals.v0/vitals/pulse_oximetry/encoding|code&quot;:&quot;UTF-8&quot;,&quot;vitals.v0/vitals/pulse_oximetry/encoding|terminology&quot;:&quot;IANA_character-sets&quot;,&quot;vitals.v0/composer|name&quot;:&quot;Medblocks UI&quot;,&quot;vitals.v0/language|code&quot;:&quot;en&quot;,&quot;vitals.v0/language|terminology&quot;:&quot;ISO_639-1&quot;,&quot;vitals.v0/territory|code&quot;:&quot;IN&quot;,&quot;vitals.v0/territory|terminology&quot;:&quot;ISO_3166-1&quot;}" time="0.4300" classname="{&quot;vitals.v0/category|code&quot;:&quot;433&quot;,&quot;vitals.v0/category|value&quot;:&quot;event&quot;,&quot;vitals.v0/category|terminology&quot;:&quot;openehr&quot;,&quot;vitals.v0/context/start_time&quot;:&quot;2021-07-06T16:17:49.506Z&quot;,&quot;vitals.v0/context/setting|code&quot;:&quot;238&quot;,&quot;vitals.v0/context/setting|value&quot;:&quot;other care&quot;,&quot;vitals.v0/context/setting|terminology&quot;:&quot;openehr&quot;,&quot;vitals.v0/vitals/body_temperature/any_event:0/temperature|unit&quot;:&quot;[degF]&quot;,&quot;vitals.v0/vitals/body_temperature/any_event:0/temperature|magnitude&quot;:31,&quot;vitals.v0/vitals/body_temperature/any_event:0/time&quot;:&quot;2021-07-06T16:17:49.506Z&quot;,&quot;vitals.v0/vitals/body_temperature/language|code&quot;:&quot;en&quot;,&quot;vitals.v0/vitals/body_temperature/language|terminology&quot;:&quot;ISO_639-1&quot;,&quot;vitals.v0/vitals/body_temperature/encoding|code&quot;:&quot;UTF-8&quot;,&quot;vitals.v0/vitals/body_temperature/encoding|terminology&quot;:&quot;IANA_character-sets&quot;,&quot;vitals.v0/vitals/blood_pressure/any_event:0/systolic|unit&quot;:&quot;mm[Hg]&quot;,&quot;vitals.v0/vitals/blood_pressure/any_event:0/systolic|magnitude&quot;:31,&quot;vitals.v0/vitals/blood_pressure/any_event:0/diastolic|unit&quot;:&quot;mm[Hg]&quot;,&quot;vitals.v0/vitals/blood_pressure/any_event:0/diastolic|magnitude&quot;:31,&quot;vitals.v0/vitals/blood_pressure/any_event:0/time&quot;:&quot;2021-07-06T16:17:49.509Z&quot;,&quot;vitals.v0/vitals/blood_pressure/language|code&quot;:&quot;en&quot;,&quot;vitals.v0/vitals/blood_pressure/language|terminology&quot;:&quot;ISO_639-1&quot;,&quot;vitals.v0/vitals/blood_pressure/encoding|code&quot;:&quot;UTF-8&quot;,&quot;vitals.v0/vitals/blood_pressure/encoding|terminology&quot;:&quot;IANA_character-sets&quot;,&quot;vitals.v0/vitals/pulse_heart_beat/any_event:0/rate|unit&quot;:&quot;/min&quot;,&quot;vitals.v0/vitals/pulse_heart_beat/any_event:0/rate|magnitude&quot;:31,&quot;vitals.v0/vitals/pulse_heart_beat/any_event:0/time&quot;:&quot;2021-07-06T16:17:49.518Z&quot;,&quot;vitals.v0/vitals/pulse_heart_beat/language|code&quot;:&quot;en&quot;,&quot;vitals.v0/vitals/pulse_heart_beat/language|terminology&quot;:&quot;ISO_639-1&quot;,&quot;vitals.v0/vitals/pulse_heart_beat/encoding|code&quot;:&quot;UTF-8&quot;,&quot;vitals.v0/vitals/pulse_heart_beat/encoding|terminology&quot;:&quot;IANA_character-sets&quot;,&quot;vitals.v0/vitals/respiration/any_event:0/rate|unit&quot;:&quot;/min&quot;,&quot;vitals.v0/vitals/respiration/any_event:0/rate|magnitude&quot;:31,&quot;vitals.v0/vitals/respiration/any_event:0/time&quot;:&quot;2021-07-06T16:17:49.521Z&quot;,&quot;vitals.v0/vitals/respiration/language|code&quot;:&quot;en&quot;,&quot;vitals.v0/vitals/respiration/language|terminology&quot;:&quot;ISO_639-1&quot;,&quot;vitals.v0/vitals/respiration/encoding|code&quot;:&quot;UTF-8&quot;,&quot;vitals.v0/vitals/respiration/encoding|terminology&quot;:&quot;IANA_character-sets&quot;,&quot;vitals.v0/vitals/pulse_oximetry/any_event:0/spo|numerator&quot;:31,&quot;vitals.v0/vitals/pulse_oximetry/any_event:0/spo|denominator&quot;:100,&quot;vitals.v0/vitals/pulse_oximetry/any_event:0/spo|type&quot;:2,&quot;vitals.v0/vitals/pulse_oximetry/any_event:0/inspired_oxygen/flow_rate|unit&quot;:&quot;ml/min&quot;,&quot;vitals.v0/vitals/pulse_oximetry/any_event:0/inspired_oxygen/flow_rate|magnitude&quot;:31,&quot;vitals.v0/vitals/pulse_oximetry/any_event:0/inspired_oxygen/on_air&quot;:false,&quot;vitals.v0/vitals/pulse_oximetry/any_event:0/time&quot;:&quot;2021-07-06T16:17:49.506Z&quot;,&quot;vitals.v0/vitals/pulse_oximetry/language|code&quot;:&quot;en&quot;,&quot;vitals.v0/vitals/pulse_oximetry/language|terminology&quot;:&quot;ISO_639-1&quot;,&quot;vitals.v0/vitals/pulse_oximetry/encoding|code&quot;:&quot;UTF-8&quot;,&quot;vitals.v0/vitals/pulse_oximetry/encoding|terminology&quot;:&quot;IANA_character-sets&quot;,&quot;vitals.v0/composer|name&quot;:&quot;Medblocks UI&quot;,&quot;vitals.v0/language|code&quot;:&quot;en&quot;,&quot;vitals.v0/language|terminology&quot;:&quot;ISO_639-1&quot;,&quot;vitals.v0/territory|code&quot;:&quot;IN&quot;,&quot;vitals.v0/territory|terminology&quot;:&quot;ISO_3166-1&quot;}">
    </testcase>
    <testcase name="Try requests against EHRbase {&quot;vitals.v0/category|code&quot;:&quot;433&quot;,&quot;vitals.v0/category|value&quot;:&quot;event&quot;,&quot;vitals.v0/category|terminology&quot;:&quot;openehr&quot;,&quot;vitals.v0/context/start_time&quot;:&quot;2021-07-06T16:17:49.506Z&quot;,&quot;vitals.v0/context/setting|code&quot;:&quot;238&quot;,&quot;vitals.v0/context/setting|value&quot;:&quot;other care&quot;,&quot;vitals.v0/context/setting|terminology&quot;:&quot;openehr&quot;,&quot;vitals.v0/vitals/body_temperature/any_event:0/temperature|unit&quot;:&quot;[degF]&quot;,&quot;vitals.v0/vitals/body_temperature/any_event:0/temperature|magnitude&quot;:31,&quot;vitals.v0/vitals/body_temperature/any_event:0/time&quot;:&quot;2021-07-06T16:17:49.506Z&quot;,&quot;vitals.v0/vitals/body_temperature/language|code&quot;:&quot;en&quot;,&quot;vitals.v0/vitals/body_temperature/language|terminology&quot;:&quot;ISO_639-1&quot;,&quot;vitals.v0/vitals/body_temperature/encoding|code&quot;:&quot;UTF-8&quot;,&quot;vitals.v0/vitals/body_temperature/encoding|terminology&quot;:&quot;IANA_character-sets&quot;,&quot;vitals.v0/vitals/blood_pressure/any_event:0/systolic|unit&quot;:&quot;mm[Hg]&quot;,&quot;vitals.v0/vitals/blood_pressure/any_event:0/systolic|magnitude&quot;:31,&quot;vitals.v0/vitals/blood_pressure/any_event:0/diastolic|unit&quot;:&quot;mm[Hg]&quot;,&quot;vitals.v0/vitals/blood_pressure/any_event:0/diastolic|magnitude&quot;:31,&quot;vitals.v0/vitals/blood_pressure/any_event:0/time&quot;:&quot;2021-07-06T16:17:49.509Z&quot;,&quot;vitals.v0/vitals/blood_pressure/language|code&quot;:&quot;en&quot;,&quot;vitals.v0/vitals/blood_pressure/language|terminology&quot;:&quot;ISO_639-1&quot;,&quot;vitals.v0/vitals/blood_pressure/encoding|code&quot;:&quot;UTF-8&quot;,&quot;vitals.v0/vitals/blood_pressure/encoding|terminology&quot;:&quot;IANA_character-sets&quot;,&quot;vitals.v0/vitals/pulse_heart_beat/any_event:0/rate|unit&quot;:&quot;/min&quot;,&quot;vitals.v0/vitals/pulse_heart_beat/any_event:0/rate|magnitude&quot;:31,&quot;vitals.v0/vitals/pulse_heart_beat/any_event:0/time&quot;:&quot;2021-07-06T16:17:49.518Z&quot;,&quot;vitals.v0/vitals/pulse_heart_beat/language|code&quot;:&quot;en&quot;,&quot;vitals.v0/vitals/pulse_heart_beat/language|terminology&quot;:&quot;ISO_639-1&quot;,&quot;vitals.v0/vitals/pulse_heart_beat/encoding|code&quot;:&quot;UTF-8&quot;,&quot;vitals.v0/vitals/pulse_heart_beat/encoding|terminology&quot;:&quot;IANA_character-sets&quot;,&quot;vitals.v0/vitals/respiration/any_event:0/rate|unit&quot;:&quot;/min&quot;,&quot;vitals.v0/vitals/respiration/any_event:0/rate|magnitude&quot;:31,&quot;vitals.v0/vitals/respiration/any_event:0/time&quot;:&quot;2021-07-06T16:17:49.521Z&quot;,&quot;vitals.v0/vitals/respiration/language|code&quot;:&quot;en&quot;,&quot;vitals.v0/vitals/respiration/language|terminology&quot;:&quot;ISO_639-1&quot;,&quot;vitals.v0/vitals/respiration/encoding|code&quot;:&quot;UTF-8&quot;,&quot;vitals.v0/vitals/respiration/encoding|terminology&quot;:&quot;IANA_character-sets&quot;,&quot;vitals.v0/vitals/pulse_oximetry/any_event:0/spo|numerator&quot;:31,&quot;vitals.v0/vitals/pulse_oximetry/any_event:0/spo|denominator&quot;:100,&quot;vitals.v0/vitals/pulse_oximetry/any_event:0/spo|type&quot;:2,&quot;vitals.v0/vitals/pulse_oximetry/any_event:0/inspired_oxygen/flow_rate|unit&quot;:&quot;ml/min&quot;,&quot;vitals.v0/vitals/pulse_oximetry/any_event:0/inspired_oxygen/flow_rate|magnitude&quot;:31,&quot;vitals.v0/vitals/pulse_oximetry/any_event:0/inspired_oxygen/percent_o|numerator&quot;:31,&quot;vitals.v0/vitals/pulse_oximetry/any_event:0/inspired_oxygen/percent_o|denominator&quot;:100,&quot;vitals.v0/vitals/pulse_oximetry/any_event:0/inspired_oxygen/percent_o|type&quot;:2,&quot;vitals.v0/vitals/pulse_oximetry/any_event:0/inspired_oxygen/on_air&quot;:false,&quot;vitals.v0/vitals/pulse_oximetry/any_event:0/time&quot;:&quot;2021-07-06T16:17:49.506Z&quot;,&quot;vitals.v0/vitals/pulse_oximetry/language|code&quot;:&quot;en&quot;,&quot;vitals.v0/vitals/pulse_oximetry/language|terminology&quot;:&quot;ISO_639-1&quot;,&quot;vitals.v0/vitals/pulse_oximetry/encoding|code&quot;:&quot;UTF-8&quot;,&quot;vitals.v0/vitals/pulse_oximetry/encoding|terminology&quot;:&quot;IANA_character-sets&quot;,&quot;vitals.v0/composer|name&quot;:&quot;Medblocks UI&quot;,&quot;vitals.v0/language|code&quot;:&quot;en&quot;,&quot;vitals.v0/language|terminology&quot;:&quot;ISO_639-1&quot;,&quot;vitals.v0/territory|code&quot;:&quot;IN&quot;,&quot;vitals.v0/territory|terminology&quot;:&quot;ISO_3166-1&quot;}" time="0.4890" classname="{&quot;vitals.v0/category|code&quot;:&quot;433&quot;,&quot;vitals.v0/category|value&quot;:&quot;event&quot;,&quot;vitals.v0/category|terminology&quot;:&quot;openehr&quot;,&quot;vitals.v0/context/start_time&quot;:&quot;2021-07-06T16:17:49.506Z&quot;,&quot;vitals.v0/context/setting|code&quot;:&quot;238&quot;,&quot;vitals.v0/context/setting|value&quot;:&quot;other care&quot;,&quot;vitals.v0/context/setting|terminology&quot;:&quot;openehr&quot;,&quot;vitals.v0/vitals/body_temperature/any_event:0/temperature|unit&quot;:&quot;[degF]&quot;,&quot;vitals.v0/vitals/body_temperature/any_event:0/temperature|magnitude&quot;:31,&quot;vitals.v0/vitals/body_temperature/any_event:0/time&quot;:&quot;2021-07-06T16:17:49.506Z&quot;,&quot;vitals.v0/vitals/body_temperature/language|code&quot;:&quot;en&quot;,&quot;vitals.v0/vitals/body_temperature/language|terminology&quot;:&quot;ISO_639-1&quot;,&quot;vitals.v0/vitals/body_temperature/encoding|code&quot;:&quot;UTF-8&quot;,&quot;vitals.v0/vitals/body_temperature/encoding|terminology&quot;:&quot;IANA_character-sets&quot;,&quot;vitals.v0/vitals/blood_pressure/any_event:0/systolic|unit&quot;:&quot;mm[Hg]&quot;,&quot;vitals.v0/vitals/blood_pressure/any_event:0/systolic|magnitude&quot;:31,&quot;vitals.v0/vitals/blood_pressure/any_event:0/diastolic|unit&quot;:&quot;mm[Hg]&quot;,&quot;vitals.v0/vitals/blood_pressure/any_event:0/diastolic|magnitude&quot;:31,&quot;vitals.v0/vitals/blood_pressure/any_event:0/time&quot;:&quot;2021-07-06T16:17:49.509Z&quot;,&quot;vitals.v0/vitals/blood_pressure/language|code&quot;:&quot;en&quot;,&quot;vitals.v0/vitals/blood_pressure/language|terminology&quot;:&quot;ISO_639-1&quot;,&quot;vitals.v0/vitals/blood_pressure/encoding|code&quot;:&quot;UTF-8&quot;,&quot;vitals.v0/vitals/blood_pressure/encoding|terminology&quot;:&quot;IANA_character-sets&quot;,&quot;vitals.v0/vitals/pulse_heart_beat/any_event:0/rate|unit&quot;:&quot;/min&quot;,&quot;vitals.v0/vitals/pulse_heart_beat/any_event:0/rate|magnitude&quot;:31,&quot;vitals.v0/vitals/pulse_heart_beat/any_event:0/time&quot;:&quot;2021-07-06T16:17:49.518Z&quot;,&quot;vitals.v0/vitals/pulse_heart_beat/language|code&quot;:&quot;en&quot;,&quot;vitals.v0/vitals/pulse_heart_beat/language|terminology&quot;:&quot;ISO_639-1&quot;,&quot;vitals.v0/vitals/pulse_heart_beat/encoding|code&quot;:&quot;UTF-8&quot;,&quot;vitals.v0/vitals/pulse_heart_beat/encoding|terminology&quot;:&quot;IANA_character-sets&quot;,&quot;vitals.v0/vitals/respiration/any_event:0/rate|unit&quot;:&quot;/min&quot;,&quot;vitals.v0/vitals/respiration/any_event:0/rate|magnitude&quot;:31,&quot;vitals.v0/vitals/respiration/any_event:0/time&quot;:&quot;2021-07-06T16:17:49.521Z&quot;,&quot;vitals.v0/vitals/respiration/language|code&quot;:&quot;en&quot;,&quot;vitals.v0/vitals/respiration/language|terminology&quot;:&quot;ISO_639-1&quot;,&quot;vitals.v0/vitals/respiration/encoding|code&quot;:&quot;UTF-8&quot;,&quot;vitals.v0/vitals/respiration/encoding|terminology&quot;:&quot;IANA_character-sets&quot;,&quot;vitals.v0/vitals/pulse_oximetry/any_event:0/spo|numerator&quot;:31,&quot;vitals.v0/vitals/pulse_oximetry/any_event:0/spo|denominator&quot;:100,&quot;vitals.v0/vitals/pulse_oximetry/any_event:0/spo|type&quot;:2,&quot;vitals.v0/vitals/pulse_oximetry/any_event:0/inspired_oxygen/flow_rate|unit&quot;:&quot;ml/min&quot;,&quot;vitals.v0/vitals/pulse_oximetry/any_event:0/inspired_oxygen/flow_rate|magnitude&quot;:31,&quot;vitals.v0/vitals/pulse_oximetry/any_event:0/inspired_oxygen/percent_o|numerator&quot;:31,&quot;vitals.v0/vitals/pulse_oximetry/any_event:0/inspired_oxygen/percent_o|denominator&quot;:100,&quot;vitals.v0/vitals/pulse_oximetry/any_event:0/inspired_oxygen/percent_o|type&quot;:2,&quot;vitals.v0/vitals/pulse_oximetry/any_event:0/inspired_oxygen/on_air&quot;:false,&quot;vitals.v0/vitals/pulse_oximetry/any_event:0/time&quot;:&quot;2021-07-06T16:17:49.506Z&quot;,&quot;vitals.v0/vitals/pulse_oximetry/language|code&quot;:&quot;en&quot;,&quot;vitals.v0/vitals/pulse_oximetry/language|terminology&quot;:&quot;ISO_639-1&quot;,&quot;vitals.v0/vitals/pulse_oximetry/encoding|code&quot;:&quot;UTF-8&quot;,&quot;vitals.v0/vitals/pulse_oximetry/encoding|terminology&quot;:&quot;IANA_character-sets&quot;,&quot;vitals.v0/composer|name&quot;:&quot;Medblocks UI&quot;,&quot;vitals.v0/language|code&quot;:&quot;en&quot;,&quot;vitals.v0/language|terminology&quot;:&quot;ISO_639-1&quot;,&quot;vitals.v0/territory|code&quot;:&quot;IN&quot;,&quot;vitals.v0/territory|terminology&quot;:&quot;ISO_3166-1&quot;}">
    </testcase>
    <testcase name="Try requests against EHRbase {&quot;vitals.v0/category|code&quot;:&quot;433&quot;,&quot;vitals.v0/category|value&quot;:&quot;event&quot;,&quot;vitals.v0/category|terminology&quot;:&quot;openehr&quot;,&quot;vitals.v0/context/start_time&quot;:&quot;2021-07-06T16:17:49.506Z&quot;,&quot;vitals.v0/context/setting|code&quot;:&quot;238&quot;,&quot;vitals.v0/context/setting|value&quot;:&quot;other care&quot;,&quot;vitals.v0/context/setting|terminology&quot;:&quot;openehr&quot;,&quot;vitals.v0/vitals/body_temperature/any_event:0/temperature|unit&quot;:&quot;[degF]&quot;,&quot;vitals.v0/vitals/body_temperature/any_event:0/temperature|magnitude&quot;:31,&quot;vitals.v0/vitals/body_temperature/any_event:0/time&quot;:&quot;2021-07-06T16:17:49.506Z&quot;,&quot;vitals.v0/vitals/body_temperature/language|code&quot;:&quot;en&quot;,&quot;vitals.v0/vitals/body_temperature/language|terminology&quot;:&quot;ISO_639-1&quot;,&quot;vitals.v0/vitals/body_temperature/encoding|code&quot;:&quot;UTF-8&quot;,&quot;vitals.v0/vitals/body_temperature/encoding|terminology&quot;:&quot;IANA_character-sets&quot;,&quot;vitals.v0/vitals/blood_pressure/any_event:0/systolic|unit&quot;:&quot;mm[Hg]&quot;,&quot;vitals.v0/vitals/blood_pressure/any_event:0/systolic|magnitude&quot;:31,&quot;vitals.v0/vitals/blood_pressure/any_event:0/diastolic|unit&quot;:&quot;mm[Hg]&quot;,&quot;vitals.v0/vitals/blood_pressure/any_event:0/diastolic|magnitude&quot;:31,&quot;vitals.v0/vitals/blood_pressure/any_event:0/time&quot;:&quot;2021-07-06T16:17:49.509Z&quot;,&quot;vitals.v0/vitals/blood_pressure/language|code&quot;:&quot;en&quot;,&quot;vitals.v0/vitals/blood_pressure/language|terminology&quot;:&quot;ISO_639-1&quot;,&quot;vitals.v0/vitals/blood_pressure/encoding|code&quot;:&quot;UTF-8&quot;,&quot;vitals.v0/vitals/blood_pressure/encoding|terminology&quot;:&quot;IANA_character-sets&quot;,&quot;vitals.v0/vitals/pulse_heart_beat/any_event:0/rate|unit&quot;:&quot;/min&quot;,&quot;vitals.v0/vitals/pulse_heart_beat/any_event:0/rate|magnitude&quot;:31,&quot;vitals.v0/vitals/pulse_heart_beat/any_event:0/time&quot;:&quot;2021-07-06T16:17:49.518Z&quot;,&quot;vitals.v0/vitals/pulse_heart_beat/language|code&quot;:&quot;en&quot;,&quot;vitals.v0/vitals/pulse_heart_beat/language|terminology&quot;:&quot;ISO_639-1&quot;,&quot;vitals.v0/vitals/pulse_heart_beat/encoding|code&quot;:&quot;UTF-8&quot;,&quot;vitals.v0/vitals/pulse_heart_beat/encoding|terminology&quot;:&quot;IANA_character-sets&quot;,&quot;vitals.v0/vitals/respiration/any_event:0/rate|unit&quot;:&quot;/min&quot;,&quot;vitals.v0/vitals/respiration/any_event:0/rate|magnitude&quot;:31,&quot;vitals.v0/vitals/respiration/any_event:0/time&quot;:&quot;2021-07-06T16:17:49.521Z&quot;,&quot;vitals.v0/vitals/respiration/language|code&quot;:&quot;en&quot;,&quot;vitals.v0/vitals/respiration/language|terminology&quot;:&quot;ISO_639-1&quot;,&quot;vitals.v0/vitals/respiration/encoding|code&quot;:&quot;UTF-8&quot;,&quot;vitals.v0/vitals/respiration/encoding|terminology&quot;:&quot;IANA_character-sets&quot;,&quot;vitals.v0/vitals/pulse_oximetry/any_event:0/spo|numerator&quot;:31,&quot;vitals.v0/vitals/pulse_oximetry/any_event:0/spo|denominator&quot;:100,&quot;vitals.v0/vitals/pulse_oximetry/any_event:0/spo|type&quot;:2,&quot;vitals.v0/vitals/pulse_oximetry/any_event:0/inspired_oxygen/flow_rate|unit&quot;:&quot;ml/min&quot;,&quot;vitals.v0/vitals/pulse_oximetry/any_event:0/inspired_oxygen/flow_rate|magnitude&quot;:31,&quot;vitals.v0/vitals/pulse_oximetry/any_event:0/inspired_oxygen/percent_o|numerator&quot;:31,&quot;vitals.v0/vitals/pulse_oximetry/any_event:0/inspired_oxygen/percent_o|denominator&quot;:100,&quot;vitals.v0/vitals/pulse_oximetry/any_event:0/inspired_oxygen/percent_o|type&quot;:2,&quot;vitals.v0/vitals/pulse_oximetry/any_event:0/inspired_oxygen/on_air&quot;:true,&quot;vitals.v0/vitals/pulse_oximetry/any_event:0/time&quot;:&quot;2021-07-06T16:17:49.506Z&quot;,&quot;vitals.v0/vitals/pulse_oximetry/language|code&quot;:&quot;en&quot;,&quot;vitals.v0/vitals/pulse_oximetry/language|terminology&quot;:&quot;ISO_639-1&quot;,&quot;vitals.v0/vitals/pulse_oximetry/encoding|code&quot;:&quot;UTF-8&quot;,&quot;vitals.v0/vitals/pulse_oximetry/encoding|terminology&quot;:&quot;IANA_character-sets&quot;,&quot;vitals.v0/composer|name&quot;:&quot;Medblocks UI&quot;,&quot;vitals.v0/language|code&quot;:&quot;en&quot;,&quot;vitals.v0/language|terminology&quot;:&quot;ISO_639-1&quot;,&quot;vitals.v0/territory|code&quot;:&quot;IN&quot;,&quot;vitals.v0/territory|terminology&quot;:&quot;ISO_3166-1&quot;}" time="0.3470" classname="{&quot;vitals.v0/category|code&quot;:&quot;433&quot;,&quot;vitals.v0/category|value&quot;:&quot;event&quot;,&quot;vitals.v0/category|terminology&quot;:&quot;openehr&quot;,&quot;vitals.v0/context/start_time&quot;:&quot;2021-07-06T16:17:49.506Z&quot;,&quot;vitals.v0/context/setting|code&quot;:&quot;238&quot;,&quot;vitals.v0/context/setting|value&quot;:&quot;other care&quot;,&quot;vitals.v0/context/setting|terminology&quot;:&quot;openehr&quot;,&quot;vitals.v0/vitals/body_temperature/any_event:0/temperature|unit&quot;:&quot;[degF]&quot;,&quot;vitals.v0/vitals/body_temperature/any_event:0/temperature|magnitude&quot;:31,&quot;vitals.v0/vitals/body_temperature/any_event:0/time&quot;:&quot;2021-07-06T16:17:49.506Z&quot;,&quot;vitals.v0/vitals/body_temperature/language|code&quot;:&quot;en&quot;,&quot;vitals.v0/vitals/body_temperature/language|terminology&quot;:&quot;ISO_639-1&quot;,&quot;vitals.v0/vitals/body_temperature/encoding|code&quot;:&quot;UTF-8&quot;,&quot;vitals.v0/vitals/body_temperature/encoding|terminology&quot;:&quot;IANA_character-sets&quot;,&quot;vitals.v0/vitals/blood_pressure/any_event:0/systolic|unit&quot;:&quot;mm[Hg]&quot;,&quot;vitals.v0/vitals/blood_pressure/any_event:0/systolic|magnitude&quot;:31,&quot;vitals.v0/vitals/blood_pressure/any_event:0/diastolic|unit&quot;:&quot;mm[Hg]&quot;,&quot;vitals.v0/vitals/blood_pressure/any_event:0/diastolic|magnitude&quot;:31,&quot;vitals.v0/vitals/blood_pressure/any_event:0/time&quot;:&quot;2021-07-06T16:17:49.509Z&quot;,&quot;vitals.v0/vitals/blood_pressure/language|code&quot;:&quot;en&quot;,&quot;vitals.v0/vitals/blood_pressure/language|terminology&quot;:&quot;ISO_639-1&quot;,&quot;vitals.v0/vitals/blood_pressure/encoding|code&quot;:&quot;UTF-8&quot;,&quot;vitals.v0/vitals/blood_pressure/encoding|terminology&quot;:&quot;IANA_character-sets&quot;,&quot;vitals.v0/vitals/pulse_heart_beat/any_event:0/rate|unit&quot;:&quot;/min&quot;,&quot;vitals.v0/vitals/pulse_heart_beat/any_event:0/rate|magnitude&quot;:31,&quot;vitals.v0/vitals/pulse_heart_beat/any_event:0/time&quot;:&quot;2021-07-06T16:17:49.518Z&quot;,&quot;vitals.v0/vitals/pulse_heart_beat/language|code&quot;:&quot;en&quot;,&quot;vitals.v0/vitals/pulse_heart_beat/language|terminology&quot;:&quot;ISO_639-1&quot;,&quot;vitals.v0/vitals/pulse_heart_beat/encoding|code&quot;:&quot;UTF-8&quot;,&quot;vitals.v0/vitals/pulse_heart_beat/encoding|terminology&quot;:&quot;IANA_character-sets&quot;,&quot;vitals.v0/vitals/respiration/any_event:0/rate|unit&quot;:&quot;/min&quot;,&quot;vitals.v0/vitals/respiration/any_event:0/rate|magnitude&quot;:31,&quot;vitals.v0/vitals/respiration/any_event:0/time&quot;:&quot;2021-07-06T16:17:49.521Z&quot;,&quot;vitals.v0/vitals/respiration/language|code&quot;:&quot;en&quot;,&quot;vitals.v0/vitals/respiration/language|terminology&quot;:&quot;ISO_639-1&quot;,&quot;vitals.v0/vitals/respiration/encoding|code&quot;:&quot;UTF-8&quot;,&quot;vitals.v0/vitals/respiration/encoding|terminology&quot;:&quot;IANA_character-sets&quot;,&quot;vitals.v0/vitals/pulse_oximetry/any_event:0/spo|numerator&quot;:31,&quot;vitals.v0/vitals/pulse_oximetry/any_event:0/spo|denominator&quot;:100,&quot;vitals.v0/vitals/pulse_oximetry/any_event:0/spo|type&quot;:2,&quot;vitals.v0/vitals/pulse_oximetry/any_event:0/inspired_oxygen/flow_rate|unit&quot;:&quot;ml/min&quot;,&quot;vitals.v0/vitals/pulse_oximetry/any_event:0/inspired_oxygen/flow_rate|magnitude&quot;:31,&quot;vitals.v0/vitals/pulse_oximetry/any_event:0/inspired_oxygen/percent_o|numerator&quot;:31,&quot;vitals.v0/vitals/pulse_oximetry/any_event:0/inspired_oxygen/percent_o|denominator&quot;:100,&quot;vitals.v0/vitals/pulse_oximetry/any_event:0/inspired_oxygen/percent_o|type&quot;:2,&quot;vitals.v0/vitals/pulse_oximetry/any_event:0/inspired_oxygen/on_air&quot;:true,&quot;vitals.v0/vitals/pulse_oximetry/any_event:0/time&quot;:&quot;2021-07-06T16:17:49.506Z&quot;,&quot;vitals.v0/vitals/pulse_oximetry/language|code&quot;:&quot;en&quot;,&quot;vitals.v0/vitals/pulse_oximetry/language|terminology&quot;:&quot;ISO_639-1&quot;,&quot;vitals.v0/vitals/pulse_oximetry/encoding|code&quot;:&quot;UTF-8&quot;,&quot;vitals.v0/vitals/pulse_oximetry/encoding|terminology&quot;:&quot;IANA_character-sets&quot;,&quot;vitals.v0/composer|name&quot;:&quot;Medblocks UI&quot;,&quot;vitals.v0/language|code&quot;:&quot;en&quot;,&quot;vitals.v0/language|terminology&quot;:&quot;ISO_639-1&quot;,&quot;vitals.v0/territory|code&quot;:&quot;IN&quot;,&quot;vitals.v0/territory|terminology&quot;:&quot;ISO_3166-1&quot;}">
    </testcase>
    <testcase name="Try requests against EHRbase {&quot;vitals.v0/category|code&quot;:&quot;433&quot;,&quot;vitals.v0/category|value&quot;:&quot;event&quot;,&quot;vitals.v0/category|terminology&quot;:&quot;openehr&quot;,&quot;vitals.v0/context/start_time&quot;:&quot;2021-07-06T16:17:49.506Z&quot;,&quot;vitals.v0/context/setting|code&quot;:&quot;238&quot;,&quot;vitals.v0/context/setting|value&quot;:&quot;other care&quot;,&quot;vitals.v0/context/setting|terminology&quot;:&quot;openehr&quot;,&quot;vitals.v0/vitals/body_temperature/any_event:0/temperature|unit&quot;:&quot;[degF]&quot;,&quot;vitals.v0/vitals/body_temperature/any_event:0/temperature|magnitude&quot;:31,&quot;vitals.v0/vitals/body_temperature/any_event:0/time&quot;:&quot;2021-07-06T16:17:49.506Z&quot;,&quot;vitals.v0/vitals/body_temperature/language|code&quot;:&quot;en&quot;,&quot;vitals.v0/vitals/body_temperature/language|terminology&quot;:&quot;ISO_639-1&quot;,&quot;vitals.v0/vitals/body_temperature/encoding|code&quot;:&quot;UTF-8&quot;,&quot;vitals.v0/vitals/body_temperature/encoding|terminology&quot;:&quot;IANA_character-sets&quot;,&quot;vitals.v0/vitals/blood_pressure/any_event:0/systolic|unit&quot;:&quot;mm[Hg]&quot;,&quot;vitals.v0/vitals/blood_pressure/any_event:0/systolic|magnitude&quot;:31,&quot;vitals.v0/vitals/blood_pressure/any_event:0/diastolic|unit&quot;:&quot;mm[Hg]&quot;,&quot;vitals.v0/vitals/blood_pressure/any_event:0/diastolic|magnitude&quot;:31,&quot;vitals.v0/vitals/blood_pressure/any_event:0/time&quot;:&quot;2021-07-06T16:17:49.509Z&quot;,&quot;vitals.v0/vitals/blood_pressure/language|code&quot;:&quot;en&quot;,&quot;vitals.v0/vitals/blood_pressure/language|terminology&quot;:&quot;ISO_639-1&quot;,&quot;vitals.v0/vitals/blood_pressure/encoding|code&quot;:&quot;UTF-8&quot;,&quot;vitals.v0/vitals/blood_pressure/encoding|terminology&quot;:&quot;IANA_character-sets&quot;,&quot;vitals.v0/vitals/pulse_heart_beat/any_event:0/rate|unit&quot;:&quot;/min&quot;,&quot;vitals.v0/vitals/pulse_heart_beat/any_event:0/rate|magnitude&quot;:31,&quot;vitals.v0/vitals/pulse_heart_beat/any_event:0/time&quot;:&quot;2021-07-06T16:17:49.518Z&quot;,&quot;vitals.v0/vitals/pulse_heart_beat/language|code&quot;:&quot;en&quot;,&quot;vitals.v0/vitals/pulse_heart_beat/language|terminology&quot;:&quot;ISO_639-1&quot;,&quot;vitals.v0/vitals/pulse_heart_beat/encoding|code&quot;:&quot;UTF-8&quot;,&quot;vitals.v0/vitals/pulse_heart_beat/encoding|terminology&quot;:&quot;IANA_character-sets&quot;,&quot;vitals.v0/vitals/respiration/any_event:0/rate|unit&quot;:&quot;/min&quot;,&quot;vitals.v0/vitals/respiration/any_event:0/rate|magnitude&quot;:31,&quot;vitals.v0/vitals/respiration/any_event:0/time&quot;:&quot;2021-07-06T16:17:49.521Z&quot;,&quot;vitals.v0/vitals/respiration/language|code&quot;:&quot;en&quot;,&quot;vitals.v0/vitals/respiration/language|terminology&quot;:&quot;ISO_639-1&quot;,&quot;vitals.v0/vitals/respiration/encoding|code&quot;:&quot;UTF-8&quot;,&quot;vitals.v0/vitals/respiration/encoding|terminology&quot;:&quot;IANA_character-sets&quot;,&quot;vitals.v0/vitals/pulse_oximetry/any_event:0/spo|numerator&quot;:31,&quot;vitals.v0/vitals/pulse_oximetry/any_event:0/spo|denominator&quot;:100,&quot;vitals.v0/vitals/pulse_oximetry/any_event:0/spo|type&quot;:2,&quot;vitals.v0/vitals/pulse_oximetry/any_event:0/inspired_oxygen/flow_rate|unit&quot;:&quot;ml/min&quot;,&quot;vitals.v0/vitals/pulse_oximetry/any_event:0/inspired_oxygen/flow_rate|magnitude&quot;:31,&quot;vitals.v0/vitals/pulse_oximetry/any_event:0/inspired_oxygen/percent_o|numerator&quot;:31,&quot;vitals.v0/vitals/pulse_oximetry/any_event:0/inspired_oxygen/percent_o|denominator&quot;:100,&quot;vitals.v0/vitals/pulse_oximetry/any_event:0/inspired_oxygen/percent_o|type&quot;:2,&quot;vitals.v0/vitals/pulse_oximetry/any_event:0/inspired_oxygen/on_air&quot;:true,&quot;vitals.v0/vitals/pulse_oximetry/any_event:0/time&quot;:&quot;2021-07-06T16:17:49.506Z&quot;,&quot;vitals.v0/vitals/pulse_oximetry/language|code&quot;:&quot;en&quot;,&quot;vitals.v0/vitals/pulse_oximetry/language|terminology&quot;:&quot;ISO_639-1&quot;,&quot;vitals.v0/vitals/pulse_oximetry/encoding|code&quot;:&quot;UTF-8&quot;,&quot;vitals.v0/vitals/pulse_oximetry/encoding|terminology&quot;:&quot;IANA_character-sets&quot;,&quot;vitals.v0/vitals/national_early_warning_score_news/point_in_time:0/respiration_rate|code&quot;:&quot;at0018&quot;,&quot;vitals.v0/vitals/national_early_warning_score_news/point_in_time:0/respiration_rate|value&quot;:&quot;12-20&quot;,&quot;vitals.v0/vitals/national_early_warning_score_news/point_in_time:0/respiration_rate|terminology&quot;:&quot;local&quot;,&quot;vitals.v0/vitals/national_early_warning_score_news/point_in_time:0/time&quot;:&quot;2021-07-06T16:17:49.537Z&quot;,&quot;vitals.v0/vitals/national_early_warning_score_news/language|code&quot;:&quot;en&quot;,&quot;vitals.v0/vitals/national_early_warning_score_news/language|terminology&quot;:&quot;ISO_639-1&quot;,&quot;vitals.v0/vitals/national_early_warning_score_news/encoding|code&quot;:&quot;UTF-8&quot;,&quot;vitals.v0/vitals/national_early_warning_score_news/encoding|terminology&quot;:&quot;IANA_character-sets&quot;,&quot;vitals.v0/composer|name&quot;:&quot;Medblocks UI&quot;,&quot;vitals.v0/language|code&quot;:&quot;en&quot;,&quot;vitals.v0/language|terminology&quot;:&quot;ISO_639-1&quot;,&quot;vitals.v0/territory|code&quot;:&quot;IN&quot;,&quot;vitals.v0/territory|terminology&quot;:&quot;ISO_3166-1&quot;}" time="0.3350" classname="{&quot;vitals.v0/category|code&quot;:&quot;433&quot;,&quot;vitals.v0/category|value&quot;:&quot;event&quot;,&quot;vitals.v0/category|terminology&quot;:&quot;openehr&quot;,&quot;vitals.v0/context/start_time&quot;:&quot;2021-07-06T16:17:49.506Z&quot;,&quot;vitals.v0/context/setting|code&quot;:&quot;238&quot;,&quot;vitals.v0/context/setting|value&quot;:&quot;other care&quot;,&quot;vitals.v0/context/setting|terminology&quot;:&quot;openehr&quot;,&quot;vitals.v0/vitals/body_temperature/any_event:0/temperature|unit&quot;:&quot;[degF]&quot;,&quot;vitals.v0/vitals/body_temperature/any_event:0/temperature|magnitude&quot;:31,&quot;vitals.v0/vitals/body_temperature/any_event:0/time&quot;:&quot;2021-07-06T16:17:49.506Z&quot;,&quot;vitals.v0/vitals/body_temperature/language|code&quot;:&quot;en&quot;,&quot;vitals.v0/vitals/body_temperature/language|terminology&quot;:&quot;ISO_639-1&quot;,&quot;vitals.v0/vitals/body_temperature/encoding|code&quot;:&quot;UTF-8&quot;,&quot;vitals.v0/vitals/body_temperature/encoding|terminology&quot;:&quot;IANA_character-sets&quot;,&quot;vitals.v0/vitals/blood_pressure/any_event:0/systolic|unit&quot;:&quot;mm[Hg]&quot;,&quot;vitals.v0/vitals/blood_pressure/any_event:0/systolic|magnitude&quot;:31,&quot;vitals.v0/vitals/blood_pressure/any_event:0/diastolic|unit&quot;:&quot;mm[Hg]&quot;,&quot;vitals.v0/vitals/blood_pre
[...]
vent:0/inspired_oxygen/flow_rate|unit&quot;:&quot;ml/min&quot;,&quot;vitals.v0/vitals/pulse_oximetry/any_event:0/inspired_oxygen/flow_rate|magnitude&quot;:31,&quot;vitals.v0/vitals/pulse_oximetry/any_event:0/inspired_oxygen/percent_o|numerator&quot;:31,&quot;vitals.v0/vitals/pulse_oximetry/any_event:0/inspired_oxygen/percent_o|denominator&quot;:100,&quot;vitals.v0/vitals/pulse_oximetry/any_event:0/inspired_oxygen/percent_o|type&quot;:2,&quot;vitals.v0/vitals/pulse_oximetry/any_event:0/inspired_oxygen/on_air&quot;:true,&quot;vitals.v0/vitals/pulse_oximetry/any_event:0/time&quot;:&quot;2021-07-06T16:17:49.506Z&quot;,&quot;vitals.v0/vitals/pulse_oximetry/language|code&quot;:&quot;en&quot;,&quot;vitals.v0/vitals/pulse_oximetry/language|terminology&quot;:&quot;ISO_639-1&quot;,&quot;vitals.v0/vitals/pulse_oximetry/encoding|code&quot;:&quot;UTF-8&quot;,&quot;vitals.v0/vitals/pulse_oximetry/encoding|terminology&quot;:&quot;IANA_character-sets&quot;,&quot;vitals.v0/vitals/national_early_warning_score_news/point_in_time:0/respiration_rate|code&quot;:&quot;at0018&quot;,&quot;vitals.v0/vitals/national_early_warning_score_news/point_in_time:0/respiration_rate|value&quot;:&quot;12-20&quot;,&quot;vitals.v0/vitals/national_early_warning_score_news/point_in_time:0/respiration_rate|terminology&quot;:&quot;local&quot;,&quot;vitals.v0/vitals/national_early_warning_score_news/point_in_time:0/oxygen_saturation|code&quot;:&quot;at0030&quot;,&quot;vitals.v0/vitals/national_early_warning_score_news/point_in_time:0/oxygen_saturation|value&quot;:&quot;&gt;= 96&quot;,&quot;vitals.v0/vitals/national_early_warning_score_news/point_in_time:0/oxygen_saturation|terminology&quot;:&quot;local&quot;,&quot;vitals.v0/vitals/national_early_warning_score_news/point_in_time:0/supplemental_oxygen|code&quot;:&quot;at0036&quot;,&quot;vitals.v0/vitals/national_early_warning_score_news/point_in_time:0/supplemental_oxygen|value&quot;:&quot;No&quot;,&quot;vitals.v0/vitals/national_early_warning_score_news/point_in_time:0/supplemental_oxygen|terminology&quot;:&quot;local&quot;,&quot;vitals.v0/vitals/national_early_warning_score_news/point_in_time:0/body_temperature|code&quot;:&quot;at0022&quot;,&quot;vitals.v0/vitals/national_early_warning_score_news/point_in_time:0/body_temperature|value&quot;:&quot;36.1-38.0&quot;,&quot;vitals.v0/vitals/national_early_warning_score_news/point_in_time:0/body_temperature|terminology&quot;:&quot;local&quot;,&quot;vitals.v0/vitals/national_early_warning_score_news/point_in_time:0/systolic_blood_pressure|code&quot;:&quot;at0014&quot;,&quot;vitals.v0/vitals/national_early_warning_score_news/point_in_time:0/systolic_blood_pressure|value&quot;:&quot;111-219&quot;,&quot;vitals.v0/vitals/national_early_warning_score_news/point_in_time:0/systolic_blood_pressure|terminology&quot;:&quot;local&quot;,&quot;vitals.v0/vitals/national_early_warning_score_news/point_in_time:0/heart_rate|code&quot;:&quot;at0013&quot;,&quot;vitals.v0/vitals/national_early_warning_score_news/point_in_time:0/heart_rate|value&quot;:&quot;51-90&quot;,&quot;vitals.v0/vitals/national_early_warning_score_news/point_in_time:0/heart_rate|terminology&quot;:&quot;local&quot;,&quot;vitals.v0/vitals/national_early_warning_score_news/point_in_time:0/level_of_consciousness|code&quot;:&quot;at0024&quot;,&quot;vitals.v0/vitals/national_early_warning_score_news/point_in_time:0/level_of_consciousness|value&quot;:&quot;A&quot;,&quot;vitals.v0/vitals/national_early_warning_score_news/point_in_time:0/level_of_consciousness|terminology&quot;:&quot;local&quot;,&quot;vitals.v0/vitals/national_early_warning_score_news/point_in_time:0/time&quot;:&quot;2021-07-06T16:17:49.537Z&quot;,&quot;vitals.v0/vitals/national_early_warning_score_news/language|code&quot;:&quot;en&quot;,&quot;vitals.v0/vitals/national_early_warning_score_news/language|terminology&quot;:&quot;ISO_639-1&quot;,&quot;vitals.v0/vitals/national_early_warning_score_news/encoding|code&quot;:&quot;UTF-8&quot;,&quot;vitals.v0/vitals/national_early_warning_score_news/encoding|terminology&quot;:&quot;IANA_character-sets&quot;,&quot;vitals.v0/composer|name&quot;:&quot;Medblocks UI&quot;,&quot;vitals.v0/language|code&quot;:&quot;en&quot;,&quot;vitals.v0/language|terminology&quot;:&quot;ISO_639-1&quot;,&quot;vitals.v0/territory|code&quot;:&quot;IN&quot;,&quot;vitals.v0/territory|terminology&quot;:&quot;ISO_3166-1&quot;}">
    </testcase>
    <testcase name="Try requests against EHRbase {&quot;vitals.v0/category|code&quot;:&quot;433&quot;,&quot;vitals.v0/category|value&quot;:&quot;event&quot;,&quot;vitals.v0/category|terminology&quot;:&quot;openehr&quot;,&quot;vitals.v0/context/start_time&quot;:&quot;2021-07-06T16:17:49.506Z&quot;,&quot;vitals.v0/context/setting|code&quot;:&quot;238&quot;,&quot;vitals.v0/context/setting|value&quot;:&quot;other care&quot;,&quot;vitals.v0/context/setting|terminology&quot;:&quot;openehr&quot;,&quot;vitals.v0/vitals/body_temperature/any_event:0/temperature|unit&quot;:&quot;[degF]&quot;,&quot;vitals.v0/vitals/body_temperature/any_event:0/temperature|magnitude&quot;:31,&quot;vitals.v0/vitals/body_temperature/any_event:0/time&quot;:&quot;2021-07-06T16:17:49.506Z&quot;,&quot;vitals.v0/vitals/body_temperature/language|code&quot;:&quot;en&quot;,&quot;vitals.v0/vitals/body_temperature/language|terminology&quot;:&quot;ISO_639-1&quot;,&quot;vitals.v0/vitals/body_temperature/encoding|code&quot;:&quot;UTF-8&quot;,&quot;vitals.v0/vitals/body_temperature/encoding|terminology&quot;:&quot;IANA_character-sets&quot;,&quot;vitals.v0/vitals/blood_pressure/any_event:0/systolic|unit&quot;:&quot;mm[Hg]&quot;,&quot;vitals.v0/vitals/blood_pressure/any_event:0/systolic|magnitude&quot;:31,&quot;vitals.v0/vitals/blood_pressure/any_event:0/diastolic|unit&quot;:&quot;mm[Hg]&quot;,&quot;vitals.v0/vitals/blood_pressure/any_event:0/diastolic|magnitude&quot;:31,&quot;vitals.v0/vitals/blood_pressure/any_event:0/time&quot;:&quot;2021-07-06T16:17:49.509Z&quot;,&quot;vitals.v0/vitals/blood_pressure/language|code&quot;:&quot;en&quot;,&quot;vitals.v0/vitals/blood_pressure/language|terminology&quot;:&quot;ISO_639-1&quot;,&quot;vitals.v0/vitals/blood_pressure/encoding|code&quot;:&quot;UTF-8&quot;,&quot;vitals.v0/vitals/blood_pressure/encoding|terminology&quot;:&quot;IANA_character-sets&quot;,&quot;vitals.v0/vitals/pulse_heart_beat/any_event:0/rate|unit&quot;:&quot;/min&quot;,&quot;vitals.v0/vitals/pulse_heart_beat/any_event:0/rate|magnitude&quot;:31,&quot;vitals.v0/vitals/pulse_heart_beat/any_event:0/time&quot;:&quot;2021-07-06T16:17:49.518Z&quot;,&quot;vitals.v0/vitals/pulse_heart_beat/language|code&quot;:&quot;en&quot;,&quot;vitals.v0/vitals/pulse_heart_beat/language|terminology&quot;:&quot;ISO_639-1&quot;,&quot;vitals.v0/vitals/pulse_heart_beat/encoding|code&quot;:&quot;UTF-8&quot;,&quot;vitals.v0/vitals/pulse_heart_beat/encoding|terminology&quot;:&quot;IANA_character-sets&quot;,&quot;vitals.v0/vitals/respiration/any_event:0/rate|unit&quot;:&quot;/min&quot;,&quot;vitals.v0/vitals/respiration/any_event:0/rate|magnitude&quot;:31,&quot;vitals.v0/vitals/respiration/any_event:0/time&quot;:&quot;2021-07-06T16:17:49.521Z&quot;,&quot;vitals.v0/vitals/respiration/language|code&quot;:&quot;en&quot;,&quot;vitals.v0/vitals/respiration/language|terminology&quot;:&quot;ISO_639-1&quot;,&quot;vitals.v0/vitals/respiration/encoding|code&quot;:&quot;UTF-8&quot;,&quot;vitals.v0/vitals/respiration/encoding|terminology&quot;:&quot;IANA_character-sets&quot;,&quot;vitals.v0/vitals/pulse_oximetry/any_event:0/spo|numerator&quot;:31,&quot;vitals.v0/vitals/pulse_oximetry/any_event:0/spo|denominator&quot;:100,&quot;vitals.v0/vitals/pulse_oximetry/any_event:0/spo|type&quot;:2,&quot;vitals.v0/vitals/pulse_oximetry/any_event:0/inspired_oxygen/flow_rate|unit&quot;:&quot;ml/min&quot;,&quot;vitals.v0/vitals/pulse_oximetry/any_event:0/inspired_oxygen/flow_rate|magnitude&quot;:31,&quot;vitals.v0/vitals/pulse_oximetry/any_event:0/inspired_oxygen/percent_o|numerator&quot;:31,&quot;vitals.v0/vitals/pulse_oximetry/any_event:0/inspired_oxygen/percent_o|denominator&quot;:100,&quot;vitals.v0/vitals/pulse_oximetry/any_event:0/inspired_oxygen/percent_o|type&quot;:2,&quot;vitals.v0/vitals/pulse_oximetry/any_event:0/inspired_oxygen/on_air&quot;:true,&quot;vitals.v0/vitals/pulse_oximetry/any_event:0/time&quot;:&quot;2021-07-06T16:17:49.506Z&quot;,&quot;vitals.v0/vitals/pulse_oximetry/language|code&quot;:&quot;en&quot;,&quot;vitals.v0/vitals/pulse_oximetry/language|terminology&quot;:&quot;ISO_639-1&quot;,&quot;vitals.v0/vitals/pulse_oximetry/encoding|code&quot;:&quot;UTF-8&quot;,&quot;vitals.v0/vitals/pulse_oximetry/encoding|terminology&quot;:&quot;IANA_character-sets&quot;,&quot;vitals.v0/vitals/national_early_warning_score_news/point_in_time:0/respiration_rate|code&quot;:&quot;at0018&quot;,&quot;vitals.v0/vitals/national_early_warning_score_news/point_in_time:0/respiration_rate|value&quot;:&quot;12-20&quot;,&quot;vitals.v0/vitals/national_early_warning_score_news/point_in_time:0/respiration_rate|terminology&quot;:&quot;local&quot;,&quot;vitals.v0/vitals/national_early_warning_score_news/point_in_time:0/oxygen_saturation|code&quot;:&quot;at0030&quot;,&quot;vitals.v0/vitals/national_early_warning_score_news/point_in_time:0/oxygen_saturation|value&quot;:&quot;&gt;= 96&quot;,&quot;vitals.v0/vitals/national_early_warning_score_news/point_in_time:0/oxygen_saturation|terminology&quot;:&quot;local&quot;,&quot;vitals.v0/vitals/national_early_warning_score_news/point_in_time:0/supplemental_oxygen|code&quot;:&quot;at0036&quot;,&quot;vitals.v0/vitals/national_early_warning_score_news/point_in_time:0/supplemental_oxygen|value&quot;:&quot;No&quot;,&quot;vitals.v0/vitals/national_early_warning_score_news/point_in_time:0/supplemental_oxygen|terminology&quot;:&quot;local&quot;,&quot;vitals.v0/vitals/national_early_warning_score_news/point_in_time:0/body_temperature|code&quot;:&quot;at0022&quot;,&quot;vitals.v0/vitals/national_early_warning_score_news/point_in_time:0/body_temperature|value&quot;:&quot;36.1-38.0&quot;,&quot;vitals.v0/vitals/national_early_warning_score_news/point_in_time:0/body_temperature|terminology&quot;:&quot;local&quot;,&quot;vitals.v0/vitals/national_early_warning_score_news/point_in_time:0/systolic_blood_pressure|code&quot;:&quot;at0014&quot;,&quot;vitals.v0/vitals/national_early_warning_score_news/point_in_time:0/systolic_blood_pressure|value&quot;:&quot;111-219&quot;,&quot;vitals.v0/vitals/national_early_warning_score_news/point_in_time:0/systolic_blood_pressure|terminology&quot;:&quot;local&quot;,&quot;vitals.v0/vitals/national_early_warning_score_news/point_in_time:0/heart_rate|code&quot;:&quot;at0013&quot;,&quot;vitals.v0/vitals/national_early_warning_score_news/point_in_time:0/heart_rate|value&quot;:&quot;51-90&quot;,&quot;vitals.v0/vitals/national_early_warning_score_news/point_in_time:0/heart_rate|terminology&quot;:&quot;local&quot;,&quot;vitals.v0/vitals/national_early_warning_score_news/point_in_time:0/level_of_consciousness|code&quot;:&quot;at0024&quot;,&quot;vitals.v0/vitals/national_early_warning_score_news/point_in_time:0/level_of_consciousness|value&quot;:&quot;A&quot;,&quot;vitals.v0/vitals/national_early_warning_score_news/point_in_time:0/level_of_consciousness|terminology&quot;:&quot;local&quot;,&quot;vitals.v0/vitals/national_early_warning_score_news/point_in_time:0/total_score|magnitude&quot;:31,&quot;vitals.v0/vitals/national_early_warning_score_news/point_in_time:0/time&quot;:&quot;2021-07-06T16:17:49.537Z&quot;,&quot;vitals.v0/vitals/national_early_warning_score_news/language|code&quot;:&quot;en&quot;,&quot;vitals.v0/vitals/national_early_warning_score_news/language|terminology&quot;:&quot;ISO_639-1&quot;,&quot;vitals.v0/vitals/national_early_warning_score_news/encoding|code&quot;:&quot;UTF-8&quot;,&quot;vitals.v0/vitals/national_early_warning_score_news/encoding|terminology&quot;:&quot;IANA_character-sets&quot;,&quot;vitals.v0/composer|name&quot;:&quot;Medblocks UI&quot;,&quot;vitals.v0/language|code&quot;:&quot;en&quot;,&quot;vitals.v0/language|terminology&quot;:&quot;ISO_639-1&quot;,&quot;vitals.v0/territory|code&quot;:&quot;IN&quot;,&quot;vitals.v0/territory|terminology&quot;:&quot;ISO_3166-1&quot;}" time="0.4570" classname="{&quot;vitals.v0/category|code&quot;:&quot;433&quot;,&quot;vitals.v0/category|value&quot;:&quot;event&quot;,&quot;vitals.v0/category|terminology&quot;:&quot;openehr&quot;,&quot;vitals.v0/context/start_time&quot;:&quot;2021-07-06T16:17:49.506Z&quot;,&quot;vitals.v0/context/setting|code&quot;:&quot;238&quot;,&quot;vitals.v0/context/setting|value&quot;:&quot;other care&quot;,&quot;vitals.v0/context/setting|terminology&quot;:&quot;openehr&quot;,&quot;vitals.v0/vitals/body_temperature/any_event:0/temperature|unit&quot;:&quot;[degF]&quot;,&quot;vitals.v0/vitals/body_temperature/any_event:0/temperature|magnitude&quot;:31,&quot;vitals.v0/vitals/body_temperature/any_event:0/time&quot;:&quot;2021-07-06T16:17:49.506Z&quot;,&quot;vitals.v0/vitals/body_temperature/language|code&quot;:&quot;en&quot;,&quot;vitals.v0/vitals/body_temperature/language|terminology&quot;:&quot;ISO_639-1&quot;,&quot;vitals.v0/vitals/body_temperature/encoding|code&quot;:&quot;UTF-8&quot;,&quot;vitals.v0/vitals/body_temperature/encoding|terminology&quot;:&quot;IANA_character-sets&quot;,&quot;vitals.v0/vitals/blood_pressure/any_event:0/systolic|unit&quot;:&quot;mm[Hg]&quot;,&quot;vitals.v0/vitals/blood_pressure/any_event:0/systolic|magnitude&quot;:31,&quot;vitals.v0/vitals/blood_pressure/any_event:0/diastolic|unit&quot;:&quot;mm[Hg]&quot;,&quot;vitals.v0/vitals/blood_pressure/any_event:0/diastolic|magnitude&quot;:31,&quot;vitals.v0/vitals/blood_pressure/any_event:0/time&quot;:&quot;2021-07-06T16:17:49.509Z&quot;,&quot;vitals.v0/vitals/blood_pressure/language|code&quot;:&quot;en&quot;,&quot;vitals.v0/vitals/blood_pressure/language|terminology&quot;:&quot;ISO_639-1&quot;,&quot;vitals.v0/vitals/blood_pressure/encoding|code&quot;:&quot;UTF-8&quot;,&quot;vitals.v0/vitals/blood_pressure/encoding|terminology&quot;:&quot;IANA_character-sets&quot;,&quot;vitals.v0/vitals/pulse_heart_beat/any_event:0/rate|unit&quot;:&quot;/min&quot;,&quot;vitals.v0/vitals/pulse_heart_beat/any_event:0/rate|magnitude&quot;:31,&quot;vitals.v0/vitals/pulse_heart_beat/any_event:0/time&quot;:&quot;2021-07-06T16:17:49.518Z&quot;,&quot;vitals.v0/vitals/pulse_heart_beat/language|code&quot;:&quot;en&quot;,&quot;vitals.v0/vitals/pulse_heart_beat/language|terminology&quot;:&quot;ISO_639-1&quot;,&quot;vitals.v0/vitals/pulse_heart_beat/encoding|code&quot;:&quot;UTF-8&quot;,&quot;vitals.v0/vitals/pulse_heart_beat/encoding|terminology&quot;:&quot;IANA_character-sets&quot;,&quot;vitals.v0/vitals/respiration/any_event:0/rate|unit&quot;:&quot;/min&quot;,&quot;vitals.v0/vitals/respiration/any_event:0/rate|magnitude&quot;:31,&quot;vitals.v0/vitals/respiration/any_event:0/time&quot;:&quot;2021-07-06T16:17:49.521Z&quot;,&quot;vitals.v0/vitals/respiration/language|code&quot;:&quot;en&quot;,&quot;vitals.v0/vitals/respiration/language|terminology&quot;:&quot;ISO_639-1&quot;,&quot;vitals.v0/vitals/respiration/encoding|code&quot;:&quot;UTF-8&quot;,&quot;vitals.v0/vitals/respiration/encoding|terminology&quot;:&quot;IANA_character-sets&quot;,&quot;vitals.v0/vitals/pulse_oximetry/any_event:0/spo|numerator&quot;:31,&quot;vitals.v0/vitals/pulse_oximetry/any_event:0/spo|denominator&quot;:100,&quot;vitals.v0/vitals/pulse_oximetry/any_event:0/spo|type&quot;:2,&quot;vitals.v0/vitals/pulse_oximetry/any_event:0/inspired_oxygen/flow_rate|unit&quot;:&quot;ml/min&quot;,&quot;vitals.v0/vitals/pulse_oximetry/any_event:0/inspired_oxygen/flow_rate|magnitude&quot;:31,&quot;vitals.v0/vitals/pulse_oximetry/any_event:0/inspired_oxygen/percent_o|numerator&quot;:31,&quot;vitals.v0/vitals/pulse_oximetry/any_event:0/inspired_oxygen/percent_o|denominator&quot;:100,&quot;vitals.v0/vitals/pulse_oximetry/any_event:0/inspired_oxygen/percent_o|type&quot;:2,&quot;vitals.v0/vitals/pulse_oximetry/any_event:0/inspired_oxygen/on_air&quot;:true,&quot;vitals.v0/vitals/pulse_oximetry/any_event:0/time&quot;:&quot;2021-07-06T16:17:49.506Z&quot;,&quot;vitals.v0/vitals/pulse_oximetry/language|code&quot;:&quot;en&quot;,&quot;vitals.v0/vitals/pulse_oximetry/language|terminology&quot;:&quot;ISO_639-1&quot;,&quot;vitals.v0/vitals/pulse_oximetry/encoding|code&quot;:&quot;UTF-8&quot;,&quot;vitals.v0/vitals/pulse_oximetry/encoding|terminology&quot;:&quot;IANA_character-sets&quot;,&quot;vitals.v0/vitals/national_early_warning_score_news/point_in_time:0/respiration_rate|code&quot;:&quot;at0018&quot;,&quot;vitals.v0/vitals/national_early_warning_score_news/point_in_time:0/respiration_rate|value&quot;:&quot;12-20&quot;,&quot;vitals.v0/vitals/national_early_warning_score_news/point_in_time:0/respiration_rate|terminology&quot;:&quot;local&quot;,&quot;vitals.v0/vitals/national_early_warning_score_news/point_in_time:0/oxygen_saturation|code&quot;:&quot;at0030&quot;,&quot;vitals.v0/vitals/national_early_warning_score_news/point_in_time:0/oxygen_saturation|value&quot;:&quot;&gt;= 96&quot;,&quot;vitals.v0/vitals/national_early_warning_score_news/point_in_time:0/oxygen_saturation|terminology&quot;:&quot;local&quot;,&quot;vitals.v0/vitals/national_early_warning_score_news/point_in_time:0/supplemental_oxygen|code&quot;:&quot;at0036&quot;,&quot;vitals.v0/vitals/national_early_warning_score_news/point_in_time:0/supplemental_oxygen|value&quot;:&quot;No&quot;,&quot;vitals.v0/vitals/national_early_warning_score_news/point_in_time:0/supplemental_oxygen|terminology&quot;:&quot;local&quot;,&quot;vitals.v0/vitals/national_early_warning_score_news/point_in_time:0/body_temperature|code&quot;:&quot;at0022&quot;,&quot;vitals.v0/vitals/national_early_warning_score_news/point_in_time:0/body_temperature|value&quot;:&quot;36.1-38.0&quot;,&quot;vitals.v0/vitals/national_early_warning_score_news/point_in_time:0/body_temperature|terminology&quot;:&quot;local&quot;,&quot;vitals.v0/vitals/national_early_warning_score_news/point_in_time:0/systolic_blood_pressure|code&quot;:&quot;at0014&quot;,&quot;vitals.v0/vitals/national_early_warning_score_news/point_in_time:0/systolic_blood_pressure|value&quot;:&quot;111-219&quot;,&quot;vitals.v0/vitals/national_early_warning_score_news/point_in_time:0/systolic_blood_pressure|terminology&quot;:&quot;local&quot;,&quot;vitals.v0/vitals/national_early_warning_score_news/point_in_time:0/heart_rate|code&quot;:&quot;at0013&quot;,&quot;vitals.v0/vitals/national_early_warning_score_news/point_in_time:0/heart_rate|value&quot;:&quot;51-90&quot;,&quot;vitals.v0/vitals/national_early_warning_score_news/point_in_time:0/heart_rate|terminology&quot;:&quot;local&quot;,&quot;vitals.v0/vitals/national_early_warning_score_news/point_in_time:0/level_of_consciousness|code&quot;:&quot;at0024&quot;,&quot;vitals.v0/vitals/national_early_warning_score_news/point_in_time:0/level_of_consciousness|value&quot;:&quot;A&quot;,&quot;vitals.v0/vitals/national_early_warning_score_news/point_in_time:0/level_of_consciousness|terminology&quot;:&quot;local&quot;,&quot;vitals.v0/vitals/national_early_warning_score_news/point_in_time:0/total_score|magnitude&quot;:31,&quot;vitals.v0/vitals/national_early_warning_score_news/point_in_time:0/time&quot;:&quot;2021-07-06T16:17:49.537Z&quot;,&quot;vitals.v0/vitals/national_early_warning_score_news/language|code&quot;:&quot;en&quot;,&quot;vitals.v0/vitals/national_early_warning_score_news/language|terminology&quot;:&quot;ISO_639-1&quot;,&quot;vitals.v0/vitals/national_early_warning_score_news/encoding|code&quot;:&quot;UTF-8&quot;,&quot;vitals.v0/vitals/national_early_warning_score_news/encoding|terminology&quot;:&quot;IANA_character-sets&quot;,&quot;vitals.v0/composer|name&quot;:&quot;Medblocks UI&quot;,&quot;vitals.v0/language|code&quot;:&quot;en&quot;,&quot;vitals.v0/language|terminology&quot;:&quot;ISO_639-1&quot;,&quot;vitals.v0/territory|code&quot;:&quot;IN&quot;,&quot;vitals.v0/territory|terminology&quot;:&quot;ISO_3166-1&quot;}">
    </testcase>
  </testsuite>
</testsuites>