{
  "stats": {
    "suites": 1,
    "tests": 17,
    "passes": 12,
    "pending": 0,
    "failures": 5,
    "start": "2021-07-06T17:40:58.203Z",
    "end": "2021-07-06T17:41:30.615Z",
    "duration": 32412,
    "testsRegistered": 17,
    "passPercent": 70.58823529411765,
    "pendingPercent": 0,
    "other": 0,
    "hasOther": false,
    "skipped": 0,
    "hasSkipped": false
  },
  "results": [
    {
      "uuid": "1e26293b-ee6b-48b0-81f0-06a3000853bd",
      "title": "",
      "fullFile": "cypress/integration/requests.spec.js",
      "file": "cypress/integration/requests.spec.js",
      "beforeHooks": [],
      "afterHooks": [],
      "tests": [],
      "suites": [
        {
          "uuid": "2ff1cdae-bb1c-4e46-8b47-bd08f4d227db",
          "title": "Compositions against EHRbase",
          "fullFile": "",
          "file": "",
          "beforeHooks": [],
          "afterHooks": [],
          "tests": [
            {
              "title": "Composition 1",
              "fullTitle": "Compositions against EHRbase Composition 1",
              "timedOut": null,
              "duration": 739,
              "state": "passed",
              "speed": "slow",
              "pass": true,
              "fail": false,
              "pending": false,
              "context": "{\n  \"title\": \"Composition 1\",\n  \"value\": \"{\\n  \\\"vitals.v0/category|code\\\": \\\"433\\\",\\n  \\\"vitals.v0/category|value\\\": \\\"event\\\",\\n  \\\"vitals.v0/category|terminology\\\": \\\"openehr\\\",\\n  \\\"vitals.v0/context/start_time\\\": \\\"2021-07-06T17:40:50.231Z\\\",\\n  \\\"vitals.v0/context/setting|code\\\": \\\"238\\\",\\n  \\\"vitals.v0/context/setting|value\\\": \\\"other care\\\",\\n  \\\"vitals.v0/context/setting|terminology\\\": \\\"openehr\\\",\\n  \\\"vitals.v0/vitals/body_temperature/any_event:0/temperature|unit\\\": \\\"[degF]\\\",\\n  \\\"vitals.v0/vitals/body_temperature/any_event:0/temperature|magnitude\\\": 31,\\n  \\\"vitals.v0/vitals/body_temperature/any_event:0/time\\\": \\\"2021-07-06T17:40:50.231Z\\\",\\n  \\\"vitals.v0/vitals/body_temperature/language|code\\\": \\\"en\\\",\\n  \\\"vitals.v0/vitals/body_temperature/language|terminology\\\": \\\"ISO_639-1\\\",\\n  \\\"vitals.v0/vitals/body_temperature/encoding|code\\\": \\\"UTF-8\\\",\\n  \\\"vitals.v0/vitals/body_temperature/encoding|terminology\\\": \\\"IANA_character-sets\\\",\\n  \\\"vitals.v0/vitals/blood_pressure/any_event:0/systolic|unit\\\": \\\"mm[Hg]\\\",\\n  \\\"vitals.v0/vitals/blood_pressure/any_event:0/systolic|magnitude\\\": 31,\\n  \\\"vitals.v0/vitals/blood_pressure/any_event:0/diastolic|unit\\\": \\\"mm[Hg]\\\",\\n  \\\"vitals.v0/vitals/blood_pressure/any_event:0/diastolic|magnitude\\\": 31,\\n  \\\"vitals.v0/vitals/blood_pressure/any_event:0/time\\\": \\\"2021-07-06T17:40:50.234Z\\\",\\n  \\\"vitals.v0/vitals/blood_pressure/language|code\\\": \\\"en\\\",\\n  \\\"vitals.v0/vitals/blood_pressure/language|terminology\\\": \\\"ISO_639-1\\\",\\n  \\\"vitals.v0/vitals/blood_pressure/encoding|code\\\": \\\"UTF-8\\\",\\n  \\\"vitals.v0/vitals/blood_pressure/encoding|terminology\\\": \\\"IANA_character-sets\\\",\\n  \\\"vitals.v0/vitals/pulse_heart_beat/any_event:0/rate|unit\\\": \\\"/min\\\",\\n  \\\"vitals.v0/vitals/pulse_heart_beat/any_event:0/rate|magnitude\\\": 31,\\n  \\\"vitals.v0/vitals/pulse_heart_beat/any_event:0/time\\\": \\\"2021-07-06T17:40:50.238Z\\\",\\n  \\\"vitals.v0/vitals/pulse_heart_beat/language|code\\\": \\\"en\\\",\\n  \\\"vitals.v0/vitals/pulse_heart_beat/language|terminology\\\": \\\"ISO_639-1\\\",\\n  \\\"vitals.v0/vitals/pulse_heart_beat/encoding|code\\\": \\\"UTF-8\\\",\\n  \\\"vitals.v0/vitals/pulse_heart_beat/encoding|terminology\\\": \\\"IANA_character-sets\\\",\\n  \\\"vitals.v0/vitals/respiration/any_event:0/rate|unit\\\": \\\"/min\\\",\\n  \\\"vitals.v0/vitals/respiration/any_event:0/rate|magnitude\\\": 31,\\n  \\\"vitals.v0/vitals/respiration/any_event:0/time\\\": \\\"2021-07-06T17:40:50.240Z\\\",\\n  \\\"vitals.v0/vitals/respiration/language|code\\\": \\\"en\\\",\\n  \\\"vitals.v0/vitals/respiration/language|terminology\\\": \\\"ISO_639-1\\\",\\n  \\\"vitals.v0/vitals/respiration/encoding|code\\\": \\\"UTF-8\\\",\\n  \\\"vitals.v0/vitals/respiration/encoding|terminology\\\": \\\"IANA_character-sets\\\",\\n  \\\"vitals.v0/vitals/pulse_oximetry/any_event:0/spo|numerator\\\": 31,\\n  \\\"vitals.v0/vitals/pulse_oximetry/any_event:0/spo|denominator\\\": 100,\\n  \\\"vitals.v0/vitals/pulse_oximetry/any_event:0/spo|type\\\": 2,\\n  \\\"vitals.v0/vitals/pulse_oximetry/any_event:0/inspired_oxygen/flow_rate|unit\\\": \\\"ml/min\\\",\\n  \\\"vitals.v0/vitals/pulse_oximetry/any_event:0/inspired_oxygen/flow_rate|magnitude\\\": 31,\\n  \\\"vitals.v0/vitals/pulse_oximetry/any_event:0/inspired_oxygen/percent_o|numerator\\\": 31,\\n  \\\"vitals.v0/vitals/pulse_oximetry/any_event:0/inspired_oxygen/percent_o|denominator\\\": 100,\\n  \\\"vitals.v0/vitals/pulse_oximetry/any_event:0/inspired_oxygen/percent_o|type\\\": 2,\\n  \\\"vitals.v0/vitals/pulse_oximetry/any_event:0/inspired_oxygen/on_air\\\": true,\\n  \\\"vitals.v0/vitals/pulse_oximetry/any_event:0/time\\\": \\\"2021-07-06T17:40:50.231Z\\\",\\n  \\\"vitals.v0/vitals/pulse_oximetry/language|code\\\": \\\"en\\\",\\n  \\\"vitals.v0/vitals/pulse_oximetry/language|terminology\\\": \\\"ISO_639-1\\\",\\n  \\\"vitals.v0/vitals/pulse_oximetry/encoding|code\\\": \\\"UTF-8\\\",\\n  \\\"vitals.v0/vitals/pulse_oximetry/encoding|terminology\\\": \\\"IANA_character-sets\\\",\\n  \\\"vitals.v0/vitals/national_early_warning_score_news/point_in_time:0/respiration_rate|code\\\": \\\"at0018\\\",\\n  \\\"vitals.v0/vitals/national_early_warning_score_news/point_in_time:0/respiration_rate|value\\\": \\\"12-20\\\",\\n  \\\"vitals.v0/vitals/national_early_warning_score_news/point_in_time:0/respiration_rate|terminology\\\": \\\"local\\\",\\n  \\\"vitals.v0/vitals/national_early_warning_score_news/point_in_time:0/oxygen_saturation|code\\\": \\\"at0030\\\",\\n  \\\"vitals.v0/vitals/national_early_warning_score_news/point_in_time:0/oxygen_saturation|value\\\": \\\">= 96\\\",\\n  \\\"vitals.v0/vitals/national_early_warning_score_news/point_in_time:0/oxygen_saturation|terminology\\\": \\\"local\\\",\\n  \\\"vitals.v0/vitals/national_early_warning_score_news/point_in_time:0/supplemental_oxygen|code\\\": \\\"at0036\\\",\\n  \\\"vitals.v0/vitals/national_early_warning_score_news/point_in_time:0/supplemental_oxygen|value\\\": \\\"No\\\",\\n  \\\"vitals.v0/vitals/national_early_warning_score_news/point_in_time:0/supplemental_oxygen|terminology\\\": \\\"local\\\",\\n  \\\"vitals.v0/vitals/national_early_warning_score_news/point_in_time:0/body_temperature|code\\\": \\\"at0022\\\",\\n  \\\"vitals.v0/vitals/national_early_warning_score_news/point_in_time:0/body_temperature|value\\\": \\\"36.1-38.0\\\",\\n  \\\"vitals.v0/vitals/national_early_warning_score_news/point_in_time:0/body_temperature|terminology\\\": \\\"local\\\",\\n  \\\"vitals.v0/vitals/national_early_warning_score_news/point_in_time:0/systolic_blood_pressure|code\\\": \\\"at0014\\\",\\n  \\\"vitals.v0/vitals/national_early_warning_score_news/point_in_time:0/systolic_blood_pressure|value\\\": \\\"111-219\\\",\\n  \\\"vitals.v0/vitals/national_early_warning_score_news/point_in_time:0/systolic_blood_pressure|terminology\\\": \\\"local\\\",\\n  \\\"vitals.v0/vitals/national_early_warning_score_news/point_in_time:0/heart_rate|code\\\": \\\"at0013\\\",\\n  \\\"vitals.v0/vitals/national_early_warning_score_news/point_in_time:0/heart_rate|value\\\": \\\"51-90\\\",\\n  \\\"vitals.v0/vitals/national_early_warning_score_news/point_in_time:0/heart_rate|terminology\\\": \\\"local\\\",\\n  \\\"vitals.v0/vitals/national_early_warning_score_news/point_in_time:0/level_of_consciousness|code\\\": \\\"at0024\\\",\\n  \\\"vitals.v0/vitals/national_early_warning_score_news/point_in_time:0/level_of_consciousness|value\\\": \\\"A\\\",\\n  \\\"vitals.v0/vitals/national_early_warning_score_news/point_in_time:0/level_of_consciousness|terminology\\\": \\\"local\\\",\\n  \\\"vitals.v0/vitals/national_early_warning_score_news/point_in_time:0/total_score|magnitude\\\": 31,\\n  \\\"vitals.v0/vitals/national_early_warning_score_news/point_in_time:0/time\\\": \\\"2021-07-06T17:40:50.249Z\\\",\\n  \\\"vitals.v0/vitals/national_early_warning_score_news/language|code\\\": \\\"en\\\",\\n  \\\"vitals.v0/vitals/national_early_warning_score_news/language|terminology\\\": \\\"ISO_639-1\\\",\\n  \\\"vitals.v0/vitals/national_early_warning_score_news/encoding|code\\\": \\\"UTF-8\\\",\\n  \\\"vitals.v0/vitals/national_early_warning_score_news/encoding|terminology\\\": \\\"IANA_character-sets\\\",\\n  \\\"vitals.v0/composer|name\\\": \\\"Medblocks UI\\\",\\n  \\\"vitals.v0/language|code\\\": \\\"en\\\",\\n  \\\"vitals.v0/language|terminology\\\": \\\"ISO_639-1\\\",\\n  \\\"vitals.v0/territory|code\\\": \\\"IN\\\",\\n  \\\"vitals.v0/territory|terminology\\\": \\\"ISO_3166-1\\\"\\n}\"\n}",
              "code": "",
              "err": {},
              "uuid": "99518b75-5f0c-4dd9-a897-3607cbb85eac",
              "parentUUID": "2ff1cdae-bb1c-4e46-8b47-bd08f4d227db",
              "isHook": false,
              "skipped": false
            },
            {
              "title": "Composition 2",
              "fullTitle": "Compositions against EHRbase Composition 2",
              "timedOut": null,
              "duration": 273,
              "state": "passed",
              "speed": "slow",
              "pass": true,
              "fail": false,
              "pending": false,
              "context": "{\n  \"title\": \"Composition 2\",\n  \"value\": \"{\\n  \\\"vitals.v0/category|code\\\": \\\"433\\\",\\n  \\\"vitals.v0/category|value\\\": \\\"event\\\",\\n  \\\"vitals.v0/category|terminology\\\": \\\"openehr\\\",\\n  \\\"vitals.v0/context/start_time\\\": \\\"2021-07-06T17:40:50.231Z\\\",\\n  \\\"vitals.v0/context/setting|code\\\": \\\"238\\\",\\n  \\\"vitals.v0/context/setting|value\\\": \\\"other care\\\",\\n  \\\"vitals.v0/context/setting|terminology\\\": \\\"openehr\\\",\\n  \\\"vitals.v0/vitals/body_temperature/any_event:0/temperature|unit\\\": \\\"[degF]\\\",\\n  \\\"vitals.v0/vitals/body_temperature/any_event:0/temperature|magnitude\\\": 31,\\n  \\\"vitals.v0/vitals/body_temperature/any_event:0/time\\\": \\\"2021-07-06T17:40:50.231Z\\\",\\n  \\\"vitals.v0/vitals/body_temperature/language|code\\\": \\\"en\\\",\\n  \\\"vitals.v0/vitals/body_temperature/language|terminology\\\": \\\"ISO_639-1\\\",\\n  \\\"vitals.v0/vitals/body_temperature/encoding|code\\\": \\\"UTF-8\\\",\\n  \\\"vitals.v0/vitals/body_temperature/encoding|terminology\\\": \\\"IANA_character-sets\\\",\\n  \\\"vitals.v0/vitals/blood_pressure/any_event:0/systolic|unit\\\": \\\"mm[Hg]\\\",\\n  \\\"vitals.v0/vitals/blood_pressure/any_event:0/systolic|magnitude\\\": 31,\\n  \\\"vitals.v0/vitals/blood_pressure/any_event:0/diastolic|unit\\\": \\\"mm[Hg]\\\",\\n  \\\"vitals.v0/vitals/blood_pressure/any_event:0/diastolic|magnitude\\\": 31,\\n  \\\"vitals.v0/vitals/blood_pressure/any_event:0/time\\\": \\\"2021-07-06T17:40:50.234Z\\\",\\n  \\\"vitals.v0/vitals/blood_pressure/language|code\\\": \\\"en\\\",\\n  \\\"vitals.v0/vitals/blood_pressure/language|terminology\\\": \\\"ISO_639-1\\\",\\n  \\\"vitals.v0/vitals/blood_pressure/encoding|code\\\": \\\"UTF-8\\\",\\n  \\\"vitals.v0/vitals/blood_pressure/encoding|terminology\\\": \\\"IANA_character-sets\\\",\\n  \\\"vitals.v0/vitals/pulse_heart_beat/any_event:0/rate|unit\\\": \\\"/min\\\",\\n  \\\"vitals.v0/vitals/pulse_heart_beat/any_event:0/rate|magnitude\\\": 31,\\n  \\\"vitals.v0/vitals/pulse_heart_beat/any_event:0/time\\\": \\\"2021-07-06T17:40:50.238Z\\\",\\n  \\\"vitals.v0/vitals/pulse_heart_beat/language|code\\\": \\\"en\\\",\\n  \\\"vitals.v0/vitals/pulse_heart_beat/language|terminology\\\": \\\"ISO_639-1\\\",\\n  \\\"vitals.v0/vitals/pulse_heart_beat/encoding|code\\\": \\\"UTF-8\\\",\\n  \\\"vitals.v0/vitals/pulse_heart_beat/encoding|terminology\\\": \\\"IANA_character-sets\\\",\\n  \\\"vitals.v0/vitals/respiration/any_event:0/rate|unit\\\": \\\"/min\\\",\\n  \\\"vitals.v0/vitals/respiration/any_event:0/rate|magnitude\\\": 31,\\n  \\\"vitals.v0/vitals/respiration/any_event:0/time\\\": \\\"2021-07-06T17:40:50.240Z\\\",\\n  \\\"vitals.v0/vitals/respiration/language|code\\\": \\\"en\\\",\\n  \\\"vitals.v0/vitals/respiration/language|terminology\\\": \\\"ISO_639-1\\\",\\n  \\\"vitals.v0/vitals/respiration/encoding|code\\\": \\\"UTF-8\\\",\\n  \\\"vitals.v0/vitals/respiration/encoding|terminology\\\": \\\"IANA_character-sets\\\",\\n  \\\"vitals.v0/vitals/pulse_oximetry/any_event:0/spo|numerator\\\": 31,\\n  \\\"vitals.v0/vitals/pulse_oximetry/any_event:0/spo|denominator\\\": 100,\\n  \\\"vitals.v0/vitals/pulse_oximetry/any_event:0/spo|type\\\": 2,\\n  \\\"vitals.v0/vitals/pulse_oximetry/any_event:0/inspired_oxygen/flow_rate|unit\\\": \\\"ml/min\\\",\\n  \\\"vitals.v0/vitals/pulse_oximetry/any_event:0/inspired_oxygen/flow_rate|magnitude\\\": 31,\\n  \\\"vitals.v0/vitals/pulse_oximetry/any_event:0/inspired_oxygen/percent_o|numerator\\\": 31,\\n  \\\"vitals.v0/vitals/pulse_oximetry/any_event:0/inspired_oxygen/percent_o|denominator\\\": 100,\\n  \\\"vitals.v0/vitals/pulse_oximetry/any_event:0/inspired_oxygen/percent_o|type\\\": 2,\\n  \\\"vitals.v0/vitals/pulse_oximetry/any_event:0/inspired_oxygen/on_air\\\": true,\\n  \\\"vitals.v0/vitals/pulse_oximetry/any_event:0/time\\\": \\\"2021-07-06T17:40:50.231Z\\\",\\n  \\\"vitals.v0/vitals/pulse_oximetry/language|code\\\": \\\"en\\\",\\n  \\\"vitals.v0/vitals/pulse_oximetry/language|terminology\\\": \\\"ISO_639-1\\\",\\n  \\\"vitals.v0/vitals/pulse_oximetry/encoding|code\\\": \\\"UTF-8\\\",\\n  \\\"vitals.v0/vitals/pulse_oximetry/encoding|terminology\\\": \\\"IANA_character-sets\\\",\\n  \\\"vitals.v0/vitals/national_early_warning_score_news/point_in_time:0/respiration_rate|code\\\": \\\"at0018\\\",\\n  \\\"vitals.v0/vitals/national_early_warning_score_news/point_in_time:0/respiration_rate|value\\\": \\\"12-20\\\",\\n  \\\"vitals.v0/vitals/national_early_warning_score_news/point_in_time:0/respiration_rate|terminology\\\": \\\"local\\\",\\n  \\\"vitals.v0/vitals/national_early_warning_score_news/point_in_time:0/oxygen_saturation|code\\\": \\\"at0030\\\",\\n  \\\"vitals.v0/vitals/national_early_warning_score_news/point_in_time:0/oxygen_saturation|value\\\": \\\">= 96\\\",\\n  \\\"vitals.v0/vitals/national_early_warning_score_news/point_in_time:0/oxygen_saturation|terminology\\\": \\\"local\\\",\\n  \\\"vitals.v0/vitals/national_early_warning_score_news/point_in_time:0/supplemental_oxygen|code\\\": \\\"at0036\\\",\\n  \\\"vitals.v0/vitals/national_early_warning_score_news/point_in_time:0/supplemental_oxygen|value\\\": \\\"No\\\",\\n  \\\"vitals.v0/vitals/national_early_warning_score_news/point_in_time:0/supplemental_oxygen|terminology\\\": \\\"local\\\",\\n  \\\"vitals.v0/vitals/national_early_warning_score_news/point_in_time:0/body_temperature|code\\\": \\\"at0022\\\",\\n  \\\"vitals.v0/vitals/national_early_warning_score_news/point_in_time:0/body_temperature|value\\\": \\\"36.1-38.0\\\",\\n  \\\"vitals.v0/vitals/national_early_warning_score_news/point_in_time:0/body_temperature|terminology\\\": \\\"local\\\",\\n  \\\"vitals.v0/vitals/national_early_warning_score_news/point_in_time:0/systolic_blood_pressure|code\\\": \\\"at0014\\\",\\n  \\\"vitals.v0/vitals/national_early_warning_score_news/point_in_time:0/systolic_blood_pressure|value\\\": \\\"111-219\\\",\\n  \\\"vitals.v0/vitals/national_early_warning_score_news/point_in_time:0/systolic_blood_pressure|terminology\\\": \\\"local\\\",\\n  \\\"vitals.v0/vitals/national_early_warning_score_news/point_in_time:0/heart_rate|code\\\": \\\"at0013\\\",\\n  \\\"vitals.v0/vitals/national_early_warning_score_news/point_in_time:0/heart_rate|value\\\": \\\"51-90\\\",\\n  \\\"vitals.v0/vitals/national_early_warning_score_news/point_in_time:0/heart_rate|terminology\\\": \\\"local\\\",\\n  \\\"vitals.v0/vitals/national_early_warning_score_news/point_in_time:0/level_of_consciousness|code\\\": \\\"at0024\\\",\\n  \\\"vitals.v0/vitals/national_early_warning_score_news/point_in_time:0/level_of_consciousness|value\\\": \\\"A\\\",\\n  \\\"vitals.v0/vitals/national_early_warning_score_news/point_in_time:0/level_of_consciousness|terminology\\\": \\\"local\\\",\\n  \\\"vitals.v0/vitals/national_early_warning_score_news/point_in_time:0/time\\\": \\\"2021-07-06T17:40:50.249Z\\\",\\n  \\\"vitals.v0/vitals/national_early_warning_score_news/language|code\\\": \\\"en\\\",\\n  \\\"vitals.v0/vitals/national_early_warning_score_news/language|terminology\\\": \\\"ISO_639-1\\\",\\n  \\\"vitals.v0/vitals/national_early_warning_score_news/encoding|code\\\": \\\"UTF-8\\\",\\n  \\\"vitals.v0/vitals/national_early_warning_score_news/encoding|terminology\\\": \\\"IANA_character-sets\\\",\\n  \\\"vitals.v0/composer|name\\\": \\\"Medblocks UI\\\",\\n  \\\"vitals.v0/language|code\\\": \\\"en\\\",\\n  \\\"vitals.v0/language|terminology\\\": \\\"ISO_639-1\\\",\\n  \\\"vitals.v0/territory|code\\\": \\\"IN\\\",\\n  \\\"vitals.v0/territory|terminology\\\": \\\"ISO_3166-1\\\"\\n}\"\n}",
              "code": "",
              "err": {},
              "uuid": "a5d6dbcb-631d-4d5c-bfa4-0ab4547e4381",
              "parentUUID": "2ff1cdae-bb1c-4e46-8b47-bd08f4d227db",
              "isHook": false,
              "skipped": false
            },
            {
              "title": "Composition 3",
              "fullTitle": "Compositions against EHRbase Composition 3",
              "timedOut": null,
              "duration": 201,
              "state": "passed",
              "speed": "slow",
              "pass": true,
              "fail": false,
              "pending": false,
              "context": "{\n  \"title\": \"Composition 3\",\n  \"value\": \"{\\n  \\\"vitals.v0/category|code\\\": \\\"433\\\",\\n  \\\"vitals.v0/category|value\\\": \\\"event\\\",\\n  \\\"vitals.v0/category|terminology\\\": \\\"openehr\\\",\\n  \\\"vitals.v0/context/start_time\\\": \\\"2021-07-06T17:40:50.231Z\\\",\\n  \\\"vitals.v0/context/setting|code\\\": \\\"238\\\",\\n  \\\"vitals.v0/context/setting|value\\\": \\\"other care\\\",\\n  \\\"vitals.v0/context/setting|terminology\\\": \\\"openehr\\\",\\n  \\\"vitals.v0/vitals/body_temperature/any_event:0/temperature|unit\\\": \\\"[degF]\\\",\\n  \\\"vitals.v0/vitals/body_temperature/any_event:0/temperature|magnitude\\\": 31,\\n  \\\"vitals.v0/vitals/body_temperature/any_event:0/time\\\": \\\"2021-07-06T17:40:50.231Z\\\",\\n  \\\"vitals.v0/vitals/body_temperature/language|code\\\": \\\"en\\\",\\n  \\\"vitals.v0/vitals/body_temperature/language|terminology\\\": \\\"ISO_639-1\\\",\\n  \\\"vitals.v0/vitals/body_temperature/encoding|code\\\": \\\"UTF-8\\\",\\n  \\\"vitals.v0/vitals/body_temperature/encoding|terminology\\\": \\\"IANA_character-sets\\\",\\n  \\\"vitals.v0/vitals/blood_pressure/any_event:0/systolic|unit\\\": \\\"mm[Hg]\\\",\\n  \\\"vitals.v0/vitals/blood_pressure/any_event:0/systolic|magnitude\\\": 31,\\n  \\\"vitals.v0/vitals/blood_pressure/any_event:0/diastolic|unit\\\": \\\"mm[Hg]\\\",\\n  \\\"vitals.v0/vitals/blood_pressure/any_event:0/diastolic|magnitude\\\": 31,\\n  \\\"vitals.v0/vitals/blood_pressure/any_event:0/time\\\": \\\"2021-07-06T17:40:50.234Z\\\",\\n  \\\"vitals.v0/vitals/blood_pressure/language|code\\\": \\\"en\\\",\\n  \\\"vitals.v0/vitals/blood_pressure/language|terminology\\\": \\\"ISO_639-1\\\",\\n  \\\"vitals.v0/vitals/blood_pressure/encoding|code\\\": \\\"UTF-8\\\",\\n  \\\"vitals.v0/vitals/blood_pressure/encoding|terminology\\\": \\\"IANA_character-sets\\\",\\n  \\\"vitals.v0/vitals/pulse_heart_beat/any_event:0/rate|unit\\\": \\\"/min\\\",\\n  \\\"vitals.v0/vitals/pulse_heart_beat/any_event:0/rate|magnitude\\\": 31,\\n  \\\"vitals.v0/vitals/pulse_heart_beat/any_event:0/time\\\": \\\"2021-07-06T17:40:50.238Z\\\",\\n  \\\"vitals.v0/vitals/pulse_heart_beat/language|code\\\": \\\"en\\\",\\n  \\\"vitals.v0/vitals/pulse_heart_beat/language|terminology\\\": \\\"ISO_639-1\\\",\\n  \\\"vitals.v0/vitals/pulse_heart_beat/encoding|code\\\": \\\"UTF-8\\\",\\n  \\\"vitals.v0/vitals/pulse_heart_beat/encoding|terminology\\\": \\\"IANA_character-sets\\\",\\n  \\\"vitals.v0/vitals/respiration/any_event:0/rate|unit\\\": \\\"/min\\\",\\n  \\\"vitals.v0/vitals/respiration/any_event:0/rate|magnitude\\\": 31,\\n  \\\"vitals.v0/vitals/respiration/any_event:0/time\\\": \\\"2021-07-06T17:40:50.240Z\\\",\\n  \\\"vitals.v0/vitals/respiration/language|code\\\": \\\"en\\\",\\n  \\\"vitals.v0/vitals/respiration/language|terminology\\\": \\\"ISO_639-1\\\",\\n  \\\"vitals.v0/vitals/respiration/encoding|code\\\": \\\"UTF-8\\\",\\n  \\\"vitals.v0/vitals/respiration/encoding|terminology\\\": \\\"IANA_character-sets\\\",\\n  \\\"vitals.v0/vitals/pulse_oximetry/any_event:0/spo|numerator\\\": 31,\\n  \\\"vitals.v0/vitals/pulse_oximetry/any_event:0/spo|denominator\\\": 100,\\n  \\\"vitals.v0/vitals/pulse_oximetry/any_event:0/spo|type\\\": 2,\\n  \\\"vitals.v0/vitals/pulse_oximetry/any_event:0/inspired_oxygen/flow_rate|unit\\\": \\\"ml/min\\\",\\n  \\\"vitals.v0/vitals/pulse_oximetry/any_event:0/inspired_oxygen/flow_rate|magnitude\\\": 31,\\n  \\\"vitals.v0/vitals/pulse_oximetry/any_event:0/inspired_oxygen/percent_o|numerator\\\": 31,\\n  \\\"vitals.v0/vitals/pulse_oximetry/any_event:0/inspired_oxygen/percent_o|denominator\\\": 100,\\n  \\\"vitals.v0/vitals/pulse_oximetry/any_event:0/inspired_oxygen/percent_o|type\\\": 2,\\n  \\\"vitals.v0/vitals/pulse_oximetry/any_event:0/inspired_oxygen/on_air\\\": true,\\n  \\\"vitals.v0/vitals/pulse_oximetry/any_event:0/time\\\": \\\"2021-07-06T17:40:50.231Z\\\",\\n  \\\"vitals.v0/vitals/pulse_oximetry/language|code\\\": \\\"en\\\",\\n  \\\"vitals.v0/vitals/pulse_oximetry/language|terminology\\\": \\\"ISO_639-1\\\",\\n  \\\"vitals.v0/vitals/pulse_oximetry/encoding|code\\\": \\\"UTF-8\\\",\\n  \\\"vitals.v0/vitals/pulse_oximetry/encoding|terminology\\\": \\\"IANA_character-sets\\\",\\n  \\\"vitals.v0/vitals/national_early_warning_score_news/point_in_time:0/respiration_rate|code\\\": \\\"at0018\\\",\\n  \\\"vitals.v0/vitals/national_early_warning_score_news/point_in_time:0/respiration_rate|value\\\": \\\"12-20\\\",\\n  \\\"vitals.v0/vitals/national_early_warning_score_news/point_in_time:0/respiration_rate|terminology\\\": \\\"local\\\",\\n  \\\"vitals.v0/vitals/national_early_warning_score_news/point_in_time:0/oxygen_saturation|code\\\": \\\"at0030\\\",\\n  \\\"vitals.v0/vitals/national_early_warning_score_news/point_in_time:0/oxygen_saturation|value\\\": \\\">= 96\\\",\\n  \\\"vitals.v0/vitals/national_early_warning_score_news/point_in_time:0/oxygen_saturation|terminology\\\": \\\"local\\\",\\n  \\\"vitals.v0/vitals/national_early_warning_score_news/point_in_time:0/supplemental_oxygen|code\\\": \\\"at0036\\\",\\n  \\\"vitals.v0/vitals/national_early_warning_score_news/point_in_time:0/supplemental_oxygen|value\\\": \\\"No\\\",\\n  \\\"vitals.v0/vitals/national_early_warning_score_news/point_in_time:0/supplemental_oxygen|terminology\\\": \\\"local\\\",\\n  \\\"vitals.v0/vitals/national_early_warning_score_news/point_in_time:0/body_temperature|code\\\": \\\"at0022\\\",\\n  \\\"vitals.v0/vitals/national_early_warning_score_news/point_in_time:0/body_temperature|value\\\": \\\"36.1-38.0\\\",\\n  \\\"vitals.v0/vitals/national_early_warning_score_news/point_in_time:0/body_temperature|terminology\\\": \\\"local\\\",\\n  \\\"vitals.v0/vitals/national_early_warning_score_news/point_in_time:0/systolic_blood_pressure|code\\\": \\\"at0014\\\",\\n  \\\"vitals.v0/vitals/national_early_warning_score_news/point_in_time:0/systolic_blood_pressure|value\\\": \\\"111-219\\\",\\n  \\\"vitals.v0/vitals/national_early_warning_score_news/point_in_time:0/systolic_blood_pressure|terminology\\\": \\\"local\\\",\\n  \\\"vitals.v0/vitals/national_early_warning_score_news/point_in_time:0/heart_rate|code\\\": \\\"at0013\\\",\\n  \\\"vitals.v0/vitals/national_early_warning_score_news/point_in_time:0/heart_rate|value\\\": \\\"51-90\\\",\\n  \\\"vitals.v0/vitals/national_early_warning_score_news/point_in_time:0/heart_rate|terminology\\\": \\\"local\\\",\\n  \\\"vitals.v0/vitals/national_early_warning_score_news/point_in_time:0/time\\\": \\\"2021-07-06T17:40:50.249Z\\\",\\n  \\\"vitals.v0/vitals/national_early_warning_score_news/language|code\\\": \\\"en\\\",\\n  \\\"vitals.v0/vitals/national_early_warning_score_news/language|terminology\\\": \\\"ISO_639-1\\\",\\n  \\\"vitals.v0/vitals/national_early_warning_score_news/encoding|code\\\": \\\"UTF-8\\\",\\n  \\\"vitals.v0/vitals/national_early_warning_score_news/encoding|terminology\\\": \\\"IANA_character-sets\\\",\\n  \\\"vitals.v0/composer|name\\\": \\\"Medblocks UI\\\",\\n  \\\"vitals.v0/language|code\\\": \\\"en\\\",\\n  \\\"vitals.v0/language|terminology\\\": \\\"ISO_639-1\\\",\\n  \\\"vitals.v0/territory|code\\\": \\\"IN\\\",\\n  \\\"vitals.v0/territory|terminology\\\": \\\"ISO_3166-1\\\"\\n}\"\n}",
              "code": "",
              "err": {},
              "uuid": "83d32da4-a4b7-4d70-aac7-7b9520ec1c5d",
              "parentUUID": "2ff1cdae-bb1c-4e46-8b47-bd08f4d227db",
              "isHook": false,
              "skipped": false
            },
            {
              "title": "Composition 4",
              "fullTitle": "Compositions against EHRbase Composition 4",
              "timedOut": null,
              "duration": 259,
              "state": "passed",
              "speed": "slow",
              "pass": true,
              "fail": false,
              "pending": false,
              "context": "{\n  \"title\": \"Composition 4\",\n  \"value\": \"{\\n  \\\"vitals.v0/category|code\\\": \\\"433\\\",\\n  \\\"vitals.v0/category|value\\\": \\\"event\\\",\\n  \\\"vitals.v0/category|terminology\\\": \\\"openehr\\\",\\n  \\\"vitals.v0/context/start_time\\\": \\\"2021-07-06T17:40:50.231Z\\\",\\n  \\\"vitals.v0/context/setting|code\\\": \\\"238\\\",\\n  \\\"vitals.v0/context/setting|value\\\": \\\"other care\\\",\\n  \\\"vitals.v0/context/setting|terminology\\\": \\\"openehr\\\",\\n  \\\"vitals.v0/vitals/body_temperature/any_event:0/temperature|unit\\\": \\\"[degF]\\\",\\n  \\\"vitals.v0/vitals/body_temperature/any_event:0/temperature|magnitude\\\": 31,\\n  \\\"vitals.v0/vitals/body_temperature/any_event:0/time\\\": \\\"2021-07-06T17:40:50.231Z\\\",\\n  \\\"vitals.v0/vitals/body_temperature/language|code\\\": \\\"en\\\",\\n  \\\"vitals.v0/vitals/body_temperature/language|terminology\\\": \\\"ISO_639-1\\\",\\n  \\\"vitals.v0/vitals/body_temperature/encoding|code\\\": \\\"UTF-8\\\",\\n  \\\"vitals.v0/vitals/body_temperature/encoding|terminology\\\": \\\"IANA_character-sets\\\",\\n  \\\"vitals.v0/vitals/blood_pressure/any_event:0/systolic|unit\\\": \\\"mm[Hg]\\\",\\n  \\\"vitals.v0/vitals/blood_pressure/any_event:0/systolic|magnitude\\\": 31,\\n  \\\"vitals.v0/vitals/blood_pressure/any_event:0/diastolic|unit\\\": \\\"mm[Hg]\\\",\\n  \\\"vitals.v0/vitals/blood_pressure/any_event:0/diastolic|magnitude\\\": 31,\\n  \\\"vitals.v0/vitals/blood_pressure/any_event:0/time\\\": \\\"2021-07-06T17:40:50.234Z\\\",\\n  \\\"vitals.v0/vitals/blood_pressure/language|code\\\": \\\"en\\\",\\n  \\\"vitals.v0/vitals/blood_pressure/language|terminology\\\": \\\"ISO_639-1\\\",\\n  \\\"vitals.v0/vitals/blood_pressure/encoding|code\\\": \\\"UTF-8\\\",\\n  \\\"vitals.v0/vitals/blood_pressure/encoding|terminology\\\": \\\"IANA_character-sets\\\",\\n  \\\"vitals.v0/vitals/pulse_heart_beat/any_event:0/rate|unit\\\": \\\"/min\\\",\\n  \\\"vitals.v0/vitals/pulse_heart_beat/any_event:0/rate|magnitude\\\": 31,\\n  \\\"vitals.v0/vitals/pulse_heart_beat/any_event:0/time\\\": \\\"2021-07-06T17:40:50.238Z\\\",\\n  \\\"vitals.v0/vitals/pulse_heart_beat/language|code\\\": \\\"en\\\",\\n  \\\"vitals.v0/vitals/pulse_heart_beat/language|terminology\\\": \\\"ISO_639-1\\\",\\n  \\\"vitals.v0/vitals/pulse_heart_beat/encoding|code\\\": \\\"UTF-8\\\",\\n  \\\"vitals.v0/vitals/pulse_heart_beat/encoding|terminology\\\": \\\"IANA_character-sets\\\",\\n  \\\"vitals.v0/vitals/respiration/any_event:0/rate|unit\\\": \\\"/min\\\",\\n  \\\"vitals.v0/vitals/respiration/any_event:0/rate|magnitude\\\": 31,\\n  \\\"vitals.v0/vitals/respiration/any_event:0/time\\\": \\\"2021-07-06T17:40:50.240Z\\\",\\n  \\\"vitals.v0/vitals/respiration/language|code\\\": \\\"en\\\",\\n  \\\"vitals.v0/vitals/respiration/language|terminology\\\": \\\"ISO_639-1\\\",\\n  \\\"vitals.v0/vitals/respiration/encoding|code\\\": \\\"UTF-8\\\",\\n  \\\"vitals.v0/vitals/respiration/encoding|terminology\\\": \\\"IANA_character-sets\\\",\\n  \\\"vitals.v0/vitals/pulse_oximetry/any_event:0/spo|numerator\\\": 31,\\n  \\\"vitals.v0/vitals/pulse_oximetry/any_event:0/spo|denominator\\\": 100,\\n  \\\"vitals.v0/vitals/pulse_oximetry/any_event:0/spo|type\\\": 2,\\n  \\\"vitals.v0/vitals/pulse_oximetry/any_event:0/inspired_oxygen/flow_rate|unit\\\": \\\"ml/min\\\",\\n  \\\"vitals.v0/vitals/pulse_oximetry/any_event:0/inspired_oxygen/flow_rate|magnitude\\\": 31,\\n  \\\"vitals.v0/vitals/pulse_oximetry/any_event:0/inspired_oxygen/percent_o|numerator\\\": 31,\\n  \\\"vitals.v0/vitals/pulse_oximetry/any_event:0/inspired_oxygen/percent_o|denominator\\\": 100,\\n  \\\"vitals.v0/vitals/pulse_oximetry/any_event:0/inspired_oxygen/percent_o|type\\\": 2,\\n  \\\"vitals.v0/vitals/pulse_oximetry/any_event:0/inspired_oxygen/on_air\\\": true,\\n  \\\"vitals.v0/vitals/pulse_oximetry/any_event:0/time\\\": \\\"2021-07-06T17:40:50.231Z\\\",\\n  \\\"vitals.v0/vitals/pulse_oximetry/language|code\\\": \\\"en\\\",\\n  \\\"vitals.v0/vitals/pulse_oximetry/language|terminology\\\": \\\"ISO_639-1\\\",\\n  \\\"vitals.v0/vitals/pulse_oximetry/encoding|code\\\": \\\"UTF-8\\\",\\n  \\\"vitals.v0/vitals/pulse_oximetry/encoding|terminology\\\": \\\"IANA_character-sets\\\",\\n  \\\"vitals.v0/vitals/national_early_warning_score_news/point_in_time:0/respiration_rate|code\\\": \\\"at0018\\\",\\n  \\\"vitals.v0/vitals/national_early_warning_score_news/point_in_time:0/respiration_rate|value\\\": \\\"12-20\\\",\\n  \\\"vitals.v0/vitals/national_early_warning_score_news/point_in_time:0/respiration_rate|terminology\\\": \\\"local\\\",\\n  \\\"vitals.v0/vitals/national_early_warning_score_news/point_in_time:0/oxygen_saturation|code\\\": \\\"at0030\\\",\\n  \\\"vitals.v0/vitals/national_early_warning_score_news/point_in_time:0/oxygen_saturation|value\\\": \\\">= 96\\\",\\n  \\\"vitals.v0/vitals/national_early_warning_score_news/point_in_time:0/oxygen_saturation|terminology\\\": \\\"local\\\",\\n  \\\"vitals.v0/vitals/national_early_warning_score_news/point_in_time:0/supplemental_oxygen|code\\\": \\\"at0036\\\",\\n  \\\"vitals.v0/vitals/national_early_warning_score_news/point_in_time:0/supplemental_oxygen|value\\\": \\\"No\\\",\\n  \\\"vitals.v0/vitals/national_early_warning_score_news/point_in_time:0/supplemental_oxygen|terminology\\\": \\\"local\\\",\\n  \\\"vitals.v0/vitals/national_early_warning_score_news/point_in_time:0/body_temperature|code\\\": \\\"at0022\\\",\\n  \\\"vitals.v0/vitals/national_early_warning_score_news/point_in_time:0/body_temperature|value\\\": \\\"36.1-38.0\\\",\\n  \\\"vitals.v0/vitals/national_early_warning_score_news/point_in_time:0/body_temperature|terminology\\\": \\\"local\\\",\\n  \\\"vitals.v0/vitals/national_early_warning_score_news/point_in_time:0/systolic_blood_pressure|code\\\": \\\"at0014\\\",\\n  \\\"vitals.v0/vitals/national_early_warning_score_news/point_in_time:0/systolic_blood_pressure|value\\\": \\\"111-219\\\",\\n  \\\"vitals.v0/vitals/national_early_warning_score_news/point_in_time:0/systolic_blood_pressure|terminology\\\": \\\"local\\\",\\n  \\\"vitals.v0/vitals/national_early_warning_score_news/point_in_time:0/time\\\": \\\"2021-07-06T17:40:50.249Z\\\",\\n  \\\"vitals.v0/vitals/national_early_warning_score_news/language|code\\\": \\\"en\\\",\\n  \\\"vitals.v0/vitals/national_early_warning_score_news/language|terminology\\\": \\\"ISO_639-1\\\",\\n  \\\"vitals.v0/vitals/national_early_warning_score_news/encoding|code\\\": \\\"UTF-8\\\",\\n  \\\"vitals.v0/vitals/national_early_warning_score_news/encoding|terminology\\\": \\\"IANA_character-sets\\\",\\n  \\\"vitals.v0/composer|name\\\": \\\"Medblocks UI\\\",\\n  \\\"vitals.v0/language|code\\\": \\\"en\\\",\\n  \\\"vitals.v0/language|terminology\\\": \\\"ISO_639-1\\\",\\n  \\\"vitals.v0/territory|code\\\": \\\"IN\\\",\\n  \\\"vitals.v0/territory|terminology\\\": \\\"ISO_3166-1\\\"\\n}\"\n}",
              "code": "",
              "err": {},
              "uuid": "fc397ec5-5e1d-4f29-a6f8-6e8ad34e2cd3",
              "parentUUID": "2ff1cdae-bb1c-4e46-8b47-bd08f4d227db",
              "isHook": false,
              "skipped": false
            },
            {
              "title": "Composition 5",
              "fullTitle": "Compositions against EHRbase Composition 5",
              "timedOut": null,
              "duration": 322,
              "state": "passed",
              "speed": "slow",
              "pass": true,
              "fail": false,
              "pending": false,
              "context": "{\n  \"title\": \"Composition 5\",\n  \"value\": \"{\\n  \\\"vitals.v0/category|code\\\": \\\"433\\\",\\n  \\\"vitals.v0/category|value\\\": \\\"event\\\",\\n  \\\"vitals.v0/category|terminology\\\": \\\"openehr\\\",\\n  \\\"vitals.v0/context/start_time\\\": \\\"2021-07-06T17:40:50.231Z\\\",\\n  \\\"vitals.v0/context/setting|code\\\": \\\"238\\\",\\n  \\\"vitals.v0/context/setting|value\\\": \\\"other care\\\",\\n  \\\"vitals.v0/context/setting|terminology\\\": \\\"openehr\\\",\\n  \\\"vitals.v0/vitals/body_temperature/any_event:0/temperature|unit\\\": \\\"[degF]\\\",\\n  \\\"vitals.v0/vitals/body_temperature/any_event:0/temperature|magnitude\\\": 31,\\n  \\\"vitals.v0/vitals/body_temperature/any_event:0/time\\\": \\\"2021-07-06T17:40:50.231Z\\\",\\n  \\\"vitals.v0/vitals/body_temperature/language|code\\\": \\\"en\\\",\\n  \\\"vitals.v0/vitals/body_temperature/language|terminology\\\": \\\"ISO_639-1\\\",\\n  \\\"vitals.v0/vitals/body_temperature/encoding|code\\\": \\\"UTF-8\\\",\\n  \\\"vitals.v0/vitals/body_temperature/encoding|terminology\\\": \\\"IANA_character-sets\\\",\\n  \\\"vitals.v0/vitals/blood_pressure/any_event:0/systolic|unit\\\": \\\"mm[Hg]\\\",\\n  \\\"vitals.v0/vitals/blood_pressure/any_event:0/systolic|magnitude\\\": 31,\\n  \\\"vitals.v0/vitals/blood_pressure/any_event:0/diastolic|unit\\\": \\\"mm[Hg]\\\",\\n  \\\"vitals.v0/vitals/blood_pressure/any_event:0/diastolic|magnitude\\\": 31,\\n  \\\"vitals.v0/vitals/blood_pressure/any_event:0/time\\\": \\\"2021-07-06T17:40:50.234Z\\\",\\n  \\\"vitals.v0/vitals/blood_pressure/language|code\\\": \\\"en\\\",\\n  \\\"vitals.v0/vitals/blood_pressure/language|terminology\\\": \\\"ISO_639-1\\\",\\n  \\\"vitals.v0/vitals/blood_pressure/encoding|code\\\": \\\"UTF-8\\\",\\n  \\\"vitals.v0/vitals/blood_pressure/encoding|terminology\\\": \\\"IANA_character-sets\\\",\\n  \\\"vitals.v0/vitals/pulse_heart_beat/any_event:0/rate|unit\\\": \\\"/min\\\",\\n  \\\"vitals.v0/vitals/pulse_heart_beat/any_event:0/rate|magnitude\\\": 31,\\n  \\\"vitals.v0/vitals/pulse_heart_beat/any_event:0/time\\\": \\\"2021-07-06T17:40:50.238Z\\\",\\n  \\\"vitals.v0/vitals/pulse_heart_beat/language|code\\\": \\\"en\\\",\\n  \\\"vitals.v0/vitals/pulse_heart_beat/language|terminology\\\": \\\"ISO_639-1\\\",\\n  \\\"vitals.v0/vitals/pulse_heart_beat/encoding|code\\\": \\\"UTF-8\\\",\\n  \\\"vitals.v0/vitals/pulse_heart_beat/encoding|terminology\\\": \\\"IANA_character-sets\\\",\\n  \\\"vitals.v0/vitals/respiration/any_event:0/rate|unit\\\": \\\"/min\\\",\\n  \\\"vitals.v0/vitals/respiration/any_event:0/rate|magnitude\\\": 31,\\n  \\\"vitals.v0/vitals/respiration/any_event:0/time\\\": \\\"2021-07-06T17:40:50.240Z\\\",\\n  \\\"vitals.v0/vitals/respiration/language|code\\\": \\\"en\\\",\\n  \\\"vitals.v0/vitals/respiration/language|terminology\\\": \\\"ISO_639-1\\\",\\n  \\\"vitals.v0/vitals/respiration/encoding|code\\\": \\\"UTF-8\\\",\\n  \\\"vitals.v0/vitals/respiration/encoding|terminology\\\": \\\"IANA_character-sets\\\",\\n  \\\"vitals.v0/vitals/pulse_oximetry/any_event:0/spo|numerator\\\": 31,\\n  \\\"vitals.v0/vitals/pulse_oximetry/any_event:0/spo|denominator\\\": 100,\\n  \\\"vitals.v0/vitals/pulse_oximetry/any_event:0/spo|type\\\": 2,\\n  \\\"vitals.v0/vitals/pulse_oximetry/any_event:0/inspired_oxygen/flow_rate|unit\\\": \\\"ml/min\\\",\\n  \\\"vitals.v0/vitals/pulse_oximetry/any_event:0/inspired_oxygen/flow_rate|magnitude\\\": 31,\\n  \\\"vitals.v0/vitals/pulse_oximetry/any_event:0/inspired_oxygen/percent_o|numerator\\\": 31,\\n  \\\"vitals.v0/vitals/pulse_oximetry/any_event:0/inspired_oxygen/percent_o|denominator\\\": 100,\\n  \\\"vitals.v0/vitals/pulse_oximetry/any_event:0/inspired_oxygen/percent_o|type\\\": 2,\\n  \\\"vitals.v0/vitals/pulse_oximetry/any_event:0/inspired_oxygen/on_air\\\": true,\\n  \\\"vitals.v0/vitals/pulse_oximetry/any_event:0/time\\\": \\\"2021-07-06T17:40:50.231Z\\\",\\n  \\\"vitals.v0/vitals/pulse_oximetry/language|code\\\": \\\"en\\\",\\n  \\\"vitals.v0/vitals/pulse_oximetry/language|terminology\\\": \\\"ISO_639-1\\\",\\n  \\\"vitals.v0/vitals/pulse_oximetry/encoding|code\\\": \\\"UTF-8\\\",\\n  \\\"vitals.v0/vitals/pulse_oximetry/encoding|terminology\\\": \\\"IANA_character-sets\\\",\\n  \\\"vitals.v0/vitals/national_early_warning_score_news/point_in_time:0/respiration_rate|code\\\": \\\"at0018\\\",\\n  \\\"vitals.v0/vitals/national_early_warning_score_news/point_in_time:0/respiration_rate|value\\\": \\\"12-20\\\",\\n  \\\"vitals.v0/vitals/national_early_warning_score_news/point_in_time:0/respiration_rate|terminology\\\": \\\"local\\\",\\n  \\\"vitals.v0/vitals/national_early_warning_score_news/point_in_time:0/oxygen_saturation|code\\\": \\\"at0030\\\",\\n  \\\"vitals.v0/vitals/national_early_warning_score_news/point_in_time:0/oxygen_saturation|value\\\": \\\">= 96\\\",\\n  \\\"vitals.v0/vitals/national_early_warning_score_news/point_in_time:0/oxygen_saturation|terminology\\\": \\\"local\\\",\\n  \\\"vitals.v0/vitals/national_early_warning_score_news/point_in_time:0/supplemental_oxygen|code\\\": \\\"at0036\\\",\\n  \\\"vitals.v0/vitals/national_early_warning_score_news/point_in_time:0/supplemental_oxygen|value\\\": \\\"No\\\",\\n  \\\"vitals.v0/vitals/national_early_warning_score_news/point_in_time:0/supplemental_oxygen|terminology\\\": \\\"local\\\",\\n  \\\"vitals.v0/vitals/national_early_warning_score_news/point_in_time:0/body_temperature|code\\\": \\\"at0022\\\",\\n  \\\"vitals.v0/vitals/national_early_warning_score_news/point_in_time:0/body_temperature|value\\\": \\\"36.1-38.0\\\",\\n  \\\"vitals.v0/vitals/national_early_warning_score_news/point_in_time:0/body_temperature|terminology\\\": \\\"local\\\",\\n  \\\"vitals.v0/vitals/national_early_warning_score_news/point_in_time:0/time\\\": \\\"2021-07-06T17:40:50.249Z\\\",\\n  \\\"vitals.v0/vitals/national_early_warning_score_news/language|code\\\": \\\"en\\\",\\n  \\\"vitals.v0/vitals/national_early_warning_score_news/language|terminology\\\": \\\"ISO_639-1\\\",\\n  \\\"vitals.v0/vitals/national_early_warning_score_news/encoding|code\\\": \\\"UTF-8\\\",\\n  \\\"vitals.v0/vitals/national_early_warning_score_news/encoding|terminology\\\": \\\"IANA_character-sets\\\",\\n  \\\"vitals.v0/composer|name\\\": \\\"Medblocks UI\\\",\\n  \\\"vitals.v0/language|code\\\": \\\"en\\\",\\n  \\\"vitals.v0/language|terminology\\\": \\\"ISO_639-1\\\",\\n  \\\"vitals.v0/territory|code\\\": \\\"IN\\\",\\n  \\\"vitals.v0/territory|terminology\\\": \\\"ISO_3166-1\\\"\\n}\"\n}",
              "code": "",
              "err": {},
              "uuid": "8f473ba5-725b-4799-b677-12cc3c2cc32d",
              "parentUUID": "2ff1cdae-bb1c-4e46-8b47-bd08f4d227db",
              "isHook": false,
              "skipped": false
            },
            {
              "title": "Composition 6",
              "fullTitle": "Compositions against EHRbase Composition 6",
              "timedOut": null,
              "duration": 279,
              "state": "passed",
              "speed": "slow",
              "pass": true,
              "fail": false,
              "pending": false,
              "context": "{\n  \"title\": \"Composition 6\",\n  \"value\": \"{\\n  \\\"vitals.v0/category|code\\\": \\\"433\\\",\\n  \\\"vitals.v0/category|value\\\": \\\"event\\\",\\n  \\\"vitals.v0/category|terminology\\\": \\\"openehr\\\",\\n  \\\"vitals.v0/context/start_time\\\": \\\"2021-07-06T17:40:50.231Z\\\",\\n  \\\"vitals.v0/context/setting|code\\\": \\\"238\\\",\\n  \\\"vitals.v0/context/setting|value\\\": \\\"other care\\\",\\n  \\\"vitals.v0/context/setting|terminology\\\": \\\"openehr\\\",\\n  \\\"vitals.v0/vitals/body_temperature/any_event:0/temperature|unit\\\": \\\"[degF]\\\",\\n  \\\"vitals.v0/vitals/body_temperature/any_event:0/temperature|magnitude\\\": 31,\\n  \\\"vitals.v0/vitals/body_temperature/any_event:0/time\\\": \\\"2021-07-06T17:40:50.231Z\\\",\\n  \\\"vitals.v0/vitals/body_temperature/language|code\\\": \\\"en\\\",\\n  \\\"vitals.v0/vitals/body_temperature/language|terminology\\\": \\\"ISO_639-1\\\",\\n  \\\"vitals.v0/vitals/body_temperature/encoding|code\\\": \\\"UTF-8\\\",\\n  \\\"vitals.v0/vitals/body_temperature/encoding|terminology\\\": \\\"IANA_character-sets\\\",\\n  \\\"vitals.v0/vitals/blood_pressure/any_event:0/systolic|unit\\\": \\\"mm[Hg]\\\",\\n  \\\"vitals.v0/vitals/blood_pressure/any_event:0/systolic|magnitude\\\": 31,\\n  \\\"vitals.v0/vitals/blood_pressure/any_event:0/diastolic|unit\\\": \\\"mm[Hg]\\\",\\n  \\\"vitals.v0/vitals/blood_pressure/any_event:0/diastolic|magnitude\\\": 31,\\n  \\\"vitals.v0/vitals/blood_pressure/any_event:0/time\\\": \\\"2021-07-06T17:40:50.234Z\\\",\\n  \\\"vitals.v0/vitals/blood_pressure/language|code\\\": \\\"en\\\",\\n  \\\"vitals.v0/vitals/blood_pressure/language|terminology\\\": \\\"ISO_639-1\\\",\\n  \\\"vitals.v0/vitals/blood_pressure/encoding|code\\\": \\\"UTF-8\\\",\\n  \\\"vitals.v0/vitals/blood_pressure/encoding|terminology\\\": \\\"IANA_character-sets\\\",\\n  \\\"vitals.v0/vitals/pulse_heart_beat/any_event:0/rate|unit\\\": \\\"/min\\\",\\n  \\\"vitals.v0/vitals/pulse_heart_beat/any_event:0/rate|magnitude\\\": 31,\\n  \\\"vitals.v0/vitals/pulse_heart_beat/any_event:0/time\\\": \\\"2021-07-06T17:40:50.238Z\\\",\\n  \\\"vitals.v0/vitals/pulse_heart_beat/language|code\\\": \\\"en\\\",\\n  \\\"vitals.v0/vitals/pulse_heart_beat/language|terminology\\\": \\\"ISO_639-1\\\",\\n  \\\"vitals.v0/vitals/pulse_heart_beat/encoding|code\\\": \\\"UTF-8\\\",\\n  \\\"vitals.v0/vitals/pulse_heart_beat/encoding|terminology\\\": \\\"IANA_character-sets\\\",\\n  \\\"vitals.v0/vitals/respiration/any_event:0/rate|unit\\\": \\\"/min\\\",\\n  \\\"vitals.v0/vitals/respiration/any_event:0/rate|magnitude\\\": 31,\\n  \\\"vitals.v0/vitals/respiration/any_event:0/time\\\": \\\"2021-07-06T17:40:50.240Z\\\",\\n  \\\"vitals.v0/vitals/respiration/language|code\\\": \\\"en\\\",\\n  \\\"vitals.v0/vitals/respiration/language|terminology\\\": \\\"ISO_639-1\\\",\\n  \\\"vitals.v0/vitals/respiration/encoding|code\\\": \\\"UTF-8\\\",\\n  \\\"vitals.v0/vitals/respiration/encoding|terminology\\\": \\\"IANA_character-sets\\\",\\n  \\\"vitals.v0/vitals/pulse_oximetry/any_event:0/spo|numerator\\\": 31,\\n  \\\"vitals.v0/vitals/pulse_oximetry/any_event:0/spo|denominator\\\": 100,\\n  \\\"vitals.v0/vitals/pulse_oximetry/any_event:0/spo|type\\\": 2,\\n  \\\"vitals.v0/vitals/pulse_oximetry/any_event:0/inspired_oxygen/flow_rate|unit\\\": \\\"ml/min\\\",\\n  \\\"vitals.v0/vitals/pulse_oximetry/any_event:0/inspired_oxygen/flow_rate|magnitude\\\": 31,\\n  \\\"vitals.v0/vitals/pulse_oximetry/any_event:0/inspired_oxygen/percent_o|numerator\\\": 31,\\n  \\\"vitals.v0/vitals/pulse_oximetry/any_event:0/inspired_oxygen/percent_o|denominator\\\": 100,\\n  \\\"vitals.v0/vitals/pulse_oximetry/any_event:0/inspired_oxygen/percent_o|type\\\": 2,\\n  \\\"vitals.v0/vitals/pulse_oximetry/any_event:0/inspired_oxygen/on_air\\\": true,\\n  \\\"vitals.v0/vitals/pulse_oximetry/any_event:0/time\\\": \\\"2021-07-06T17:40:50.231Z\\\",\\n  \\\"vitals.v0/vitals/pulse_oximetry/language|code\\\": \\\"en\\\",\\n  \\\"vitals.v0/vitals/pulse_oximetry/language|terminology\\\": \\\"ISO_639-1\\\",\\n  \\\"vitals.v0/vitals/pulse_oximetry/encoding|code\\\": \\\"UTF-8\\\",\\n  \\\"vitals.v0/vitals/pulse_oximetry/encoding|terminology\\\": \\\"IANA_character-sets\\\",\\n  \\\"vitals.v0/vitals/national_early_warning_score_news/point_in_time:0/respiration_rate|code\\\": \\\"at0018\\\",\\n  \\\"vitals.v0/vitals/national_early_warning_score_news/point_in_time:0/respiration_rate|value\\\": \\\"12-20\\\",\\n  \\\"vitals.v0/vitals/national_early_warning_score_news/point_in_time:0/respiration_rate|terminology\\\": \\\"local\\\",\\n  \\\"vitals.v0/vitals/national_early_warning_score_news/point_in_time:0/oxygen_saturation|code\\\": \\\"at0030\\\",\\n  \\\"vitals.v0/vitals/national_early_warning_score_news/point_in_time:0/oxygen_saturation|value\\\": \\\">= 96\\\",\\n  \\\"vitals.v0/vitals/national_early_warning_score_news/point_in_time:0/oxygen_saturation|terminology\\\": \\\"local\\\",\\n  \\\"vitals.v0/vitals/national_early_warning_score_news/point_in_time:0/supplemental_oxygen|code\\\": \\\"at0036\\\",\\n  \\\"vitals.v0/vitals/national_early_warning_score_news/point_in_time:0/supplemental_oxygen|value\\\": \\\"No\\\",\\n  \\\"vitals.v0/vitals/national_early_warning_score_news/point_in_time:0/supplemental_oxygen|terminology\\\": \\\"local\\\",\\n  \\\"vitals.v0/vitals/national_early_warning_score_news/point_in_time:0/time\\\": \\\"2021-07-06T17:40:50.249Z\\\",\\n  \\\"vitals.v0/vitals/national_early_warning_score_news/language|code\\\": \\\"en\\\",\\n  \\\"vitals.v0/vitals/national_early_warning_score_news/language|terminology\\\": \\\"ISO_639-1\\\",\\n  \\\"vitals.v0/vitals/national_early_warning_score_news/encoding|code\\\": \\\"UTF-8\\\",\\n  \\\"vitals.v0/vitals/national_early_warning_score_news/encoding|terminology\\\": \\\"IANA_character-sets\\\",\\n  \\\"vitals.v0/composer|name\\\": \\\"Medblocks UI\\\",\\n  \\\"vitals.v0/language|code\\\": \\\"en\\\",\\n  \\\"vitals.v0/language|terminology\\\": \\\"ISO_639-1\\\",\\n  \\\"vitals.v0/territory|code\\\": \\\"IN\\\",\\n  \\\"vitals.v0/territory|terminology\\\": \\\"ISO_3166-1\\\"\\n}\"\n}",
              "code": "",
              "err": {},
              "uuid": "c963c79a-2036-42fc-a86f-67837400a702",
              "parentUUID": "2ff1cdae-bb1c-4e46-8b47-bd08f4d227db",
              "isHook": false,
              "skipped": false
            },
            {
              "title": "Composition 7",
              "fullTitle": "Compositions against EHRbase Composition 7",
              "timedOut": null,
              "duration": 297,
              "state": "passed",
              "speed": "slow",
              "pass": true,
              "fail": false,
              "pending": false,
              "context": "{\n  \"title\": \"Composition 7\",\n  \"value\": \"{\\n  \\\"vitals.v0/category|code\\\": \\\"433\\\",\\n  \\\"vitals.v0/category|value\\\": \\\"event\\\",\\n  \\\"vitals.v0/category|terminology\\\": \\\"openehr\\\",\\n  \\\"vitals.v0/context/start_time\\\": \\\"2021-07-06T17:40:50.231Z\\\",\\n  \\\"vitals.v0/context/setting|code\\\": \\\"238\\\",\\n  \\\"vitals.v0/context/setting|value\\\": \\\"other care\\\",\\n  \\\"vitals.v0/context/setting|terminology\\\": \\\"openehr\\\",\\n  \\\"vitals.v0/vitals/body_temperature/any_event:0/temperature|unit\\\": \\\"[degF]\\\",\\n  \\\"vitals.v0/vitals/body_temperature/any_event:0/temperature|magnitude\\\": 31,\\n  \\\"vitals.v0/vitals/body_temperature/any_event:0/time\\\": \\\"2021-07-06T17:40:50.231Z\\\",\\n  \\\"vitals.v0/vitals/body_temperature/language|code\\\": \\\"en\\\",\\n  \\\"vitals.v0/vitals/body_temperature/language|terminology\\\": \\\"ISO_639-1\\\",\\n  \\\"vitals.v0/vitals/body_temperature/encoding|code\\\": \\\"UTF-8\\\",\\n  \\\"vitals.v0/vitals/body_temperature/encoding|terminology\\\": \\\"IANA_character-sets\\\",\\n  \\\"vitals.v0/vitals/blood_pressure/any_event:0/systolic|unit\\\": \\\"mm[Hg]\\\",\\n  \\\"vitals.v0/vitals/blood_pressure/any_event:0/systolic|magnitude\\\": 31,\\n  \\\"vitals.v0/vitals/blood_pressure/any_event:0/diastolic|unit\\\": \\\"mm[Hg]\\\",\\n  \\\"vitals.v0/vitals/blood_pressure/any_event:0/diastolic|magnitude\\\": 31,\\n  \\\"vitals.v0/vitals/blood_pressure/any_event:0/time\\\": \\\"2021-07-06T17:40:50.234Z\\\",\\n  \\\"vitals.v0/vitals/blood_pressure/language|code\\\": \\\"en\\\",\\n  \\\"vitals.v0/vitals/blood_pressure/language|terminology\\\": \\\"ISO_639-1\\\",\\n  \\\"vitals.v0/vitals/blood_pressure/encoding|code\\\": \\\"UTF-8\\\",\\n  \\\"vitals.v0/vitals/blood_pressure/encoding|terminology\\\": \\\"IANA_character-sets\\\",\\n  \\\"vitals.v0/vitals/pulse_heart_beat/any_event:0/rate|unit\\\": \\\"/min\\\",\\n  \\\"vitals.v0/vitals/pulse_heart_beat/any_event:0/rate|magnitude\\\": 31,\\n  \\\"vitals.v0/vitals/pulse_heart_beat/any_event:0/time\\\": \\\"2021-07-06T17:40:50.238Z\\\",\\n  \\\"vitals.v0/vitals/pulse_heart_beat/language|code\\\": \\\"en\\\",\\n  \\\"vitals.v0/vitals/pulse_heart_beat/language|terminology\\\": \\\"ISO_639-1\\\",\\n  \\\"vitals.v0/vitals/pulse_heart_beat/encoding|code\\\": \\\"UTF-8\\\",\\n  \\\"vitals.v0/vitals/pulse_heart_beat/encoding|terminology\\\": \\\"IANA_character-sets\\\",\\n  \\\"vitals.v0/vitals/respiration/any_event:0/rate|unit\\\": \\\"/min\\\",\\n  \\\"vitals.v0/vitals/respiration/any_event:0/rate|magnitude\\\": 31,\\n  \\\"vitals.v0/vitals/respiration/any_event:0/time\\\": \\\"2021-07-06T17:40:50.240Z\\\",\\n  \\\"vitals.v0/vitals/respiration/language|code\\\": \\\"en\\\",\\n  \\\"vitals.v0/vitals/respiration/language|terminology\\\": \\\"ISO_639-1\\\",\\n  \\\"vitals.v0/vitals/respiration/encoding|code\\\": \\\"UTF-8\\\",\\n  \\\"vitals.v0/vitals/respiration/encoding|terminology\\\": \\\"IANA_character-sets\\\",\\n  \\\"vitals.v0/vitals/pulse_oximetry/any_event:0/spo|numerator\\\": 31,\\n  \\\"vitals.v0/vitals/pulse_oximetry/any_event:0/spo|denominator\\\": 100,\\n  \\\"vitals.v0/vitals/pulse_oximetry/any_event:0/spo|type\\\": 2,\\n  \\\"vitals.v0/vitals/pulse_oximetry/any_event:0/inspired_oxygen/flow_rate|unit\\\": \\\"ml/min\\\",\\n  \\\"vitals.v0/vitals/pulse_oximetry/any_event:0/inspired_oxygen/flow_rate|magnitude\\\": 31,\\n  \\\"vitals.v0/vitals/pulse_oximetry/any_event:0/inspired_oxygen/percent_o|numerator\\\": 31,\\n  \\\"vitals.v0/vitals/pulse_oximetry/any_event:0/inspired_oxygen/percent_o|denominator\\\": 100,\\n  \\\"vitals.v0/vitals/pulse_oximetry/any_event:0/inspired_oxygen/percent_o|type\\\": 2,\\n  \\\"vitals.v0/vitals/pulse_oximetry/any_event:0/inspired_oxygen/on_air\\\": true,\\n  \\\"vitals.v0/vitals/pulse_oximetry/any_event:0/time\\\": \\\"2021-07-06T17:40:50.231Z\\\",\\n  \\\"vitals.v0/vitals/pulse_oximetry/language|code\\\": \\\"en\\\",\\n  \\\"vitals.v0/vitals/pulse_oximetry/language|terminology\\\": \\\"ISO_639-1\\\",\\n  \\\"vitals.v0/vitals/pulse_oximetry/encoding|code\\\": \\\"UTF-8\\\",\\n  \\\"vitals.v0/vitals/pulse_oximetry/encoding|terminology\\\": \\\"IANA_character-sets\\\",\\n  \\\"vitals.v0/vitals/national_early_warning_score_news/point_in_time:0/respiration_rate|code\\\": \\\"at0018\\\",\\n  \\\"vitals.v0/vitals/national_early_warning_score_news/point_in_time:0/respiration_rate|value\\\": \\\"12-20\\\",\\n  \\\"vitals.v0/vitals/national_early_warning_score_news/point_in_time:0/respiration_rate|terminology\\\": \\\"local\\\",\\n  \\\"vitals.v0/vitals/national_early_warning_score_news/point_in_time:0/oxygen_saturation|code\\\": \\\"at0030\\\",\\n  \\\"vitals.v0/vitals/national_early_warning_score_news/point_in_time:0/oxygen_saturation|value\\\": \\\">= 96\\\",\\n  \\\"vitals.v0/vitals/national_early_warning_score_news/point_in_time:0/oxygen_saturation|terminology\\\": \\\"local\\\",\\n  \\\"vitals.v0/vitals/national_early_warning_score_news/point_in_time:0/time\\\": \\\"2021-07-06T17:40:50.249Z\\\",\\n  \\\"vitals.v0/vitals/national_early_warning_score_news/language|code\\\": \\\"en\\\",\\n  \\\"vitals.v0/vitals/national_early_warning_score_news/language|terminology\\\": \\\"ISO_639-1\\\",\\n  \\\"vitals.v0/vitals/national_early_warning_score_news/encoding|code\\\": \\\"UTF-8\\\",\\n  \\\"vitals.v0/vitals/national_early_warning_score_news/encoding|terminology\\\": \\\"IANA_character-sets\\\",\\n  \\\"vitals.v0/composer|name\\\": \\\"Medblocks UI\\\",\\n  \\\"vitals.v0/language|code\\\": \\\"en\\\",\\n  \\\"vitals.v0/language|terminology\\\": \\\"ISO_639-1\\\",\\n  \\\"vitals.v0/territory|code\\\": \\\"IN\\\",\\n  \\\"vitals.v0/territory|terminology\\\": \\\"ISO_3166-1\\\"\\n}\"\n}",
              "code": "",
              "err": {},
              "uuid": "989d8932-55a3-4dd8-a89b-cb843345f01c",
              "parentUUID": "2ff1cdae-bb1c-4e46-8b47-bd08f4d227db",
              "isHook": false,
              "skipped": false
            },
            {
              "title": "Composition 8",
              "fullTitle": "Compositions against EHRbase Composition 8",
              "timedOut": null,
              "duration": 212,
              "state": "passed",
              "speed": "slow",
              "pass": true,
              "fail": false,
              "pending": false,
              "context": "{\n  \"title\": \"Composition 8\",\n  \"value\": \"{\\n  \\\"vitals.v0/category|code\\\": \\\"433\\\",\\n  \\\"vitals.v0/category|value\\\": \\\"event\\\",\\n  \\\"vitals.v0/category|terminology\\\": \\\"openehr\\\",\\n  \\\"vitals.v0/context/start_time\\\": \\\"2021-07-06T17:40:50.231Z\\\",\\n  \\\"vitals.v0/context/setting|code\\\": \\\"238\\\",\\n  \\\"vitals.v0/context/setting|value\\\": \\\"other care\\\",\\n  \\\"vitals.v0/context/setting|terminology\\\": \\\"openehr\\\",\\n  \\\"vitals.v0/vitals/body_temperature/any_event:0/temperature|unit\\\": \\\"[degF]\\\",\\n  \\\"vitals.v0/vitals/body_temperature/any_event:0/temperature|magnitude\\\": 31,\\n  \\\"vitals.v0/vitals/body_temperature/any_event:0/time\\\": \\\"2021-07-06T17:40:50.231Z\\\",\\n  \\\"vitals.v0/vitals/body_temperature/language|code\\\": \\\"en\\\",\\n  \\\"vitals.v0/vitals/body_temperature/language|terminology\\\": \\\"ISO_639-1\\\",\\n  \\\"vitals.v0/vitals/body_temperature/encoding|code\\\": \\\"UTF-8\\\",\\n  \\\"vitals.v0/vitals/body_temperature/encoding|terminology\\\": \\\"IANA_character-sets\\\",\\n  \\\"vitals.v0/vitals/blood_pressure/any_event:0/systolic|unit\\\": \\\"mm[Hg]\\\",\\n  \\\"vitals.v0/vitals/blood_pressure/any_event:0/systolic|magnitude\\\": 31,\\n  \\\"vitals.v0/vitals/blood_pressure/any_event:0/diastolic|unit\\\": \\\"mm[Hg]\\\",\\n  \\\"vitals.v0/vitals/blood_pressure/any_event:0/diastolic|magnitude\\\": 31,\\n  \\\"vitals.v0/vitals/blood_pressure/any_event:0/time\\\": \\\"2021-07-06T17:40:50.234Z\\\",\\n  \\\"vitals.v0/vitals/blood_pressure/language|code\\\": \\\"en\\\",\\n  \\\"vitals.v0/vitals/blood_pressure/language|terminology\\\": \\\"ISO_639-1\\\",\\n  \\\"vitals.v0/vitals/blood_pressure/encoding|code\\\": \\\"UTF-8\\\",\\n  \\\"vitals.v0/vitals/blood_pressure/encoding|terminology\\\": \\\"IANA_character-sets\\\",\\n  \\\"vitals.v0/vitals/pulse_heart_beat/any_event:0/rate|unit\\\": \\\"/min\\\",\\n  \\\"vitals.v0/vitals/pulse_heart_beat/any_event:0/rate|magnitude\\\": 31,\\n  \\\"vitals.v0/vitals/pulse_heart_beat/any_event:0/time\\\": \\\"2021-07-06T17:40:50.238Z\\\",\\n  \\\"vitals.v0/vitals/pulse_heart_beat/language|code\\\": \\\"en\\\",\\n  \\\"vitals.v0/vitals/pulse_heart_beat/language|terminology\\\": \\\"ISO_639-1\\\",\\n  \\\"vitals.v0/vitals/pulse_heart_beat/encoding|code\\\": \\\"UTF-8\\\",\\n  \\\"vitals.v0/vitals/pulse_heart_beat/encoding|terminology\\\": \\\"IANA_character-sets\\\",\\n  \\\"vitals.v0/vitals/respiration/any_event:0/rate|unit\\\": \\\"/min\\\",\\n  \\\"vitals.v0/vitals/respiration/any_event:0/rate|magnitude\\\": 31,\\n  \\\"vitals.v0/vitals/respiration/any_event:0/time\\\": \\\"2021-07-06T17:40:50.240Z\\\",\\n  \\\"vitals.v0/vitals/respiration/language|code\\\": \\\"en\\\",\\n  \\\"vitals.v0/vitals/respiration/language|terminology\\\": \\\"ISO_639-1\\\",\\n  \\\"vitals.v0/vitals/respiration/encoding|code\\\": \\\"UTF-8\\\",\\n  \\\"vitals.v0/vitals/respiration/encoding|terminology\\\": \\\"IANA_character-sets\\\",\\n  \\\"vitals.v0/vitals/pulse_oximetry/any_event:0/spo|numerator\\\": 31,\\n  \\\"vitals.v0/vitals/pulse_oximetry/any_event:0/spo|denominator\\\": 100,\\n  \\\"vitals.v0/vitals/pulse_oximetry/any_event:0/spo|type\\\": 2,\\n  \\\"vitals.v0/vitals/pulse_oximetry/any_event:0/inspired_oxygen/flow_rate|unit\\\": \\\"ml/min\\\",\\n  \\\"vitals.v0/vitals/pulse_oximetry/any_event:0/inspired_oxygen/flow_rate|magnitude\\\": 31,\\n  \\\"vitals.v0/vitals/pulse_oximetry/any_event:0/inspired_oxygen/percent_o|numerator\\\": 31,\\n  \\\"vitals.v0/vitals/pulse_oximetry/any_event:0/inspired_oxygen/percent_o|denominator\\\": 100,\\n  \\\"vitals.v0/vitals/pulse_oximetry/any_event:0/inspired_oxygen/percent_o|type\\\": 2,\\n  \\\"vitals.v0/vitals/pulse_oximetry/any_event:0/inspired_oxygen/on_air\\\": true,\\n  \\\"vitals.v0/vitals/pulse_oximetry/any_event:0/time\\\": \\\"2021-07-06T17:40:50.231Z\\\",\\n  \\\"vitals.v0/vitals/pulse_oximetry/language|code\\\": \\\"en\\\",\\n  \\\"vitals.v0/vitals/pulse_oximetry/language|terminology\\\": \\\"ISO_639-1\\\",\\n  \\\"vitals.v0/vitals/pulse_oximetry/encoding|code\\\": \\\"UTF-8\\\",\\n  \\\"vitals.v0/vitals/pulse_oximetry/encoding|terminology\\\": \\\"IANA_character-sets\\\",\\n  \\\"vitals.v0/vitals/national_early_warning_score_news/point_in_time:0/respiration_rate|code\\\": \\\"at0018\\\",\\n  \\\"vitals.v0/vitals/national_early_warning_score_news/point_in_time:0/respiration_rate|value\\\": \\\"12-20\\\",\\n  \\\"vitals.v0/vitals/national_early_warning_score_news/point_in_time:0/respiration_rate|terminology\\\": \\\"local\\\",\\n  \\\"vitals.v0/vitals/national_early_warning_score_news/point_in_time:0/time\\\": \\\"2021-07-06T17:40:50.249Z\\\",\\n  \\\"vitals.v0/vitals/national_early_warning_score_news/language|code\\\": \\\"en\\\",\\n  \\\"vitals.v0/vitals/national_early_warning_score_news/language|terminology\\\": \\\"ISO_639-1\\\",\\n  \\\"vitals.v0/vitals/national_early_warning_score_news/encoding|code\\\": \\\"UTF-8\\\",\\n  \\\"vitals.v0/vitals/national_early_warning_score_news/encoding|terminology\\\": \\\"IANA_character-sets\\\",\\n  \\\"vitals.v0/composer|name\\\": \\\"Medblocks UI\\\",\\n  \\\"vitals.v0/language|code\\\": \\\"en\\\",\\n  \\\"vitals.v0/language|terminology\\\": \\\"ISO_639-1\\\",\\n  \\\"vitals.v0/territory|code\\\": \\\"IN\\\",\\n  \\\"vitals.v0/territory|terminology\\\": \\\"ISO_3166-1\\\"\\n}\"\n}",
              "code": "",
              "err": {},
              "uuid": "bd082f76-67e4-42a6-8b3f-5be406aac76e",
              "parentUUID": "2ff1cdae-bb1c-4e46-8b47-bd08f4d227db",
              "isHook": false,
              "skipped": false
            },
            {
              "title": "Composition 9",
              "fullTitle": "Compositions against EHRbase Composition 9",
              "timedOut": null,
              "duration": 583,
              "state": "passed",
              "speed": "slow",
              "pass": true,
              "fail": false,
              "pending": false,
              "context": "{\n  \"title\": \"Composition 9\",\n  \"value\": \"{\\n  \\\"vitals.v0/category|code\\\": \\\"433\\\",\\n  \\\"vitals.v0/category|value\\\": \\\"event\\\",\\n  \\\"vitals.v0/category|terminology\\\": \\\"openehr\\\",\\n  \\\"vitals.v0/context/start_time\\\": \\\"2021-07-06T17:40:50.231Z\\\",\\n  \\\"vitals.v0/context/setting|code\\\": \\\"238\\\",\\n  \\\"vitals.v0/context/setting|value\\\": \\\"other care\\\",\\n  \\\"vitals.v0/context/setting|terminology\\\": \\\"openehr\\\",\\n  \\\"vitals.v0/vitals/body_temperature/any_event:0/temperature|unit\\\": \\\"[degF]\\\",\\n  \\\"vitals.v0/vitals/body_temperature/any_event:0/temperature|magnitude\\\": 31,\\n  \\\"vitals.v0/vitals/body_temperature/any_event:0/time\\\": \\\"2021-07-06T17:40:50.231Z\\\",\\n  \\\"vitals.v0/vitals/body_temperature/language|code\\\": \\\"en\\\",\\n  \\\"vitals.v0/vitals/body_temperature/language|terminology\\\": \\\"ISO_639-1\\\",\\n  \\\"vitals.v0/vitals/body_temperature/encoding|code\\\": \\\"UTF-8\\\",\\n  \\\"vitals.v0/vitals/body_temperature/encoding|terminology\\\": \\\"IANA_character-sets\\\",\\n  \\\"vitals.v0/vitals/blood_pressure/any_event:0/systolic|unit\\\": \\\"mm[Hg]\\\",\\n  \\\"vitals.v0/vitals/blood_pressure/any_event:0/systolic|magnitude\\\": 31,\\n  \\\"vitals.v0/vitals/blood_pressure/any_event:0/diastolic|unit\\\": \\\"mm[Hg]\\\",\\n  \\\"vitals.v0/vitals/blood_pressure/any_event:0/diastolic|magnitude\\\": 31,\\n  \\\"vitals.v0/vitals/blood_pressure/any_event:0/time\\\": \\\"2021-07-06T17:40:50.234Z\\\",\\n  \\\"vitals.v0/vitals/blood_pressure/language|code\\\": \\\"en\\\",\\n  \\\"vitals.v0/vitals/blood_pressure/language|terminology\\\": \\\"ISO_639-1\\\",\\n  \\\"vitals.v0/vitals/blood_pressure/encoding|code\\\": \\\"UTF-8\\\",\\n  \\\"vitals.v0/vitals/blood_pressure/encoding|terminology\\\": \\\"IANA_character-sets\\\",\\n  \\\"vitals.v0/vitals/pulse_heart_beat/any_event:0/rate|unit\\\": \\\"/min\\\",\\n  \\\"vitals.v0/vitals/pulse_heart_beat/any_event:0/rate|magnitude\\\": 31,\\n  \\\"vitals.v0/vitals/pulse_heart_beat/any_event:0/time\\\": \\\"2021-07-06T17:40:50.238Z\\\",\\n  \\\"vitals.v0/vitals/pulse_heart_beat/language|code\\\": \\\"en\\\",\\n  \\\"vitals.v0/vitals/pulse_heart_beat/language|terminology\\\": \\\"ISO_639-1\\\",\\n  \\\"vitals.v0/vitals/pulse_heart_beat/encoding|code\\\": \\\"UTF-8\\\",\\n  \\\"vitals.v0/vitals/pulse_heart_beat/encoding|terminology\\\": \\\"IANA_character-sets\\\",\\n  \\\"vitals.v0/vitals/respiration/any_event:0/rate|unit\\\": \\\"/min\\\",\\n  \\\"vitals.v0/vitals/respiration/any_event:0/rate|magnitude\\\": 31,\\n  \\\"vitals.v0/vitals/respiration/any_event:0/time\\\": \\\"2021-07-06T17:40:50.240Z\\\",\\n  \\\"vitals.v0/vitals/respiration/language|code\\\": \\\"en\\\",\\n  \\\"vitals.v0/vitals/respiration/language|terminology\\\": \\\"ISO_639-1\\\",\\n  \\\"vitals.v0/vitals/respiration/encoding|code\\\": \\\"UTF-8\\\",\\n  \\\"vitals.v0/vitals/respiration/encoding|terminology\\\": \\\"IANA_character-sets\\\",\\n  \\\"vitals.v0/vitals/pulse_oximetry/any_event:0/spo|numerator\\\": 31,\\n  \\\"vitals.v0/vitals/pulse_oximetry/any_event:0/spo|denominator\\\": 100,\\n  \\\"vitals.v0/vitals/pulse_oximetry/any_event:0/spo|type\\\": 2,\\n  \\\"vitals.v0/vitals/pulse_oximetry/any_event:0/inspired_oxygen/flow_rate|unit\\\": \\\"ml/min\\\",\\n  \\\"vitals.v0/vitals/pulse_oximetry/any_event:0/inspired_oxygen/flow_rate|magnitude\\\": 31,\\n  \\\"vitals.v0/vitals/pulse_oximetry/any_event:0/inspired_oxygen/percent_o|numerator\\\": 31,\\n  \\\"vitals.v0/vitals/pulse_oximetry/any_event:0/inspired_oxygen/percent_o|denominator\\\": 100,\\n  \\\"vitals.v0/vitals/pulse_oximetry/any_event:0/inspired_oxygen/percent_o|type\\\": 2,\\n  \\\"vitals.v0/vitals/pulse_oximetry/any_event:0/inspired_oxygen/on_air\\\": true,\\n  \\\"vitals.v0/vitals/pulse_oximetry/any_event:0/time\\\": \\\"2021-07-06T17:40:50.231Z\\\",\\n  \\\"vitals.v0/vitals/pulse_oximetry/language|code\\\": \\\"en\\\",\\n  \\\"vitals.v0/vitals/pulse_oximetry/language|terminology\\\": \\\"ISO_639-1\\\",\\n  \\\"vitals.v0/vitals/pulse_oximetry/encoding|code\\\": \\\"UTF-8\\\",\\n  \\\"vitals.v0/vitals/pulse_oximetry/encoding|terminology\\\": \\\"IANA_character-sets\\\",\\n  \\\"vitals.v0/composer|name\\\": \\\"Medblocks UI\\\",\\n  \\\"vitals.v0/language|code\\\": \\\"en\\\",\\n  \\\"vitals.v0/language|terminology\\\": \\\"ISO_639-1\\\",\\n  \\\"vitals.v0/territory|code\\\": \\\"IN\\\",\\n  \\\"vitals.v0/territory|terminology\\\": \\\"ISO_3166-1\\\"\\n}\"\n}",
              "code": "",
              "err": {},
              "uuid": "703227f3-875c-4f0f-aaf2-a1db9c27190a",
              "parentUUID": "2ff1cdae-bb1c-4e46-8b47-bd08f4d227db",
              "isHook": false,
              "skipped": false
            },
            {
              "title": "Composition 10",
              "fullTitle": "Compositions against EHRbase Composition 10",
              "timedOut": null,
              "duration": 300,
              "state": "passed",
              "speed": "slow",
              "pass": true,
              "fail": false,
              "pending": false,
              "context": "{\n  \"title\": \"Composition 10\",\n  \"value\": \"{\\n  \\\"vitals.v0/category|code\\\": \\\"433\\\",\\n  \\\"vitals.v0/category|value\\\": \\\"event\\\",\\n  \\\"vitals.v0/category|terminology\\\": \\\"openehr\\\",\\n  \\\"vitals.v0/context/start_time\\\": \\\"2021-07-06T17:40:50.231Z\\\",\\n  \\\"vitals.v0/context/setting|code\\\": \\\"238\\\",\\n  \\\"vitals.v0/context/setting|value\\\": \\\"other care\\\",\\n  \\\"vitals.v0/context/setting|terminology\\\": \\\"openehr\\\",\\n  \\\"vitals.v0/vitals/body_temperature/any_event:0/temperature|unit\\\": \\\"[degF]\\\",\\n  \\\"vitals.v0/vitals/body_temperature/any_event:0/temperature|magnitude\\\": 31,\\n  \\\"vitals.v0/vitals/body_temperature/any_event:0/time\\\": \\\"2021-07-06T17:40:50.231Z\\\",\\n  \\\"vitals.v0/vitals/body_temperature/language|code\\\": \\\"en\\\",\\n  \\\"vitals.v0/vitals/body_temperature/language|terminology\\\": \\\"ISO_639-1\\\",\\n  \\\"vitals.v0/vitals/body_temperature/encoding|code\\\": \\\"UTF-8\\\",\\n  \\\"vitals.v0/vitals/body_temperature/encoding|terminology\\\": \\\"IANA_character-sets\\\",\\n  \\\"vitals.v0/vitals/blood_pressure/any_event:0/systolic|unit\\\": \\\"mm[Hg]\\\",\\n  \\\"vitals.v0/vitals/blood_pressure/any_event:0/systolic|magnitude\\\": 31,\\n  \\\"vitals.v0/vitals/blood_pressure/any_event:0/diastolic|unit\\\": \\\"mm[Hg]\\\",\\n  \\\"vitals.v0/vitals/blood_pressure/any_event:0/diastolic|magnitude\\\": 31,\\n  \\\"vitals.v0/vitals/blood_pressure/any_event:0/time\\\": \\\"2021-07-06T17:40:50.234Z\\\",\\n  \\\"vitals.v0/vitals/blood_pressure/language|code\\\": \\\"en\\\",\\n  \\\"vitals.v0/vitals/blood_pressure/language|terminology\\\": \\\"ISO_639-1\\\",\\n  \\\"vitals.v0/vitals/blood_pressure/encoding|code\\\": \\\"UTF-8\\\",\\n  \\\"vitals.v0/vitals/blood_pressure/encoding|terminology\\\": \\\"IANA_character-sets\\\",\\n  \\\"vitals.v0/vitals/pulse_heart_beat/any_event:0/rate|unit\\\": \\\"/min\\\",\\n  \\\"vitals.v0/vitals/pulse_heart_beat/any_event:0/rate|magnitude\\\": 31,\\n  \\\"vitals.v0/vitals/pulse_heart_beat/any_event:0/time\\\": \\\"2021-07-06T17:40:50.238Z\\\",\\n  \\\"vitals.v0/vitals/pulse_heart_beat/language|code\\\": \\\"en\\\",\\n  \\\"vitals.v0/vitals/pulse_heart_beat/language|terminology\\\": \\\"ISO_639-1\\\",\\n  \\\"vitals.v0/vitals/pulse_heart_beat/encoding|code\\\": \\\"UTF-8\\\",\\n  \\\"vitals.v0/vitals/pulse_heart_beat/encoding|terminology\\\": \\\"IANA_character-sets\\\",\\n  \\\"vitals.v0/vitals/respiration/any_event:0/rate|unit\\\": \\\"/min\\\",\\n  \\\"vitals.v0/vitals/respiration/any_event:0/rate|magnitude\\\": 31,\\n  \\\"vitals.v0/vitals/respiration/any_event:0/time\\\": \\\"2021-07-06T17:40:50.240Z\\\",\\n  \\\"vitals.v0/vitals/respiration/language|code\\\": \\\"en\\\",\\n  \\\"vitals.v0/vitals/respiration/language|terminology\\\": \\\"ISO_639-1\\\",\\n  \\\"vitals.v0/vitals/respiration/encoding|code\\\": \\\"UTF-8\\\",\\n  \\\"vitals.v0/vitals/respiration/encoding|terminology\\\": \\\"IANA_character-sets\\\",\\n  \\\"vitals.v0/vitals/pulse_oximetry/any_event:0/spo|numerator\\\": 31,\\n  \\\"vitals.v0/vitals/pulse_oximetry/any_event:0/spo|denominator\\\": 100,\\n  \\\"vitals.v0/vitals/pulse_oximetry/any_event:0/spo|type\\\": 2,\\n  \\\"vitals.v0/vitals/pulse_oximetry/any_event:0/inspired_oxygen/flow_rate|unit\\\": \\\"ml/min\\\",\\n  \\\"vitals.v0/vitals/pulse_oximetry/any_event:0/inspired_oxygen/flow_rate|magnitude\\\": 31,\\n  \\\"vitals.v0/vitals/pulse_oximetry/any_event:0/inspired_oxygen/percent_o|numerator\\\": 31,\\n  \\\"vitals.v0/vitals/pulse_oximetry/any_event:0/inspired_oxygen/percent_o|denominator\\\": 100,\\n  \\\"vitals.v0/vitals/pulse_oximetry/any_event:0/inspired_oxygen/percent_o|type\\\": 2,\\n  \\\"vitals.v0/vitals/pulse_oximetry/any_event:0/inspired_oxygen/on_air\\\": false,\\n  \\\"vitals.v0/vitals/pulse_oximetry/any_event:0/time\\\": \\\"2021-07-06T17:40:50.231Z\\\",\\n  \\\"vitals.v0/vitals/pulse_oximetry/language|code\\\": \\\"en\\\",\\n  \\\"vitals.v0/vitals/pulse_oximetry/language|terminology\\\": \\\"ISO_639-1\\\",\\n  \\\"vitals.v0/vitals/pulse_oximetry/encoding|code\\\": \\\"UTF-8\\\",\\n  \\\"vitals.v0/vitals/pulse_oximetry/encoding|terminology\\\": \\\"IANA_character-sets\\\",\\n  \\\"vitals.v0/composer|name\\\": \\\"Medblocks UI\\\",\\n  \\\"vitals.v0/language|code\\\": \\\"en\\\",\\n  \\\"vitals.v0/language|terminology\\\": \\\"ISO_639-1\\\",\\n  \\\"vitals.v0/territory|code\\\": \\\"IN\\\",\\n  \\\"vitals.v0/territory|terminology\\\": \\\"ISO_3166-1\\\"\\n}\"\n}",
              "code": "",
              "err": {},
              "uuid": "7c474454-ca9a-4338-a0bd-990e54e904db",
              "parentUUID": "2ff1cdae-bb1c-4e46-8b47-bd08f4d227db",
              "isHook": false,
              "skipped": false
            },
            {
              "title": "Composition 11",
              "fullTitle": "Compositions against EHRbase Composition 11",
              "timedOut": null,
              "duration": 249,
              "state": "passed",
              "speed": "slow",
              "pass": true,
              "fail": false,
              "pending": false,
              "context": "{\n  \"title\": \"Composition 11\",\n  \"value\": \"{\\n  \\\"vitals.v0/category|code\\\": \\\"433\\\",\\n  \\\"vitals.v0/category|value\\\": \\\"event\\\",\\n  \\\"vitals.v0/category|terminology\\\": \\\"openehr\\\",\\n  \\\"vitals.v0/context/start_time\\\": \\\"2021-07-06T17:40:50.231Z\\\",\\n  \\\"vitals.v0/context/setting|code\\\": \\\"238\\\",\\n  \\\"vitals.v0/context/setting|value\\\": \\\"other care\\\",\\n  \\\"vitals.v0/context/setting|terminology\\\": \\\"openehr\\\",\\n  \\\"vitals.v0/vitals/body_temperature/any_event:0/temperature|unit\\\": \\\"[degF]\\\",\\n  \\\"vitals.v0/vitals/body_temperature/any_event:0/temperature|magnitude\\\": 31,\\n  \\\"vitals.v0/vitals/body_temperature/any_event:0/time\\\": \\\"2021-07-06T17:40:50.231Z\\\",\\n  \\\"vitals.v0/vitals/body_temperature/language|code\\\": \\\"en\\\",\\n  \\\"vitals.v0/vitals/body_temperature/language|terminology\\\": \\\"ISO_639-1\\\",\\n  \\\"vitals.v0/vitals/body_temperature/encoding|code\\\": \\\"UTF-8\\\",\\n  \\\"vitals.v0/vitals/body_temperature/encoding|terminology\\\": \\\"IANA_character-sets\\\",\\n  \\\"vitals.v0/vitals/blood_pressure/any_event:0/systolic|unit\\\": \\\"mm[Hg]\\\",\\n  \\\"vitals.v0/vitals/blood_pressure/any_event:0/systolic|magnitude\\\": 31,\\n  \\\"vitals.v0/vitals/blood_pressure/any_event:0/diastolic|unit\\\": \\\"mm[Hg]\\\",\\n  \\\"vitals.v0/vitals/blood_pressure/any_event:0/diastolic|magnitude\\\": 31,\\n  \\\"vitals.v0/vitals/blood_pressure/any_event:0/time\\\": \\\"2021-07-06T17:40:50.234Z\\\",\\n  \\\"vitals.v0/vitals/blood_pressure/language|code\\\": \\\"en\\\",\\n  \\\"vitals.v0/vitals/blood_pressure/language|terminology\\\": \\\"ISO_639-1\\\",\\n  \\\"vitals.v0/vitals/blood_pressure/encoding|code\\\": \\\"UTF-8\\\",\\n  \\\"vitals.v0/vitals/blood_pressure/encoding|terminology\\\": \\\"IANA_character-sets\\\",\\n  \\\"vitals.v0/vitals/pulse_heart_beat/any_event:0/rate|unit\\\": \\\"/min\\\",\\n  \\\"vitals.v0/vitals/pulse_heart_beat/any_event:0/rate|magnitude\\\": 31,\\n  \\\"vitals.v0/vitals/pulse_heart_beat/any_event:0/time\\\": \\\"2021-07-06T17:40:50.238Z\\\",\\n  \\\"vitals.v0/vitals/pulse_heart_beat/language|code\\\": \\\"en\\\",\\n  \\\"vitals.v0/vitals/pulse_heart_beat/language|terminology\\\": \\\"ISO_639-1\\\",\\n  \\\"vitals.v0/vitals/pulse_heart_beat/encoding|code\\\": \\\"UTF-8\\\",\\n  \\\"vitals.v0/vitals/pulse_heart_beat/encoding|terminology\\\": \\\"IANA_character-sets\\\",\\n  \\\"vitals.v0/vitals/respiration/any_event:0/rate|unit\\\": \\\"/min\\\",\\n  \\\"vitals.v0/vitals/respiration/any_event:0/rate|magnitude\\\": 31,\\n  \\\"vitals.v0/vitals/respiration/any_event:0/time\\\": \\\"2021-07-06T17:40:50.240Z\\\",\\n  \\\"vitals.v0/vitals/respiration/language|code\\\": \\\"en\\\",\\n  \\\"vitals.v0/vitals/respiration/language|terminology\\\": \\\"ISO_639-1\\\",\\n  \\\"vitals.v0/vitals/respiration/encoding|code\\\": \\\"UTF-8\\\",\\n  \\\"vitals.v0/vitals/respiration/encoding|terminology\\\": \\\"IANA_character-sets\\\",\\n  \\\"vitals.v0/vitals/pulse_oximetry/any_event:0/spo|numerator\\\": 31,\\n  \\\"vitals.v0/vitals/pulse_oximetry/any_event:0/spo|denominator\\\": 100,\\n  \\\"vitals.v0/vitals/pulse_oximetry/any_event:0/spo|type\\\": 2,\\n  \\\"vitals.v0/vitals/pulse_oximetry/any_event:0/inspired_oxygen/flow_rate|unit\\\": \\\"ml/min\\\",\\n  \\\"vitals.v0/vitals/pulse_oximetry/any_event:0/inspired_oxygen/flow_rate|magnitude\\\": 31,\\n  \\\"vitals.v0/vitals/pulse_oximetry/any_event:0/inspired_oxygen/on_air\\\": false,\\n  \\\"vitals.v0/vitals/pulse_oximetry/any_event:0/time\\\": \\\"2021-07-06T17:40:50.231Z\\\",\\n  \\\"vitals.v0/vitals/pulse_oximetry/language|code\\\": \\\"en\\\",\\n  \\\"vitals.v0/vitals/pulse_oximetry/language|terminology\\\": \\\"ISO_639-1\\\",\\n  \\\"vitals.v0/vitals/pulse_oximetry/encoding|code\\\": \\\"UTF-8\\\",\\n  \\\"vitals.v0/vitals/pulse_oximetry/encoding|terminology\\\": \\\"IANA_character-sets\\\",\\n  \\\"vitals.v0/composer|name\\\": \\\"Medblocks UI\\\",\\n  \\\"vitals.v0/language|code\\\": \\\"en\\\",\\n  \\\"vitals.v0/language|terminology\\\": \\\"ISO_639-1\\\",\\n  \\\"vitals.v0/territory|code\\\": \\\"IN\\\",\\n  \\\"vitals.v0/territory|terminology\\\": \\\"ISO_3166-1\\\"\\n}\"\n}",
              "code": "",
              "err": {},
              "uuid": "eeb085e3-238b-4208-b6f9-2ef38e4b9c0c",
              "parentUUID": "2ff1cdae-bb1c-4e46-8b47-bd08f4d227db",
              "isHook": false,
              "skipped": false
            },
            {
              "title": "Composition 12",
              "fullTitle": "Compositions against EHRbase Composition 12",
              "timedOut": null,
              "duration": 212,
              "state": "passed",
              "speed": "slow",
              "pass": true,
              "fail": false,
              "pending": false,
              "context": "{\n  \"title\": \"Composition 12\",\n  \"value\": \"{\\n  \\\"vitals.v0/category|code\\\": \\\"433\\\",\\n  \\\"vitals.v0/category|value\\\": \\\"event\\\",\\n  \\\"vitals.v0/category|terminology\\\": \\\"openehr\\\",\\n  \\\"vitals.v0/context/start_time\\\": \\\"2021-07-06T17:40:50.231Z\\\",\\n  \\\"vitals.v0/context/setting|code\\\": \\\"238\\\",\\n  \\\"vitals.v0/context/setting|value\\\": \\\"other care\\\",\\n  \\\"vitals.v0/context/setting|terminology\\\": \\\"openehr\\\",\\n  \\\"vitals.v0/vitals/body_temperature/any_event:0/temperature|unit\\\": \\\"[degF]\\\",\\n  \\\"vitals.v0/vitals/body_temperature/any_event:0/temperature|magnitude\\\": 31,\\n  \\\"vitals.v0/vitals/body_temperature/any_event:0/time\\\": \\\"2021-07-06T17:40:50.231Z\\\",\\n  \\\"vitals.v0/vitals/body_temperature/language|code\\\": \\\"en\\\",\\n  \\\"vitals.v0/vitals/body_temperature/language|terminology\\\": \\\"ISO_639-1\\\",\\n  \\\"vitals.v0/vitals/body_temperature/encoding|code\\\": \\\"UTF-8\\\",\\n  \\\"vitals.v0/vitals/body_temperature/encoding|terminology\\\": \\\"IANA_character-sets\\\",\\n  \\\"vitals.v0/vitals/blood_pressure/any_event:0/systolic|unit\\\": \\\"mm[Hg]\\\",\\n  \\\"vitals.v0/vitals/blood_pressure/any_event:0/systolic|magnitude\\\": 31,\\n  \\\"vitals.v0/vitals/blood_pressure/any_event:0/diastolic|unit\\\": \\\"mm[Hg]\\\",\\n  \\\"vitals.v0/vitals/blood_pressure/any_event:0/diastolic|magnitude\\\": 31,\\n  \\\"vitals.v0/vitals/blood_pressure/any_event:0/time\\\": \\\"2021-07-06T17:40:50.234Z\\\",\\n  \\\"vitals.v0/vitals/blood_pressure/language|code\\\": \\\"en\\\",\\n  \\\"vitals.v0/vitals/blood_pressure/language|terminology\\\": \\\"ISO_639-1\\\",\\n  \\\"vitals.v0/vitals/blood_pressure/encoding|code\\\": \\\"UTF-8\\\",\\n  \\\"vitals.v0/vitals/blood_pressure/encoding|terminology\\\": \\\"IANA_character-sets\\\",\\n  \\\"vitals.v0/vitals/pulse_heart_beat/any_event:0/rate|unit\\\": \\\"/min\\\",\\n  \\\"vitals.v0/vitals/pulse_heart_beat/any_event:0/rate|magnitude\\\": 31,\\n  \\\"vitals.v0/vitals/pulse_heart_beat/any_event:0/time\\\": \\\"2021-07-06T17:40:50.238Z\\\",\\n  \\\"vitals.v0/vitals/pulse_heart_beat/language|code\\\": \\\"en\\\",\\n  \\\"vitals.v0/vitals/pulse_heart_beat/language|terminology\\\": \\\"ISO_639-1\\\",\\n  \\\"vitals.v0/vitals/pulse_heart_beat/encoding|code\\\": \\\"UTF-8\\\",\\n  \\\"vitals.v0/vitals/pulse_heart_beat/encoding|terminology\\\": \\\"IANA_character-sets\\\",\\n  \\\"vitals.v0/vitals/respiration/any_event:0/rate|unit\\\": \\\"/min\\\",\\n  \\\"vitals.v0/vitals/respiration/any_event:0/rate|magnitude\\\": 31,\\n  \\\"vitals.v0/vitals/respiration/any_event:0/time\\\": \\\"2021-07-06T17:40:50.240Z\\\",\\n  \\\"vitals.v0/vitals/respiration/language|code\\\": \\\"en\\\",\\n  \\\"vitals.v0/vitals/respiration/language|terminology\\\": \\\"ISO_639-1\\\",\\n  \\\"vitals.v0/vitals/respiration/encoding|code\\\": \\\"UTF-8\\\",\\n  \\\"vitals.v0/vitals/respiration/encoding|terminology\\\": \\\"IANA_character-sets\\\",\\n  \\\"vitals.v0/vitals/pulse_oximetry/any_event:0/spo|numerator\\\": 31,\\n  \\\"vitals.v0/vitals/pulse_oximetry/any_event:0/spo|denominator\\\": 100,\\n  \\\"vitals.v0/vitals/pulse_oximetry/any_event:0/spo|type\\\": 2,\\n  \\\"vitals.v0/vitals/pulse_oximetry/any_event:0/inspired_oxygen/on_air\\\": false,\\n  \\\"vitals.v0/vitals/pulse_oximetry/any_event:0/time\\\": \\\"2021-07-06T17:40:50.231Z\\\",\\n  \\\"vitals.v0/vitals/pulse_oximetry/language|code\\\": \\\"en\\\",\\n  \\\"vitals.v0/vitals/pulse_oximetry/language|terminology\\\": \\\"ISO_639-1\\\",\\n  \\\"vitals.v0/vitals/pulse_oximetry/encoding|code\\\": \\\"UTF-8\\\",\\n  \\\"vitals.v0/vitals/pulse_oximetry/encoding|terminology\\\": \\\"IANA_character-sets\\\",\\n  \\\"vitals.v0/composer|name\\\": \\\"Medblocks UI\\\",\\n  \\\"vitals.v0/language|code\\\": \\\"en\\\",\\n  \\\"vitals.v0/language|terminology\\\": \\\"ISO_639-1\\\",\\n  \\\"vitals.v0/territory|code\\\": \\\"IN\\\",\\n  \\\"vitals.v0/territory|terminology\\\": \\\"ISO_3166-1\\\"\\n}\"\n}",
              "code": "",
              "err": {},
              "uuid": "14b2ee4c-e3fd-4ff3-b177-be0141e52bf3",
              "parentUUID": "2ff1cdae-bb1c-4e46-8b47-bd08f4d227db",
              "isHook": false,
              "skipped": false
            },
            {
              "title": "Composition 13",
              "fullTitle": "Compositions against EHRbase Composition 13",
              "timedOut": null,
              "duration": 5610,
              "state": "failed",
              "speed": null,
              "pass": false,
              "fail": true,
              "pending": false,
[...]
              "code": "",
              "err": {
                "message": "CypressError: `cy.request()` timed out waiting `5000ms` for a response from your server.\n\nThe request we sent was:\n\nMethod: POST\nURL: http://localhost:5001/ehrbase/rest/ecis/v1/composition\n\nNo response was received within the timeout.\n\nhttps://on.cypress.io/request",
                "estack": "CypressError: `cy.request()` timed out waiting `5000ms` for a response from your server.\n\nThe request we sent was:\n\nMethod: POST\nURL: http://localhost:5001/ehrbase/rest/ecis/v1/composition\n\nNo response was received within the timeout.\n\nhttps://on.cypress.io/request\n    at http://localhost:60068/__cypress/runner/cypress_runner.js:140183:19\n    at tryCatcher (http://localhost:60068/__cypress/runner/cypress_runner.js:10798:23)\n    at http://localhost:60068/__cypress/runner/cypress_runner.js:5920:41\n    at tryCatcher (http://localhost:60068/__cypress/runner/cypress_runner.js:10798:23)\n    at Promise._settlePromiseFromHandler (http://localhost:60068/__cypress/runner/cypress_runner.js:8733:31)\n    at Promise._settlePromise (http://localhost:60068/__cypress/runner/cypress_runner.js:8790:18)\n    at Promise._settlePromise0 (http://localhost:60068/__cypress/runner/cypress_runner.js:8835:10)\n    at Promise._settlePromises (http://localhost:60068/__cypress/runner/cypress_runner.js:8911:18)\n    at _drainQueueStep (http://localhost:60068/__cypress/runner/cypress_runner.js:5505:12)\n    at _drainQueue (http://localhost:60068/__cypress/runner/cypress_runner.js:5498:9)\n    at Async.../../node_modules/bluebird/js/release/async.js.Async._drainQueues (http://localhost:60068/__cypress/runner/cypress_runner.js:5514:5)\n    at Async.drainQueues (http://localhost:60068/__cypress/runner/cypress_runner.js:5384:14)\nFrom Your Spec Code:\n    at Context.eval (http://localhost:60068/__cypress/tests?p=cypress\\integration\\requests.spec.js:216:10)",
                "diff": null
              },
              "uuid": "3f2adff2-d9a4-4e55-9a4a-c16339871cad",
              "parentUUID": "2ff1cdae-bb1c-4e46-8b47-bd08f4d227db",
              "isHook": false,
              "skipped": false
            },
            {
              "title": "Composition 15",
              "fullTitle": "Compositions against EHRbase Composition 15",
              "timedOut": null,
              "duration": 5608,
              "state": "failed",
              "speed": null,
              "pass": false,
              "fail": true,
              "pending": false,
              "context": "{\n  \"title\": \"Composition 15\",\n  \"value\": \"{\\n  \\\"vitals.v0/category|code\\\": \\\"433\\\",\\n  \\\"vitals.v0/category|value\\\": \\\"event\\\",\\n  \\\"vitals.v0/category|terminology\\\": \\\"openehr\\\",\\n  \\\"vitals.v0/context/start_time\\\": \\\"2021-07-06T17:40:50.231Z\\\",\\n  \\\"vitals.v0/context/setting|code\\\": \\\"238\\\",\\n  \\\"vitals.v0/context/setting|value\\\": \\\"other care\\\",\\n  \\\"vitals.v0/context/setting|terminology\\\": \\\"openehr\\\",\\n  \\\"vitals.v0/vitals/body_temperature/any_event:0/temperature|unit\\\": \\\"[degF]\\\",\\n  \\\"vitals.v0/vitals/body_temperature/any_event:0/temperature|magnitude\\\": 31,\\n  \\\"vitals.v0/vitals/body_temperature/any_event:0/time\\\": \\\"2021-07-06T17:40:50.231Z\\\",\\n  \\\"vitals.v0/vitals/body_temperature/language|code\\\": \\\"en\\\",\\n  \\\"vitals.v0/vitals/body_temperature/language|terminology\\\": \\\"ISO_639-1\\\",\\n  \\\"vitals.v0/vitals/body_temperature/encoding|code\\\": \\\"UTF-8\\\",\\n  \\\"vitals.v0/vitals/body_temperature/encoding|terminology\\\": \\\"IANA_character-sets\\\",\\n  \\\"vitals.v0/vitals/blood_pressure/any_event:0/systolic|unit\\\": \\\"mm[Hg]\\\",\\n  \\\"vitals.v0/vitals/blood_pressure/any_event:0/systolic|magnitude\\\": 31,\\n  \\\"vitals.v0/vitals/blood_pressure/any_event:0/diastolic|unit\\\": \\\"mm[Hg]\\\",\\n  \\\"vitals.v0/vitals/blood_pressure/any_event:0/diastolic|magnitude\\\": 31,\\n  \\\"vitals.v0/vitals/blood_pressure/any_event:0/time\\\": \\\"2021-07-06T17:40:50.234Z\\\",\\n  \\\"vitals.v0/vitals/blood_pressure/language|code\\\": \\\"en\\\",\\n  \\\"vitals.v0/vitals/blood_pressure/language|terminology\\\": \\\"ISO_639-1\\\",\\n  \\\"vitals.v0/vitals/blood_pressure/encoding|code\\\": \\\"UTF-8\\\",\\n  \\\"vitals.v0/vitals/blood_pressure/encoding|terminology\\\": \\\"IANA_character-sets\\\",\\n  \\\"vitals.v0/vitals/pulse_oximetry/any_event:0/inspired_oxygen/on_air\\\": false,\\n  \\\"vitals.v0/vitals/pulse_oximetry/any_event:0/time\\\": \\\"2021-07-06T17:40:50.231Z\\\",\\n  \\\"vitals.v0/vitals/pulse_oximetry/language|code\\\": \\\"en\\\",\\n  \\\"vitals.v0/vitals/pulse_oximetry/language|terminology\\\": \\\"ISO_639-1\\\",\\n  \\\"vitals.v0/vitals/pulse_oximetry/encoding|code\\\": \\\"UTF-8\\\",\\n  \\\"vitals.v0/vitals/pulse_oximetry/encoding|terminology\\\": \\\"IANA_character-sets\\\",\\n  \\\"vitals.v0/composer|name\\\": \\\"Medblocks UI\\\",\\n  \\\"vitals.v0/language|code\\\": \\\"en\\\",\\n  \\\"vitals.v0/language|terminology\\\": \\\"ISO_639-1\\\",\\n  \\\"vitals.v0/territory|code\\\": \\\"IN\\\",\\n  \\\"vitals.v0/territory|terminology\\\": \\\"ISO_3166-1\\\"\\n}\"\n}",
              "code": "",
              "err": {
                "message": "CypressError: `cy.request()` timed out waiting `5000ms` for a response from your server.\n\nThe request we sent was:\n\nMethod: POST\nURL: http://localhost:5001/ehrbase/rest/ecis/v1/composition\n\nNo response was received within the timeout.\n\nhttps://on.cypress.io/request",
                "estack": "CypressError: `cy.request()` timed out waiting `5000ms` for a response from your server.\n\nThe request we sent was:\n\nMethod: POST\nURL: http://localhost:5001/ehrbase/rest/ecis/v1/composition\n\nNo response was received within the timeout.\n\nhttps://on.cypress.io/request\n    at http://localhost:60068/__cypress/runner/cypress_runner.js:140183:19\n    at tryCatcher (http://localhost:60068/__cypress/runner/cypress_runner.js:10798:23)\n    at http://localhost:60068/__cypress/runner/cypress_runner.js:5920:41\n    at tryCatcher (http://localhost:60068/__cypress/runner/cypress_runner.js:10798:23)\n    at Promise._settlePromiseFromHandler (http://localhost:60068/__cypress/runner/cypress_runner.js:8733:31)\n    at Promise._settlePromise (http://localhost:60068/__cypress/runner/cypress_runner.js:8790:18)\n    at Promise._settlePromise0 (http://localhost:60068/__cypress/runner/cypress_runner.js:8835:10)\n    at Promise._settlePromises (http://localhost:60068/__cypress/runner/cypress_runner.js:8911:18)\n    at _drainQueueStep (http://localhost:60068/__cypress/runner/cypress_runner.js:5505:12)\n    at _drainQueue (http://localhost:60068/__cypress/runner/cypress_runner.js:5498:9)\n    at Async.../../node_modules/bluebird/js/release/async.js.Async._drainQueues (http://localhost:60068/__cypress/runner/cypress_runner.js:5514:5)\n    at Async.drainQueues (http://localhost:60068/__cypress/runner/cypress_runner.js:5384:14)\nFrom Your Spec Code:\n    at Context.eval (http://localhost:60068/__cypress/tests?p=cypress\\integration\\requests.spec.js:216:10)",
                "diff": null
              },
              "uuid": "69790ea2-6196-4384-9318-49e97e53ec71",
              "parentUUID": "2ff1cdae-bb1c-4e46-8b47-bd08f4d227db",
              "isHook": false,
              "skipped": false
            },
            {
              "title": "Composition 16",
              "fullTitle": "Compositions against EHRbase Composition 16",
              "timedOut": null,
              "duration": 5649,
              "state": "failed",
              "speed": null,
              "pass": false,
              "fail": true,
              "pending": false,
              "context": "{\n  \"title\": \"Composition 16\",\n  \"value\": \"{\\n  \\\"vitals.v0/category|code\\\": \\\"433\\\",\\n  \\\"vitals.v0/category|value\\\": \\\"event\\\",\\n  \\\"vitals.v0/category|terminology\\\": \\\"openehr\\\",\\n  \\\"vitals.v0/context/start_time\\\": \\\"2021-07-06T17:40:50.231Z\\\",\\n  \\\"vitals.v0/context/setting|code\\\": \\\"238\\\",\\n  \\\"vitals.v0/context/setting|value\\\": \\\"other care\\\",\\n  \\\"vitals.v0/context/setting|terminology\\\": \\\"openehr\\\",\\n  \\\"vitals.v0/vitals/body_temperature/any_event:0/temperature|unit\\\": \\\"[degF]\\\",\\n  \\\"vitals.v0/vitals/body_temperature/any_event:0/temperature|magnitude\\\": 31,\\n  \\\"vitals.v0/vitals/body_temperature/any_event:0/time\\\": \\\"2021-07-06T17:40:50.231Z\\\",\\n  \\\"vitals.v0/vitals/body_temperature/language|code\\\": \\\"en\\\",\\n  \\\"vitals.v0/vitals/body_temperature/language|terminology\\\": \\\"ISO_639-1\\\",\\n  \\\"vitals.v0/vitals/body_temperature/encoding|code\\\": \\\"UTF-8\\\",\\n  \\\"vitals.v0/vitals/body_temperature/encoding|terminology\\\": \\\"IANA_character-sets\\\",\\n  \\\"vitals.v0/vitals/blood_pressure/any_event:0/systolic|unit\\\": \\\"mm[Hg]\\\",\\n  \\\"vitals.v0/vitals/blood_pressure/any_event:0/systolic|magnitude\\\": 31,\\n  \\\"vitals.v0/vitals/blood_pressure/any_event:0/time\\\": \\\"2021-07-06T17:40:50.234Z\\\",\\n  \\\"vitals.v0/vitals/blood_pressure/language|code\\\": \\\"en\\\",\\n  \\\"vitals.v0/vitals/blood_pressure/language|terminology\\\": \\\"ISO_639-1\\\",\\n  \\\"vitals.v0/vitals/blood_pressure/encoding|code\\\": \\\"UTF-8\\\",\\n  \\\"vitals.v0/vitals/blood_pressure/encoding|terminology\\\": \\\"IANA_character-sets\\\",\\n  \\\"vitals.v0/vitals/pulse_oximetry/any_event:0/inspired_oxygen/on_air\\\": false,\\n  \\\"vitals.v0/vitals/pulse_oximetry/any_event:0/time\\\": \\\"2021-07-06T17:40:50.231Z\\\",\\n  \\\"vitals.v0/vitals/pulse_oximetry/language|code\\\": \\\"en\\\",\\n  \\\"vitals.v0/vitals/pulse_oximetry/language|terminology\\\": \\\"ISO_639-1\\\",\\n  \\\"vitals.v0/vitals/pulse_oximetry/encoding|code\\\": \\\"UTF-8\\\",\\n  \\\"vitals.v0/vitals/pulse_oximetry/encoding|terminology\\\": \\\"IANA_character-sets\\\",\\n  \\\"vitals.v0/composer|name\\\": \\\"Medblocks UI\\\",\\n  \\\"vitals.v0/language|code\\\": \\\"en\\\",\\n  \\\"vitals.v0/language|terminology\\\": \\\"ISO_639-1\\\",\\n  \\\"vitals.v0/territory|code\\\": \\\"IN\\\",\\n  \\\"vitals.v0/territory|terminology\\\": \\\"ISO_3166-1\\\"\\n}\"\n}",
              "code": "",
              "err": {
                "message": "CypressError: `cy.request()` timed out waiting `5000ms` for a response from your server.\n\nThe request we sent was:\n\nMethod: POST\nURL: http://localhost:5001/ehrbase/rest/ecis/v1/composition\n\nNo response was received within the timeout.\n\nhttps://on.cypress.io/request",
                "estack": "CypressError: `cy.request()` timed out waiting `5000ms` for a response from your server.\n\nThe request we sent was:\n\nMethod: POST\nURL: http://localhost:5001/ehrbase/rest/ecis/v1/composition\n\nNo response was received within the timeout.\n\nhttps://on.cypress.io/request\n    at http://localhost:60068/__cypress/runner/cypress_runner.js:140183:19\n    at tryCatcher (http://localhost:60068/__cypress/runner/cypress_runner.js:10798:23)\n    at http://localhost:60068/__cypress/runner/cypress_runner.js:5920:41\n    at tryCatcher (http://localhost:60068/__cypress/runner/cypress_runner.js:10798:23)\n    at Promise._settlePromiseFromHandler (http://localhost:60068/__cypress/runner/cypress_runner.js:8733:31)\n    at Promise._settlePromise (http://localhost:60068/__cypress/runner/cypress_runner.js:8790:18)\n    at Promise._settlePromise0 (http://localhost:60068/__cypress/runner/cypress_runner.js:8835:10)\n    at Promise._settlePromises (http://localhost:60068/__cypress/runner/cypress_runner.js:8911:18)\n    at _drainQueueStep (http://localhost:60068/__cypress/runner/cypress_runner.js:5505:12)\n    at _drainQueue (http://localhost:60068/__cypress/runner/cypress_runner.js:5498:9)\n    at Async.../../node_modules/bluebird/js/release/async.js.Async._drainQueues (http://localhost:60068/__cypress/runner/cypress_runner.js:5514:5)\n    at Async.drainQueues (http://localhost:60068/__cypress/runner/cypress_runner.js:5384:14)\nFrom Your Spec Code:\n    at Context.eval (http://localhost:60068/__cypress/tests?p=cypress\\integration\\requests.spec.js:216:10)",
                "diff": null
              },
              "uuid": "f77a97d3-8e2f-4198-9bf0-180036dca748",
              "parentUUID": "2ff1cdae-bb1c-4e46-8b47-bd08f4d227db",
              "isHook": false,
              "skipped": false
            },
            {
              "title": "Composition 17",
              "fullTitle": "Compositions against EHRbase Composition 17",
              "timedOut": null,
              "duration": 5689,
              "state": "failed",
              "speed": null,
              "pass": false,
              "fail": true,
              "pending": false,
              "context": "{\n  \"title\": \"Composition 17\",\n  \"value\": \"{\\n  \\\"vitals.v0/category|code\\\": \\\"433\\\",\\n  \\\"vitals.v0/category|value\\\": \\\"event\\\",\\n  \\\"vitals.v0/category|terminology\\\": \\\"openehr\\\",\\n  \\\"vitals.v0/context/start_time\\\": \\\"2021-07-06T17:40:50.231Z\\\",\\n  \\\"vitals.v0/context/setting|code\\\": \\\"238\\\",\\n  \\\"vitals.v0/context/setting|value\\\": \\\"other care\\\",\\n  \\\"vitals.v0/context/setting|terminology\\\": \\\"openehr\\\",\\n  \\\"vitals.v0/vitals/body_temperature/any_event:0/temperature|unit\\\": \\\"[degF]\\\",\\n  \\\"vitals.v0/vitals/body_temperature/any_event:0/temperature|magnitude\\\": 31,\\n  \\\"vitals.v0/vitals/body_temperature/any_event:0/time\\\": \\\"2021-07-06T17:40:50.231Z\\\",\\n  \\\"vitals.v0/vitals/body_temperature/language|code\\\": \\\"en\\\",\\n  \\\"vitals.v0/vitals/body_temperature/language|terminology\\\": \\\"ISO_639-1\\\",\\n  \\\"vitals.v0/vitals/body_temperature/encoding|code\\\": \\\"UTF-8\\\",\\n  \\\"vitals.v0/vitals/body_temperature/encoding|terminology\\\": \\\"IANA_character-sets\\\",\\n  \\\"vitals.v0/vitals/pulse_oximetry/any_event:0/inspired_oxygen/on_air\\\": false,\\n  \\\"vitals.v0/vitals/pulse_oximetry/any_event:0/time\\\": \\\"2021-07-06T17:40:50.231Z\\\",\\n  \\\"vitals.v0/vitals/pulse_oximetry/language|code\\\": \\\"en\\\",\\n  \\\"vitals.v0/vitals/pulse_oximetry/language|terminology\\\": \\\"ISO_639-1\\\",\\n  \\\"vitals.v0/vitals/pulse_oximetry/encoding|code\\\": \\\"UTF-8\\\",\\n  \\\"vitals.v0/vitals/pulse_oximetry/encoding|terminology\\\": \\\"IANA_character-sets\\\",\\n  \\\"vitals.v0/composer|name\\\": \\\"Medblocks UI\\\",\\n  \\\"vitals.v0/language|code\\\": \\\"en\\\",\\n  \\\"vitals.v0/language|terminology\\\": \\\"ISO_639-1\\\",\\n  \\\"vitals.v0/territory|code\\\": \\\"IN\\\",\\n  \\\"vitals.v0/territory|terminology\\\": \\\"ISO_3166-1\\\"\\n}\"\n}",
              "code": "",
              "err": {
                "message": "CypressError: `cy.request()` timed out waiting `5000ms` for a response from your server.\n\nThe request we sent was:\n\nMethod: POST\nURL: http://localhost:5001/ehrbase/rest/ecis/v1/composition\n\nNo response was received within the timeout.\n\nhttps://on.cypress.io/request",
                "estack": "CypressError: `cy.request()` timed out waiting `5000ms` for a response from your server.\n\nThe request we sent was:\n\nMethod: POST\nURL: http://localhost:5001/ehrbase/rest/ecis/v1/composition\n\nNo response was received within the timeout.\n\nhttps://on.cypress.io/request\n    at http://localhost:60068/__cypress/runner/cypress_runner.js:140183:19\n    at tryCatcher (http://localhost:60068/__cypress/runner/cypress_runner.js:10798:23)\n    at http://localhost:60068/__cypress/runner/cypress_runner.js:5920:41\n    at tryCatcher (http://localhost:60068/__cypress/runner/cypress_runner.js:10798:23)\n    at Promise._settlePromiseFromHandler (http://localhost:60068/__cypress/runner/cypress_runner.js:8733:31)\n    at Promise._settlePromise (http://localhost:60068/__cypress/runner/cypress_runner.js:8790:18)\n    at Promise._settlePromise0 (http://localhost:60068/__cypress/runner/cypress_runner.js:8835:10)\n    at Promise._settlePromises (http://localhost:60068/__cypress/runner/cypress_runner.js:8911:18)\n    at _drainQueueStep (http://localhost:60068/__cypress/runner/cypress_runner.js:5505:12)\n    at _drainQueue (http://localhost:60068/__cypress/runner/cypress_runner.js:5498:9)\n    at Async.../../node_modules/bluebird/js/release/async.js.Async._drainQueues (http://localhost:60068/__cypress/runner/cypress_runner.js:5514:5)\n    at Async.drainQueues (http://localhost:60068/__cypress/runner/cypress_runner.js:5384:14)\nFrom Your Spec Code:\n    at Context.eval (http://localhost:60068/__cypress/tests?p=cypress\\integration\\requests.spec.js:216:10)",
                "diff": null
              },
              "uuid": "68f9391a-5a35-451f-be65-7921dd6fc462",
              "parentUUID": "2ff1cdae-bb1c-4e46-8b47-bd08f4d227db",
              "isHook": false,
              "skipped": false
            }
          ],
          "suites": [],
          "passes": [
            "99518b75-5f0c-4dd9-a897-3607cbb85eac",
            "a5d6dbcb-631d-4d5c-bfa4-0ab4547e4381",
            "83d32da4-a4b7-4d70-aac7-7b9520ec1c5d",
            "fc397ec5-5e1d-4f29-a6f8-6e8ad34e2cd3",
            "8f473ba5-725b-4799-b677-12cc3c2cc32d",
            "c963c79a-2036-42fc-a86f-67837400a702",
            "989d8932-55a3-4dd8-a89b-cb843345f01c",
            "bd082f76-67e4-42a6-8b3f-5be406aac76e",
            "703227f3-875c-4f0f-aaf2-a1db9c27190a",
            "7c474454-ca9a-4338-a0bd-990e54e904db",
            "eeb085e3-238b-4208-b6f9-2ef38e4b9c0c",
            "14b2ee4c-e3fd-4ff3-b177-be0141e52bf3"
          ],
          "failures": [
            "a5481a95-f20d-44ae-9603-6e8469fa9808",
            "3f2adff2-d9a4-4e55-9a4a-c16339871cad",
            "69790ea2-6196-4384-9318-49e97e53ec71",
            "f77a97d3-8e2f-4198-9bf0-180036dca748",
            "68f9391a-5a35-451f-be65-7921dd6fc462"
          ],
          "pending": [],
          "skipped": [],
          "duration": 32098,
          "root": false,
          "rootEmpty": false,
          "_timeout": 2000
        }
      ],
      "passes": [],
      "failures": [],
      "pending": [],
      "skipped": [],
      "duration": 0,
      "root": true,
      "rootEmpty": true,
      "_timeout": 2000
    }
  ],
  "meta": {
    "mocha": {
      "version": "7.0.1"
    },
    "mochawesome": {
      "options": {
        "quiet": true,
        "reportFilename": "mochawesome",
        "saveHtml": true,
        "saveJson": true,
        "consoleReporter": "spec",
        "useInlineDiffs": false,
        "code": false
      },
      "version": "6.2.2"
    },
    "marge": {
      "options": {
        "quiet": true,
        "json": true,
        "html": true,
        "code": false
      },
      "version": "5.2.0"
    }
  }
}